[ 2018-06-28T10:24:35+08:00 ] ::1 /thinkphp_hotel/index.php/Home/Index/
INFO: [ app_init ] --START--
INFO: Run Behavior\BuildLiteBehavior [ RunTime:0.000015s ]
INFO: [ app_init ] --END-- [ RunTime:0.000415s ]
INFO: [ app_begin ] --START--
INFO: Run Behavior\ReadHtmlCacheBehavior [ RunTime:0.000863s ]
INFO: [ app_begin ] --END-- [ RunTime:0.000919s ]
INFO: [ view_parse ] --START--
INFO: [ template_filter ] --START--
INFO: Run Behavior\ContentReplaceBehavior [ RunTime:0.000135s ]
INFO: [ template_filter ] --END-- [ RunTime:0.000202s ]
INFO: Run Behavior\ParseTemplateBehavior [ RunTime:0.061944s ]
INFO: [ view_parse ] --END-- [ RunTime:0.062073s ]
INFO: [ view_filter ] --START--
INFO: Run Behavior\WriteHtmlCacheBehavior [ RunTime:0.000918s ]
INFO: [ view_filter ] --END-- [ RunTime:0.000971s ]
INFO: [ app_end ] --START--
INFO: Run Behavior\ShowPageTraceBehavior [ RunTime:0.001920s ]
INFO: [ app_end ] --END-- [ RunTime:0.001994s ]

[ 2018-06-28T10:24:43+08:00 ] ::1 /thinkphp_hotel/index.php/Home/index
INFO: [ app_init ] --START--
INFO: Run Behavior\BuildLiteBehavior [ RunTime:0.000013s ]
INFO: [ app_init ] --END-- [ RunTime:0.000401s ]
INFO: [ app_begin ] --START--
INFO: Run Behavior\ReadHtmlCacheBehavior [ RunTime:0.002596s ]
INFO: [ app_begin ] --END-- [ RunTime:0.002895s ]
INFO: [ view_parse ] --START--
INFO: [ template_filter ] --START--
INFO: Run Behavior\ContentReplaceBehavior [ RunTime:0.000136s ]
INFO: [ template_filter ] --END-- [ RunTime:0.000246s ]
INFO: Run Behavior\ParseTemplateBehavior [ RunTime:0.039470s ]
INFO: [ view_parse ] --END-- [ RunTime:0.039542s ]
INFO: [ view_filter ] --START--
INFO: Run Behavior\WriteHtmlCacheBehavior [ RunTime:0.000596s ]
INFO: [ view_filter ] --END-- [ RunTime:0.000631s ]
INFO: [ app_end ] --START--
INFO: Run Behavior\ShowPageTraceBehavior [ RunTime:0.004643s ]
INFO: [ app_end ] --END-- [ RunTime:0.004736s ]

[ 2018-06-28T10:24:49+08:00 ] ::1 /thinkphp_hotel/index.php/Home/Onlinebook/
INFO: [ app_init ] --START--
INFO: Run Behavior\BuildLiteBehavior [ RunTime:0.000014s ]
INFO: [ app_init ] --END-- [ RunTime:0.000390s ]
INFO: [ app_begin ] --START--
INFO: Run Behavior\ReadHtmlCacheBehavior [ RunTime:0.002219s ]
INFO: [ app_begin ] --END-- [ RunTime:0.002336s ]
INFO: [ view_parse ] --START--
INFO: [ template_filter ] --START--
INFO: Run Behavior\ContentReplaceBehavior [ RunTime:0.000082s ]
INFO: [ template_filter ] --END-- [ RunTime:0.000148s ]
INFO: Run Behavior\ParseTemplateBehavior [ RunTime:0.017805s ]
INFO: [ view_parse ] --END-- [ RunTime:0.017869s ]
INFO: [ view_filter ] --START--
INFO: Run Behavior\WriteHtmlCacheBehavior [ RunTime:0.000560s ]
INFO: [ view_filter ] --END-- [ RunTime:0.000595s ]
INFO: [ app_end ] --START--
INFO: Run Behavior\ShowPageTraceBehavior [ RunTime:0.000817s ]
INFO: [ app_end ] --END-- [ RunTime:0.000856s ]

[ 2018-06-28T10:24:52+08:00 ] ::1 /thinkphp_hotel/index.php/Home/Onlinebook/Onlinebook
INFO: [ app_init ] --START--
INFO: Run Behavior\BuildLiteBehavior [ RunTime:0.000024s ]
INFO: [ app_init ] --END-- [ RunTime:0.000875s ]
INFO: [ app_begin ] --START--
INFO: Run Behavior\ReadHtmlCacheBehavior [ RunTime:0.001412s ]
INFO: [ app_begin ] --END-- [ RunTime:0.001539s ]
SQL: SHOW COLUMNS FROM `room` [ RunTime:0.0332s ]
SQL: SHOW COLUMNS FROM `roomtype` [ RunTime:0.0256s ]
SQL: SELECT room.roomid AS roomid,room.location AS location,room.typeid AS typeid,room.status AS status,roomtype.area AS area,roomtype.typename AS typename,roomtype.bednum AS bednum,roomtype.hasFood AS hasFood,roomtype.hasNet AS hasNet,roomtype.hasTV AS hasTV,roomtype.hasWC AS hasWC,roomtype.price AS price,roomtype.leftnum AS leftnum FROM room room  JOIN roomtype roomtype ON room.typeid=roomtype.typeid WHERE ( leftnum>0 and room.roomid not in (select roomid from orders where ostatus='是') ) AND room.status = '否' AND roomtype.typename LIKE '%%'  [ RunTime:0.0082s ]
SQL: SELECT COUNT(*) AS tp_count FROM room room  JOIN roomtype roomtype ON room.typeid=roomtype.typeid WHERE ( leftnum>0 and room.roomid not in (select roomid from orders where ostatus='是') ) AND room.status = '否' AND roomtype.typename LIKE '%%' LIMIT 1   [ RunTime:0.0009s ]
SQL: SELECT room.roomid AS roomid,room.location AS location,room.typeid AS typeid,room.status AS status,roomtype.area AS area,roomtype.typename AS typename,roomtype.bednum AS bednum,roomtype.hasFood AS hasFood,roomtype.hasNet AS hasNet,roomtype.hasTV AS hasTV,roomtype.hasWC AS hasWC,roomtype.price AS price,roomtype.leftnum AS leftnum FROM room room  JOIN roomtype roomtype ON room.typeid=roomtype.typeid WHERE ( leftnum>0 and room.roomid not in (select roomid from orders where ostatus='是') ) AND room.status = '否' AND roomtype.typename LIKE '%%' LIMIT 0,10   [ RunTime:0.0008s ]
INFO: [ view_parse ] --START--
INFO: [ template_filter ] --START--
INFO: Run Behavior\ContentReplaceBehavior [ RunTime:0.000066s ]
INFO: [ template_filter ] --END-- [ RunTime:0.000114s ]
INFO: Run Behavior\ParseTemplateBehavior [ RunTime:0.031718s ]
INFO: [ view_parse ] --END-- [ RunTime:0.031778s ]
INFO: [ view_filter ] --START--
INFO: Run Behavior\WriteHtmlCacheBehavior [ RunTime:0.000676s ]
INFO: [ view_filter ] --END-- [ RunTime:0.000715s ]
INFO: [ app_end ] --START--
INFO: Run Behavior\ShowPageTraceBehavior [ RunTime:0.001398s ]
INFO: [ app_end ] --END-- [ RunTime:0.001469s ]

[ 2018-06-28T10:24:56+08:00 ] ::1 /thinkphp_hotel/index.php/Home/Onlinebook/Onlinebook/p/2.html
INFO: [ app_init ] --START--
INFO: Run Behavior\BuildLiteBehavior [ RunTime:0.000014s ]
INFO: [ app_init ] --END-- [ RunTime:0.000402s ]
INFO: [ app_begin ] --START--
INFO: Run Behavior\ReadHtmlCacheBehavior [ RunTime:0.000819s ]
INFO: [ app_begin ] --END-- [ RunTime:0.000873s ]
SQL: SHOW COLUMNS FROM `room` [ RunTime:0.0241s ]
SQL: SHOW COLUMNS FROM `roomtype` [ RunTime:0.0152s ]
SQL: SELECT room.roomid AS roomid,room.location AS location,room.typeid AS typeid,room.status AS status,roomtype.area AS area,roomtype.typename AS typename,roomtype.bednum AS bednum,roomtype.hasFood AS hasFood,roomtype.hasNet AS hasNet,roomtype.hasTV AS hasTV,roomtype.hasWC AS hasWC,roomtype.price AS price,roomtype.leftnum AS leftnum FROM room room  JOIN roomtype roomtype ON room.typeid=roomtype.typeid WHERE ( leftnum>0 and room.roomid not in (select roomid from orders where ostatus='是') ) AND room.status = '否' AND roomtype.typename LIKE '%%'  [ RunTime:0.0008s ]
SQL: SELECT COUNT(*) AS tp_count FROM room room  JOIN roomtype roomtype ON room.typeid=roomtype.typeid WHERE ( leftnum>0 and room.roomid not in (select roomid from orders where ostatus='是') ) AND room.status = '否' AND roomtype.typename LIKE '%%' LIMIT 1   [ RunTime:0.0005s ]
SQL: SELECT room.roomid AS roomid,room.location AS location,room.typeid AS typeid,room.status AS status,roomtype.area AS area,roomtype.typename AS typename,roomtype.bednum AS bednum,roomtype.hasFood AS hasFood,roomtype.hasNet AS hasNet,roomtype.hasTV AS hasTV,roomtype.hasWC AS hasWC,roomtype.price AS price,roomtype.leftnum AS leftnum FROM room room  JOIN roomtype roomtype ON room.typeid=roomtype.typeid WHERE ( leftnum>0 and room.roomid not in (select roomid from orders where ostatus='是') ) AND room.status = '否' AND roomtype.typename LIKE '%%' LIMIT 10,10   [ RunTime:0.0008s ]
INFO: [ view_parse ] --START--
INFO: [ template_filter ] --START--
INFO: Run Behavior\ContentReplaceBehavior [ RunTime:0.000067s ]
INFO: [ template_filter ] --END-- [ RunTime:0.000116s ]
INFO: Run Behavior\ParseTemplateBehavior [ RunTime:0.011431s ]
INFO: [ view_parse ] --END-- [ RunTime:0.011517s ]
INFO: [ view_filter ] --START--
INFO: Run Behavior\WriteHtmlCacheBehavior [ RunTime:0.000569s ]
INFO: [ view_filter ] --END-- [ RunTime:0.000606s ]
INFO: [ app_end ] --START--
INFO: Run Behavior\ShowPageTraceBehavior [ RunTime:0.001017s ]
INFO: [ app_end ] --END-- [ RunTime:0.001056s ]

[ 2018-06-28T10:24:59+08:00 ] ::1 /thinkphp_hotel/index.php/Home/Onlinebook/Onlinebook/p/1.html
INFO: [ app_init ] --START--
INFO: Run Behavior\BuildLiteBehavior [ RunTime:0.000015s ]
INFO: [ app_init ] --END-- [ RunTime:0.000448s ]
INFO: [ app_begin ] --START--
INFO: Run Behavior\ReadHtmlCacheBehavior [ RunTime:0.000878s ]
INFO: [ app_begin ] --END-- [ RunTime:0.000942s ]
SQL: SHOW COLUMNS FROM `room` [ RunTime:0.0195s ]
SQL: SHOW COLUMNS FROM `roomtype` [ RunTime:0.0163s ]
SQL: SELECT room.roomid AS roomid,room.location AS location,room.typeid AS typeid,room.status AS status,roomtype.area AS area,roomtype.typename AS typename,roomtype.bednum AS bednum,roomtype.hasFood AS hasFood,roomtype.hasNet AS hasNet,roomtype.hasTV AS hasTV,roomtype.hasWC AS hasWC,roomtype.price AS price,roomtype.leftnum AS leftnum FROM room room  JOIN roomtype roomtype ON room.typeid=roomtype.typeid WHERE ( leftnum>0 and room.roomid not in (select roomid from orders where ostatus='是') ) AND room.status = '否' AND roomtype.typename LIKE '%%'  [ RunTime:0.0007s ]
SQL: SELECT COUNT(*) AS tp_count FROM room room  JOIN roomtype roomtype ON room.typeid=roomtype.typeid WHERE ( leftnum>0 and room.roomid not in (select roomid from orders where ostatus='是') ) AND room.status = '否' AND roomtype.typename LIKE '%%' LIMIT 1   [ RunTime:0.0005s ]
SQL: SELECT room.roomid AS roomid,room.location AS location,room.typeid AS typeid,room.status AS status,roomtype.area AS area,roomtype.typename AS typename,roomtype.bednum AS bednum,roomtype.hasFood AS hasFood,roomtype.hasNet AS hasNet,roomtype.hasTV AS hasTV,roomtype.hasWC AS hasWC,roomtype.price AS price,roomtype.leftnum AS leftnum FROM room room  JOIN roomtype roomtype ON room.typeid=roomtype.typeid WHERE ( leftnum>0 and room.roomid not in (select roomid from orders where ostatus='是') ) AND room.status = '否' AND roomtype.typename LIKE '%%' LIMIT 0,10   [ RunTime:0.0010s ]
INFO: [ view_parse ] --START--
INFO: [ template_filter ] --START--
INFO: Run Behavior\ContentReplaceBehavior [ RunTime:0.000062s ]
INFO: [ template_filter ] --END-- [ RunTime:0.000105s ]
INFO: Run Behavior\ParseTemplateBehavior [ RunTime:0.010891s ]
INFO: [ view_parse ] --END-- [ RunTime:0.010968s ]
INFO: [ view_filter ] --START--
INFO: Run Behavior\WriteHtmlCacheBehavior [ RunTime:0.000571s ]
INFO: [ view_filter ] --END-- [ RunTime:0.000605s ]
INFO: [ app_end ] --START--
INFO: Run Behavior\ShowPageTraceBehavior [ RunTime:0.000834s ]
INFO: [ app_end ] --END-- [ RunTime:0.000875s ]

[ 2018-06-28T10:25:00+08:00 ] ::1 /thinkphp_hotel/index.php/Home/Onlinebook/Onlinebook/p/1.html
INFO: [ app_init ] --START--
INFO: Run Behavior\BuildLiteBehavior [ RunTime:0.000014s ]
INFO: [ app_init ] --END-- [ RunTime:0.000517s ]
INFO: [ app_begin ] --START--
INFO: Run Behavior\ReadHtmlCacheBehavior [ RunTime:0.000812s ]
INFO: [ app_begin ] --END-- [ RunTime:0.000891s ]
SQL: SHOW COLUMNS FROM `room` [ RunTime:0.0226s ]
SQL: SHOW COLUMNS FROM `roomtype` [ RunTime:0.0173s ]
SQL: SELECT room.roomid AS roomid,room.location AS location,room.typeid AS typeid,room.status AS status,roomtype.area AS area,roomtype.typename AS typename,roomtype.bednum AS bednum,roomtype.hasFood AS hasFood,roomtype.hasNet AS hasNet,roomtype.hasTV AS hasTV,roomtype.hasWC AS hasWC,roomtype.price AS price,roomtype.leftnum AS leftnum FROM room room  JOIN roomtype roomtype ON room.typeid=roomtype.typeid WHERE ( leftnum>0 and room.roomid not in (select roomid from orders where ostatus='是') ) AND room.status = '否' AND roomtype.typename LIKE '%%'  [ RunTime:0.0008s ]
SQL: SELECT COUNT(*) AS tp_count FROM room room  JOIN roomtype roomtype ON room.typeid=roomtype.typeid WHERE ( leftnum>0 and room.roomid not in (select roomid from orders where ostatus='是') ) AND room.status = '否' AND roomtype.typename LIKE '%%' LIMIT 1   [ RunTime:0.0005s ]
SQL: SELECT room.roomid AS roomid,room.location AS location,room.typeid AS typeid,room.status AS status,roomtype.area AS area,roomtype.typename AS typename,roomtype.bednum AS bednum,roomtype.hasFood AS hasFood,roomtype.hasNet AS hasNet,roomtype.hasTV AS hasTV,roomtype.hasWC AS hasWC,roomtype.price AS price,roomtype.leftnum AS leftnum FROM room room  JOIN roomtype roomtype ON room.typeid=roomtype.typeid WHERE ( leftnum>0 and room.roomid not in (select roomid from orders where ostatus='是') ) AND room.status = '否' AND roomtype.typename LIKE '%%' LIMIT 0,10   [ RunTime:0.0007s ]
INFO: [ view_parse ] --START--
INFO: [ template_filter ] --START--
INFO: Run Behavior\ContentReplaceBehavior [ RunTime:0.000151s ]
INFO: [ template_filter ] --END-- [ RunTime:0.000229s ]
INFO: Run Behavior\ParseTemplateBehavior [ RunTime:0.012152s ]
INFO: [ view_parse ] --END-- [ RunTime:0.012227s ]
INFO: [ view_filter ] --START--
INFO: Run Behavior\WriteHtmlCacheBehavior [ RunTime:0.000587s ]
INFO: [ view_filter ] --END-- [ RunTime:0.000635s ]
INFO: [ app_end ] --START--
INFO: Run Behavior\ShowPageTraceBehavior [ RunTime:0.001075s ]
INFO: [ app_end ] --END-- [ RunTime:0.001146s ]

[ 2018-06-28T12:18:18+08:00 ] ::1 /thinkphp_hotel/index.php
INFO: [ app_init ] --START--
INFO: Run Behavior\BuildLiteBehavior [ RunTime:0.000016s ]
INFO: [ app_init ] --END-- [ RunTime:0.000491s ]
INFO: [ app_begin ] --START--
INFO: Run Behavior\ReadHtmlCacheBehavior [ RunTime:0.000876s ]
INFO: [ app_begin ] --END-- [ RunTime:0.000941s ]
INFO: [ view_parse ] --START--
INFO: [ template_filter ] --START--
INFO: Run Behavior\ContentReplaceBehavior [ RunTime:0.000085s ]
INFO: [ template_filter ] --END-- [ RunTime:0.000133s ]
INFO: Run Behavior\ParseTemplateBehavior [ RunTime:0.034203s ]
INFO: [ view_parse ] --END-- [ RunTime:0.034294s ]
INFO: [ view_filter ] --START--
INFO: Run Behavior\WriteHtmlCacheBehavior [ RunTime:0.001265s ]
INFO: [ view_filter ] --END-- [ RunTime:0.001337s ]
INFO: [ app_end ] --START--
INFO: Run Behavior\ShowPageTraceBehavior [ RunTime:0.000789s ]
INFO: [ app_end ] --END-- [ RunTime:0.000832s ]

[ 2018-06-28T14:32:35+08:00 ] ::1 /thinkphp_hotel/index.php/Home/Index/
INFO: [ app_init ] --START--
INFO: Run Behavior\BuildLiteBehavior [ RunTime:0.000018s ]
INFO: [ app_init ] --END-- [ RunTime:0.000879s ]
INFO: [ app_begin ] --START--
INFO: Run Behavior\ReadHtmlCacheBehavior [ RunTime:0.000894s ]
INFO: [ app_begin ] --END-- [ RunTime:0.000947s ]
INFO: [ view_parse ] --START--
INFO: [ template_filter ] --START--
INFO: Run Behavior\ContentReplaceBehavior [ RunTime:0.000125s ]
INFO: [ template_filter ] --END-- [ RunTime:0.000251s ]
INFO: Run Behavior\ParseTemplateBehavior [ RunTime:0.053762s ]
INFO: [ view_parse ] --END-- [ RunTime:0.053870s ]
INFO: [ view_filter ] --START--
INFO: Run Behavior\WriteHtmlCacheBehavior [ RunTime:0.000576s ]
INFO: [ view_filter ] --END-- [ RunTime:0.000634s ]
INFO: [ app_end ] --START--
INFO: Run Behavior\ShowPageTraceBehavior [ RunTime:0.001575s ]
INFO: [ app_end ] --END-- [ RunTime:0.001660s ]

[ 2018-06-28T14:32:38+08:00 ] ::1 /thinkphp_hotel/index.php/Home/Onlinebook/
INFO: [ app_init ] --START--
INFO: Run Behavior\BuildLiteBehavior [ RunTime:0.000014s ]
INFO: [ app_init ] --END-- [ RunTime:0.000465s ]
INFO: [ app_begin ] --START--
INFO: Run Behavior\ReadHtmlCacheBehavior [ RunTime:0.003099s ]
INFO: [ app_begin ] --END-- [ RunTime:0.003309s ]
INFO: [ view_parse ] --START--
INFO: [ template_filter ] --START--
INFO: Run Behavior\ContentReplaceBehavior [ RunTime:0.000058s ]
INFO: [ template_filter ] --END-- [ RunTime:0.000106s ]
INFO: Run Behavior\ParseTemplateBehavior [ RunTime:0.036522s ]
INFO: [ view_parse ] --END-- [ RunTime:0.036715s ]
INFO: [ view_filter ] --START--
INFO: Run Behavior\WriteHtmlCacheBehavior [ RunTime:0.000604s ]
INFO: [ view_filter ] --END-- [ RunTime:0.000640s ]
INFO: [ app_end ] --START--
INFO: Run Behavior\ShowPageTraceBehavior [ RunTime:0.000823s ]
INFO: [ app_end ] --END-- [ RunTime:0.000859s ]

[ 2018-06-28T14:32:43+08:00 ] ::1 /thinkphp_hotel/index.php/Home/Onlinebook/Onlinebook
INFO: [ app_init ] --START--
INFO: Run Behavior\BuildLiteBehavior [ RunTime:0.000014s ]
INFO: [ app_init ] --END-- [ RunTime:0.000469s ]
INFO: [ app_begin ] --START--
INFO: Run Behavior\ReadHtmlCacheBehavior [ RunTime:0.002697s ]
INFO: [ app_begin ] --END-- [ RunTime:0.002822s ]
SQL: SHOW COLUMNS FROM `room` [ RunTime:0.0202s ]
SQL: SHOW COLUMNS FROM `roomtype` [ RunTime:0.0168s ]
SQL: SELECT room.roomid AS roomid,room.location AS location,room.typeid AS typeid,room.status AS status,roomtype.area AS area,roomtype.typename AS typename,roomtype.bednum AS bednum,roomtype.hasFood AS hasFood,roomtype.hasNet AS hasNet,roomtype.hasTV AS hasTV,roomtype.hasWC AS hasWC,roomtype.price AS price,roomtype.leftnum AS leftnum FROM room room  JOIN roomtype roomtype ON room.typeid=roomtype.typeid WHERE ( leftnum>0 and room.roomid not in (select roomid from orders where ostatus='是') ) AND room.status = '否' AND roomtype.typename LIKE '%%'  [ RunTime:0.0011s ]
SQL: SELECT COUNT(*) AS tp_count FROM room room  JOIN roomtype roomtype ON room.typeid=roomtype.typeid WHERE ( leftnum>0 and room.roomid not in (select roomid from orders where ostatus='是') ) AND room.status = '否' AND roomtype.typename LIKE '%%' LIMIT 1   [ RunTime:0.0005s ]
SQL: SELECT room.roomid AS roomid,room.location AS location,room.typeid AS typeid,room.status AS status,roomtype.area AS area,roomtype.typename AS typename,roomtype.bednum AS bednum,roomtype.hasFood AS hasFood,roomtype.hasNet AS hasNet,roomtype.hasTV AS hasTV,roomtype.hasWC AS hasWC,roomtype.price AS price,roomtype.leftnum AS leftnum FROM room room  JOIN roomtype roomtype ON room.typeid=roomtype.typeid WHERE ( leftnum>0 and room.roomid not in (select roomid from orders where ostatus='是') ) AND room.status = '否' AND roomtype.typename LIKE '%%' LIMIT 0,10   [ RunTime:0.0006s ]
INFO: [ view_parse ] --START--
INFO: [ template_filter ] --START--
INFO: Run Behavior\ContentReplaceBehavior [ RunTime:0.000092s ]
INFO: [ template_filter ] --END-- [ RunTime:0.000163s ]
INFO: Run Behavior\ParseTemplateBehavior [ RunTime:0.033161s ]
INFO: [ view_parse ] --END-- [ RunTime:0.033242s ]
INFO: [ view_filter ] --START--
INFO: Run Behavior\WriteHtmlCacheBehavior [ RunTime:0.000769s ]
INFO: [ view_filter ] --END-- [ RunTime:0.000848s ]
INFO: [ app_end ] --START--
INFO: Run Behavior\ShowPageTraceBehavior [ RunTime:0.001364s ]
INFO: [ app_end ] --END-- [ RunTime:0.001439s ]

[ 2018-06-28T14:32:54+08:00 ] ::1 /thinkphp_hotel/index.php/Home/Onlinebook/Onlinebook/p/2.html
INFO: [ app_init ] --START--
INFO: Run Behavior\BuildLiteBehavior [ RunTime:0.000120s ]
INFO: [ app_init ] --END-- [ RunTime:0.001614s ]
INFO: [ app_begin ] --START--
INFO: Run Behavior\ReadHtmlCacheBehavior [ RunTime:0.000873s ]
INFO: [ app_begin ] --END-- [ RunTime:0.000924s ]
SQL: SHOW COLUMNS FROM `room` [ RunTime:0.0214s ]
SQL: SHOW COLUMNS FROM `roomtype` [ RunTime:0.0168s ]
SQL: SELECT room.roomid AS roomid,room.location AS location,room.typeid AS typeid,room.status AS status,roomtype.area AS area,roomtype.typename AS typename,roomtype.bednum AS bednum,roomtype.hasFood AS hasFood,roomtype.hasNet AS hasNet,roomtype.hasTV AS hasTV,roomtype.hasWC AS hasWC,roomtype.price AS price,roomtype.leftnum AS leftnum FROM room room  JOIN roomtype roomtype ON room.typeid=roomtype.typeid WHERE ( leftnum>0 and room.roomid not in (select roomid from orders where ostatus='是') ) AND room.status = '否' AND roomtype.typename LIKE '%%'  [ RunTime:0.0007s ]
SQL: SELECT COUNT(*) AS tp_count FROM room room  JOIN roomtype roomtype ON room.typeid=roomtype.typeid WHERE ( leftnum>0 and room.roomid not in (select roomid from orders where ostatus='是') ) AND room.status = '否' AND roomtype.typename LIKE '%%' LIMIT 1   [ RunTime:0.0004s ]
SQL: SELECT room.roomid AS roomid,room.location AS location,room.typeid AS typeid,room.status AS status,roomtype.area AS area,roomtype.typename AS typename,roomtype.bednum AS bednum,roomtype.hasFood AS hasFood,roomtype.hasNet AS hasNet,roomtype.hasTV AS hasTV,roomtype.hasWC AS hasWC,roomtype.price AS price,roomtype.leftnum AS leftnum FROM room room  JOIN roomtype roomtype ON room.typeid=roomtype.typeid WHERE ( leftnum>0 and room.roomid not in (select roomid from orders where ostatus='是') ) AND room.status = '否' AND roomtype.typename LIKE '%%' LIMIT 10,10   [ RunTime:0.0007s ]
INFO: [ view_parse ] --START--
INFO: [ template_filter ] --START--
INFO: Run Behavior\ContentReplaceBehavior [ RunTime:0.000116s ]
INFO: [ template_filter ] --END-- [ RunTime:0.000159s ]
INFO: Run Behavior\ParseTemplateBehavior [ RunTime:0.011681s ]
INFO: [ view_parse ] --END-- [ RunTime:0.011770s ]
INFO: [ view_filter ] --START--
INFO: Run Behavior\WriteHtmlCacheBehavior [ RunTime:0.000798s ]
INFO: [ view_filter ] --END-- [ RunTime:0.000846s ]
INFO: [ app_end ] --START--
INFO: Run Behavior\ShowPageTraceBehavior [ RunTime:0.001470s ]
INFO: [ app_end ] --END-- [ RunTime:0.001560s ]

[ 2018-06-28T14:32:57+08:00 ] ::1 /thinkphp_hotel/index.php/Home/Onlinebook/Onlinebook/p/1.html
INFO: [ app_init ] --START--
INFO: Run Behavior\BuildLiteBehavior [ RunTime:0.000013s ]
INFO: [ app_init ] --END-- [ RunTime:0.000490s ]
INFO: [ app_begin ] --START--
INFO: Run Behavior\ReadHtmlCacheBehavior [ RunTime:0.001082s ]
INFO: [ app_begin ] --END-- [ RunTime:0.001146s ]
SQL: SHOW COLUMNS FROM `room` [ RunTime:0.0221s ]
SQL: SHOW COLUMNS FROM `roomtype` [ RunTime:0.0171s ]
SQL: SELECT room.roomid AS roomid,room.location AS location,room.typeid AS typeid,room.status AS status,roomtype.area AS area,roomtype.typename AS typename,roomtype.bednum AS bednum,roomtype.hasFood AS hasFood,roomtype.hasNet AS hasNet,roomtype.hasTV AS hasTV,roomtype.hasWC AS hasWC,roomtype.price AS price,roomtype.leftnum AS leftnum FROM room room  JOIN roomtype roomtype ON room.typeid=roomtype.typeid WHERE ( leftnum>0 and room.roomid not in (select roomid from orders where ostatus='是') ) AND room.status = '否' AND roomtype.typename LIKE '%%'  [ RunTime:0.0007s ]
SQL: SELECT COUNT(*) AS tp_count FROM room room  JOIN roomtype roomtype ON room.typeid=roomtype.typeid WHERE ( leftnum>0 and room.roomid not in (select roomid from orders where ostatus='是') ) AND room.status = '否' AND roomtype.typename LIKE '%%' LIMIT 1   [ RunTime:0.0004s ]
SQL: SELECT room.roomid AS roomid,room.location AS location,room.typeid AS typeid,room.status AS status,roomtype.area AS area,roomtype.typename AS typename,roomtype.bednum AS bednum,roomtype.hasFood AS hasFood,roomtype.hasNet AS hasNet,roomtype.hasTV AS hasTV,roomtype.hasWC AS hasWC,roomtype.price AS price,roomtype.leftnum AS leftnum FROM room room  JOIN roomtype roomtype ON room.typeid=roomtype.typeid WHERE ( leftnum>0 and room.roomid not in (select roomid from orders where ostatus='是') ) AND room.status = '否' AND roomtype.typename LIKE '%%' LIMIT 0,10   [ RunTime:0.0006s ]
INFO: [ view_parse ] --START--
INFO: [ template_filter ] --START--
INFO: Run Behavior\ContentReplaceBehavior [ RunTime:0.000087s ]
INFO: [ template_filter ] --END-- [ RunTime:0.000201s ]
INFO: Run Behavior\ParseTemplateBehavior [ RunTime:0.011897s ]
INFO: [ view_parse ] --END-- [ RunTime:0.011953s ]
INFO: [ view_filter ] --START--
INFO: Run Behavior\WriteHtmlCacheBehavior [ RunTime:0.000548s ]
INFO: [ view_filter ] --END-- [ RunTime:0.000582s ]
INFO: [ app_end ] --START--
INFO: Run Behavior\ShowPageTraceBehavior [ RunTime:0.001433s ]
INFO: [ app_end ] --END-- [ RunTime:0.001509s ]

[ 2018-06-28T14:33:04+08:00 ] ::1 /thinkphp_hotel/index.php/Home/Onlinebook/Onlinebook/p/2.html
INFO: [ app_init ] --START--
INFO: Run Behavior\BuildLiteBehavior [ RunTime:0.000024s ]
INFO: [ app_init ] --END-- [ RunTime:0.000535s ]
INFO: [ app_begin ] --START--
INFO: Run Behavior\ReadHtmlCacheBehavior [ RunTime:0.002728s ]
INFO: [ app_begin ] --END-- [ RunTime:0.002857s ]
SQL: SHOW COLUMNS FROM `room` [ RunTime:0.0247s ]
SQL: SHOW COLUMNS FROM `roomtype` [ RunTime:0.0156s ]
SQL: SELECT room.roomid AS roomid,room.location AS location,room.typeid AS typeid,room.status AS status,roomtype.area AS area,roomtype.typename AS typename,roomtype.bednum AS bednum,roomtype.hasFood AS hasFood,roomtype.hasNet AS hasNet,roomtype.hasTV AS hasTV,roomtype.hasWC AS hasWC,roomtype.price AS price,roomtype.leftnum AS leftnum FROM room room  JOIN roomtype roomtype ON room.typeid=roomtype.typeid WHERE ( leftnum>0 and room.roomid not in (select roomid from orders where ostatus='是') ) AND room.status = '否' AND roomtype.typename LIKE '%%'  [ RunTime:0.0008s ]
SQL: SELECT COUNT(*) AS tp_count FROM room room  JOIN roomtype roomtype ON room.typeid=roomtype.typeid WHERE ( leftnum>0 and room.roomid not in (select roomid from orders where ostatus='是') ) AND room.status = '否' AND roomtype.typename LIKE '%%' LIMIT 1   [ RunTime:0.0005s ]
SQL: SELECT room.roomid AS roomid,room.location AS location,room.typeid AS typeid,room.status AS status,roomtype.area AS area,roomtype.typename AS typename,roomtype.bednum AS bednum,roomtype.hasFood AS hasFood,roomtype.hasNet AS hasNet,roomtype.hasTV AS hasTV,roomtype.hasWC AS hasWC,roomtype.price AS price,roomtype.leftnum AS leftnum FROM room room  JOIN roomtype roomtype ON room.typeid=roomtype.typeid WHERE ( leftnum>0 and room.roomid not in (select roomid from orders where ostatus='是') ) AND room.status = '否' AND roomtype.typename LIKE '%%' LIMIT 10,10   [ RunTime:0.0007s ]
INFO: [ view_parse ] --START--
INFO: [ template_filter ] --START--
INFO: Run Behavior\ContentReplaceBehavior [ RunTime:0.000102s ]
INFO: [ template_filter ] --END-- [ RunTime:0.000176s ]
INFO: Run Behavior\ParseTemplateBehavior [ RunTime:0.011741s ]
INFO: [ view_parse ] --END-- [ RunTime:0.011799s ]
INFO: [ view_filter ] --START--
INFO: Run Behavior\WriteHtmlCacheBehavior [ RunTime:0.000582s ]
INFO: [ view_filter ] --END-- [ RunTime:0.000617s ]
INFO: [ app_end ] --START--
INFO: Run Behavior\ShowPageTraceBehavior [ RunTime:0.001489s ]
INFO: [ app_end ] --END-- [ RunTime:0.001566s ]

[ 2018-06-28T14:33:07+08:00 ] ::1 /thinkphp_hotel/index.php/Home/Onlinebook/Onlinebook/p/1.html
INFO: [ app_init ] --START--
INFO: Run Behavior\BuildLiteBehavior [ RunTime:0.000016s ]
INFO: [ app_init ] --END-- [ RunTime:0.000584s ]
INFO: [ app_begin ] --START--
INFO: Run Behavior\ReadHtmlCacheBehavior [ RunTime:0.003271s ]
INFO: [ app_begin ] --END-- [ RunTime:0.003514s ]
SQL: SHOW COLUMNS FROM `room` [ RunTime:0.0222s ]
SQL: SHOW COLUMNS FROM `roomtype` [ RunTime:0.0165s ]
SQL: SELECT room.roomid AS roomid,room.location AS location,room.typeid AS typeid,room.status AS status,roomtype.area AS area,roomtype.typename AS typename,roomtype.bednum AS bednum,roomtype.hasFood AS hasFood,roomtype.hasNet AS hasNet,roomtype.hasTV AS hasTV,roomtype.hasWC AS hasWC,roomtype.price AS price,roomtype.leftnum AS leftnum FROM room room  JOIN roomtype roomtype ON room.typeid=roomtype.typeid WHERE ( leftnum>0 and room.roomid not in (select roomid from orders where ostatus='是') ) AND room.status = '否' AND roomtype.typename LIKE '%%'  [ RunTime:0.0008s ]
SQL: SELECT COUNT(*) AS tp_count FROM room room  JOIN roomtype roomtype ON room.typeid=roomtype.typeid WHERE ( leftnum>0 and room.roomid not in (select roomid from orders where ostatus='是') ) AND room.status = '否' AND roomtype.typename LIKE '%%' LIMIT 1   [ RunTime:0.0005s ]
SQL: SELECT room.roomid AS roomid,room.location AS location,room.typeid AS typeid,room.status AS status,roomtype.area AS area,roomtype.typename AS typename,roomtype.bednum AS bednum,roomtype.hasFood AS hasFood,roomtype.hasNet AS hasNet,roomtype.hasTV AS hasTV,roomtype.hasWC AS hasWC,roomtype.price AS price,roomtype.leftnum AS leftnum FROM room room  JOIN roomtype roomtype ON room.typeid=roomtype.typeid WHERE ( leftnum>0 and room.roomid not in (select roomid from orders where ostatus='是') ) AND room.status = '否' AND roomtype.typename LIKE '%%' LIMIT 0,10   [ RunTime:0.0006s ]
INFO: [ view_parse ] --START--
INFO: [ template_filter ] --START--
INFO: Run Behavior\ContentReplaceBehavior [ RunTime:0.000070s ]
INFO: [ template_filter ] --END-- [ RunTime:0.000111s ]
INFO: Run Behavior\ParseTemplateBehavior [ RunTime:0.011309s ]
INFO: [ view_parse ] --END-- [ RunTime:0.011365s ]
INFO: [ view_filter ] --START--
INFO: Run Behavior\WriteHtmlCacheBehavior [ RunTime:0.000636s ]
INFO: [ view_filter ] --END-- [ RunTime:0.000669s ]
INFO: [ app_end ] --START--
INFO: Run Behavior\ShowPageTraceBehavior [ RunTime:0.001494s ]
INFO: [ app_end ] --END-- [ RunTime:0.001563s ]

[ 2018-06-28T14:33:16+08:00 ] ::1 /thinkphp_hotel/index.php/Home/index
INFO: [ app_init ] --START--
INFO: Run Behavior\BuildLiteBehavior [ RunTime:0.000012s ]
INFO: [ app_init ] --END-- [ RunTime:0.000403s ]
INFO: [ app_begin ] --START--
INFO: Run Behavior\ReadHtmlCacheBehavior [ RunTime:0.000813s ]
INFO: [ app_begin ] --END-- [ RunTime:0.000858s ]
INFO: [ view_parse ] --START--
INFO: [ template_filter ] --START--
INFO: Run Behavior\ContentReplaceBehavior [ RunTime:0.000081s ]
INFO: [ template_filter ] --END-- [ RunTime:0.000127s ]
INFO: Run Behavior\ParseTemplateBehavior [ RunTime:0.033703s ]
INFO: [ view_parse ] --END-- [ RunTime:0.033761s ]
INFO: [ view_filter ] --START--
INFO: Run Behavior\WriteHtmlCacheBehavior [ RunTime:0.000972s ]
INFO: [ view_filter ] --END-- [ RunTime:0.001047s ]
INFO: [ app_end ] --START--
INFO: Run Behavior\ShowPageTraceBehavior [ RunTime:0.002232s ]
INFO: [ app_end ] --END-- [ RunTime:0.002355s ]

[ 2018-06-28T14:33:26+08:00 ] ::1 /thinkphp_hotel/index.php/Home/Onlinebook/
INFO: [ app_init ] --START--
INFO: Run Behavior\BuildLiteBehavior [ RunTime:0.000017s ]
INFO: [ app_init ] --END-- [ RunTime:0.000585s ]
INFO: [ app_begin ] --START--
INFO: Run Behavior\ReadHtmlCacheBehavior [ RunTime:0.000862s ]
INFO: [ app_begin ] --END-- [ RunTime:0.000920s ]
INFO: [ view_parse ] --START--
INFO: [ template_filter ] --START--
INFO: Run Behavior\ContentReplaceBehavior [ RunTime:0.000059s ]
INFO: [ template_filter ] --END-- [ RunTime:0.000115s ]
INFO: Run Behavior\ParseTemplateBehavior [ RunTime:0.016378s ]
INFO: [ view_parse ] --END-- [ RunTime:0.016431s ]
INFO: [ view_filter ] --START--
INFO: Run Behavior\WriteHtmlCacheBehavior [ RunTime:0.000597s ]
INFO: [ view_filter ] --END-- [ RunTime:0.000678s ]
INFO: [ app_end ] --START--
INFO: Run Behavior\ShowPageTraceBehavior [ RunTime:0.002355s ]
INFO: [ app_end ] --END-- [ RunTime:0.002475s ]

[ 2018-06-28T14:34:18+08:00 ] ::1 /thinkphp_hotel/index.php/Home/Index/
INFO: [ app_init ] --START--
INFO: Run Behavior\BuildLiteBehavior [ RunTime:0.000020s ]
INFO: [ app_init ] --END-- [ RunTime:0.000855s ]
INFO: [ app_begin ] --START--
INFO: Run Behavior\ReadHtmlCacheBehavior [ RunTime:0.000772s ]
INFO: [ app_begin ] --END-- [ RunTime:0.000824s ]
INFO: [ view_parse ] --START--
INFO: [ template_filter ] --START--
INFO: Run Behavior\ContentReplaceBehavior [ RunTime:0.000081s ]
INFO: [ template_filter ] --END-- [ RunTime:0.000125s ]
INFO: Run Behavior\ParseTemplateBehavior [ RunTime:0.030979s ]
INFO: [ view_parse ] --END-- [ RunTime:0.031042s ]
INFO: [ view_filter ] --START--
INFO: Run Behavior\WriteHtmlCacheBehavior [ RunTime:0.000500s ]
INFO: [ view_filter ] --END-- [ RunTime:0.000535s ]
INFO: [ app_end ] --START--
INFO: Run Behavior\ShowPageTraceBehavior [ RunTime:0.001397s ]
INFO: [ app_end ] --END-- [ RunTime:0.001583s ]

[ 2018-06-28T14:34:19+08:00 ] ::1 /thinkphp_hotel/index.php/Home/Onlinebook/
INFO: [ app_init ] --START--
INFO: Run Behavior\BuildLiteBehavior [ RunTime:0.000013s ]
INFO: [ app_init ] --END-- [ RunTime:0.000445s ]
INFO: [ app_begin ] --START--
INFO: Run Behavior\ReadHtmlCacheBehavior [ RunTime:0.000744s ]
INFO: [ app_begin ] --END-- [ RunTime:0.000790s ]
INFO: [ view_parse ] --START--
INFO: [ template_filter ] --START--
INFO: Run Behavior\ContentReplaceBehavior [ RunTime:0.000101s ]
INFO: [ template_filter ] --END-- [ RunTime:0.000189s ]
INFO: Run Behavior\ParseTemplateBehavior [ RunTime:0.014644s ]
INFO: [ view_parse ] --END-- [ RunTime:0.014698s ]
INFO: [ view_filter ] --START--
INFO: Run Behavior\WriteHtmlCacheBehavior [ RunTime:0.000458s ]
INFO: [ view_filter ] --END-- [ RunTime:0.000492s ]
INFO: [ app_end ] --START--
INFO: Run Behavior\ShowPageTraceBehavior [ RunTime:0.000749s ]
INFO: [ app_end ] --END-- [ RunTime:0.000783s ]

[ 2018-06-28T14:34:23+08:00 ] ::1 /thinkphp_hotel/index.php/Home/index
INFO: [ app_init ] --START--
INFO: Run Behavior\BuildLiteBehavior [ RunTime:0.000033s ]
INFO: [ app_init ] --END-- [ RunTime:0.001278s ]
INFO: [ app_begin ] --START--
INFO: Run Behavior\ReadHtmlCacheBehavior [ RunTime:0.000701s ]
INFO: [ app_begin ] --END-- [ RunTime:0.000761s ]
INFO: [ view_parse ] --START--
INFO: [ template_filter ] --START--
INFO: Run Behavior\ContentReplaceBehavior [ RunTime:0.000095s ]
INFO: [ template_filter ] --END-- [ RunTime:0.000172s ]
INFO: Run Behavior\ParseTemplateBehavior [ RunTime:0.035914s ]
INFO: [ view_parse ] --END-- [ RunTime:0.035966s ]
INFO: [ view_filter ] --START--
INFO: Run Behavior\WriteHtmlCacheBehavior [ RunTime:0.000450s ]
INFO: [ view_filter ] --END-- [ RunTime:0.000484s ]
INFO: [ app_end ] --START--
INFO: Run Behavior\ShowPageTraceBehavior [ RunTime:0.001234s ]
INFO: [ app_end ] --END-- [ RunTime:0.001327s ]

[ 2018-06-28T14:35:43+08:00 ] ::1 /thinkphp_hotel/index.php/Home/Onlinebook/
INFO: [ app_init ] --START--
INFO: Run Behavior\BuildLiteBehavior [ RunTime:0.000012s ]
INFO: [ app_init ] --END-- [ RunTime:0.000377s ]
INFO: [ app_begin ] --START--
INFO: Run Behavior\ReadHtmlCacheBehavior [ RunTime:0.000744s ]
INFO: [ app_begin ] --END-- [ RunTime:0.000789s ]
INFO: [ view_parse ] --START--
INFO: [ template_filter ] --START--
INFO: Run Behavior\ContentReplaceBehavior [ RunTime:0.000059s ]
INFO: [ template_filter ] --END-- [ RunTime:0.000109s ]
INFO: Run Behavior\ParseTemplateBehavior [ RunTime:0.015987s ]
INFO: [ view_parse ] --END-- [ RunTime:0.016082s ]
INFO: [ view_filter ] --START--
INFO: Run Behavior\WriteHtmlCacheBehavior [ RunTime:0.000521s ]
INFO: [ view_filter ] --END-- [ RunTime:0.000557s ]
INFO: [ app_end ] --START--
INFO: Run Behavior\ShowPageTraceBehavior [ RunTime:0.000732s ]
INFO: [ app_end ] --END-- [ RunTime:0.000768s ]

[ 2018-06-28T14:37:00+08:00 ] ::1 /thinkphp_hotel/index.php/Home/Search/
INFO: [ app_init ] --START--
INFO: Run Behavior\BuildLiteBehavior [ RunTime:0.000013s ]
INFO: [ app_init ] --END-- [ RunTime:0.000380s ]
INFO: [ app_begin ] --START--
INFO: Run Behavior\ReadHtmlCacheBehavior [ RunTime:0.000789s ]
INFO: [ app_begin ] --END-- [ RunTime:0.000847s ]
INFO: [ view_parse ] --START--
INFO: [ template_filter ] --START--
INFO: Run Behavior\ContentReplaceBehavior [ RunTime:0.000058s ]
INFO: [ template_filter ] --END-- [ RunTime:0.000107s ]
INFO: Run Behavior\ParseTemplateBehavior [ RunTime:0.033620s ]
INFO: [ view_parse ] --END-- [ RunTime:0.033704s ]
INFO: [ view_filter ] --START--
INFO: Run Behavior\WriteHtmlCacheBehavior [ RunTime:0.000491s ]
INFO: [ view_filter ] --END-- [ RunTime:0.000524s ]
INFO: [ app_end ] --START--
INFO: Run Behavior\ShowPageTraceBehavior [ RunTime:0.000754s ]
INFO: [ app_end ] --END-- [ RunTime:0.000790s ]

[ 2018-06-28T14:37:11+08:00 ] ::1 /thinkphp_hotel/index.php/Home/Search/
INFO: [ app_init ] --START--
INFO: Run Behavior\BuildLiteBehavior [ RunTime:0.000013s ]
INFO: [ app_init ] --END-- [ RunTime:0.000495s ]
INFO: [ app_begin ] --START--
INFO: Run Behavior\ReadHtmlCacheBehavior [ RunTime:0.000771s ]
INFO: [ app_begin ] --END-- [ RunTime:0.000818s ]
INFO: [ view_parse ] --START--
INFO: [ template_filter ] --START--
INFO: Run Behavior\ContentReplaceBehavior [ RunTime:0.000111s ]
INFO: [ template_filter ] --END-- [ RunTime:0.000179s ]
INFO: Run Behavior\ParseTemplateBehavior [ RunTime:0.012296s ]
INFO: [ view_parse ] --END-- [ RunTime:0.012362s ]
INFO: [ view_filter ] --START--
INFO: Run Behavior\WriteHtmlCacheBehavior [ RunTime:0.000652s ]
INFO: [ view_filter ] --END-- [ RunTime:0.000689s ]
INFO: [ app_end ] --START--
INFO: Run Behavior\ShowPageTraceBehavior [ RunTime:0.000736s ]
INFO: [ app_end ] --END-- [ RunTime:0.000778s ]

[ 2018-06-28T14:39:55+08:00 ] ::1 /thinkphp_hotel/index.php/Home/index
INFO: [ app_init ] --START--
INFO: Run Behavior\BuildLiteBehavior [ RunTime:0.000014s ]
INFO: [ app_init ] --END-- [ RunTime:0.000472s ]
INFO: [ app_begin ] --START--
INFO: Run Behavior\ReadHtmlCacheBehavior [ RunTime:0.000832s ]
INFO: [ app_begin ] --END-- [ RunTime:0.000884s ]
INFO: [ view_parse ] --START--
INFO: [ template_filter ] --START--
INFO: Run Behavior\ContentReplaceBehavior [ RunTime:0.000083s ]
INFO: [ template_filter ] --END-- [ RunTime:0.000129s ]
INFO: Run Behavior\ParseTemplateBehavior [ RunTime:0.034439s ]
INFO: [ view_parse ] --END-- [ RunTime:0.034498s ]
INFO: [ view_filter ] --START--
INFO: Run Behavior\WriteHtmlCacheBehavior [ RunTime:0.000529s ]
INFO: [ view_filter ] --END-- [ RunTime:0.000563s ]
INFO: [ app_end ] --START--
INFO: Run Behavior\ShowPageTraceBehavior [ RunTime:0.002520s ]
INFO: [ app_end ] --END-- [ RunTime:0.002823s ]

[ 2018-06-28T14:51:05+08:00 ] ::1 /thinkphp_hotel/index.php/home/index/index.html
INFO: [ app_init ] --START--
INFO: Run Behavior\BuildLiteBehavior [ RunTime:0.000013s ]
INFO: [ app_init ] --END-- [ RunTime:0.000436s ]
INFO: [ app_begin ] --START--
INFO: Run Behavior\ReadHtmlCacheBehavior [ RunTime:0.001102s ]
INFO: [ app_begin ] --END-- [ RunTime:0.001177s ]
INFO: [ view_parse ] --START--
INFO: [ template_filter ] --START--
INFO: Run Behavior\ContentReplaceBehavior [ RunTime:0.000121s ]
INFO: [ template_filter ] --END-- [ RunTime:0.000169s ]
INFO: Run Behavior\ParseTemplateBehavior [ RunTime:0.032917s ]
INFO: [ view_parse ] --END-- [ RunTime:0.032971s ]
INFO: [ view_filter ] --START--
INFO: Run Behavior\WriteHtmlCacheBehavior [ RunTime:0.000627s ]
INFO: [ view_filter ] --END-- [ RunTime:0.000667s ]
INFO: [ app_end ] --START--
INFO: Run Behavior\ShowPageTraceBehavior [ RunTime:0.001688s ]
INFO: [ app_end ] --END-- [ RunTime:0.001757s ]

[ 2018-06-28T14:51:24+08:00 ] ::1 /thinkphp_hotel/index.php/Home/Onlinebook/
INFO: [ app_init ] --START--
INFO: Run Behavior\BuildLiteBehavior [ RunTime:0.000024s ]
INFO: [ app_init ] --END-- [ RunTime:0.000714s ]
INFO: [ app_begin ] --START--
INFO: Run Behavior\ReadHtmlCacheBehavior [ RunTime:0.000785s ]
INFO: [ app_begin ] --END-- [ RunTime:0.000841s ]
INFO: [ view_parse ] --START--
INFO: [ template_filter ] --START--
INFO: Run Behavior\ContentReplaceBehavior [ RunTime:0.000242s ]
INFO: [ template_filter ] --END-- [ RunTime:0.000482s ]
INFO: Run Behavior\ParseTemplateBehavior [ RunTime:0.034131s ]
INFO: [ view_parse ] --END-- [ RunTime:0.034192s ]
INFO: [ view_filter ] --START--
INFO: Run Behavior\WriteHtmlCacheBehavior [ RunTime:0.000459s ]
INFO: [ view_filter ] --END-- [ RunTime:0.000492s ]
INFO: [ app_end ] --START--
INFO: Run Behavior\ShowPageTraceBehavior [ RunTime:0.000731s ]
INFO: [ app_end ] --END-- [ RunTime:0.000772s ]

[ 2018-06-28T14:51:42+08:00 ] ::1 /thinkphp_hotel/index.php/Home/Search/
INFO: [ app_init ] --START--
INFO: Run Behavior\BuildLiteBehavior [ RunTime:0.000013s ]
INFO: [ app_init ] --END-- [ RunTime:0.000370s ]
INFO: [ app_begin ] --START--
INFO: Run Behavior\ReadHtmlCacheBehavior [ RunTime:0.001028s ]
INFO: [ app_begin ] --END-- [ RunTime:0.001083s ]
INFO: [ view_parse ] --START--
INFO: [ template_filter ] --START--
INFO: Run Behavior\ContentReplaceBehavior [ RunTime:0.000058s ]
INFO: [ template_filter ] --END-- [ RunTime:0.000108s ]
INFO: Run Behavior\ParseTemplateBehavior [ RunTime:0.023758s ]
INFO: [ view_parse ] --END-- [ RunTime:0.023811s ]
INFO: [ view_filter ] --START--
INFO: Run Behavior\WriteHtmlCacheBehavior [ RunTime:0.000442s ]
INFO: [ view_filter ] --END-- [ RunTime:0.000477s ]
INFO: [ app_end ] --START--
INFO: Run Behavior\ShowPageTraceBehavior [ RunTime:0.000855s ]
INFO: [ app_end ] --END-- [ RunTime:0.000896s ]

[ 2018-06-28T14:53:00+08:00 ] ::1 /thinkphp_hotel/index.php/Home/index
INFO: [ app_init ] --START--
INFO: Run Behavior\BuildLiteBehavior [ RunTime:0.000037s ]
INFO: [ app_init ] --END-- [ RunTime:0.001555s ]
INFO: [ app_begin ] --START--
INFO: Run Behavior\ReadHtmlCacheBehavior [ RunTime:0.000714s ]
INFO: [ app_begin ] --END-- [ RunTime:0.000784s ]
INFO: [ view_parse ] --START--
INFO: [ template_filter ] --START--
INFO: Run Behavior\ContentReplaceBehavior [ RunTime:0.000104s ]
INFO: [ template_filter ] --END-- [ RunTime:0.000160s ]
INFO: Run Behavior\ParseTemplateBehavior [ RunTime:0.034330s ]
INFO: [ view_parse ] --END-- [ RunTime:0.034413s ]
INFO: [ view_filter ] --START--
INFO: Run Behavior\WriteHtmlCacheBehavior [ RunTime:0.000519s ]
INFO: [ view_filter ] --END-- [ RunTime:0.000561s ]
INFO: [ app_end ] --START--
INFO: Run Behavior\ShowPageTraceBehavior [ RunTime:0.001724s ]
INFO: [ app_end ] --END-- [ RunTime:0.001830s ]

[ 2018-06-28T14:58:55+08:00 ] ::1 /thinkphp_hotel/index.php/Home/Index/
INFO: [ app_init ] --START--
INFO: Run Behavior\BuildLiteBehavior [ RunTime:0.000015s ]
INFO: [ app_init ] --END-- [ RunTime:0.000539s ]
INFO: [ app_begin ] --START--
INFO: Run Behavior\ReadHtmlCacheBehavior [ RunTime:0.000895s ]
INFO: [ app_begin ] --END-- [ RunTime:0.000948s ]
INFO: [ view_parse ] --START--
INFO: [ template_filter ] --START--
INFO: Run Behavior\ContentReplaceBehavior [ RunTime:0.000082s ]
INFO: [ template_filter ] --END-- [ RunTime:0.000150s ]
INFO: Run Behavior\ParseTemplateBehavior [ RunTime:0.035622s ]
INFO: [ view_parse ] --END-- [ RunTime:0.035674s ]
INFO: [ view_filter ] --START--
INFO: Run Behavior\WriteHtmlCacheBehavior [ RunTime:0.000533s ]
INFO: [ view_filter ] --END-- [ RunTime:0.000566s ]
INFO: [ app_end ] --START--
INFO: Run Behavior\ShowPageTraceBehavior [ RunTime:0.001648s ]
INFO: [ app_end ] --END-- [ RunTime:0.001717s ]

[ 2018-06-28T15:12:31+08:00 ] ::1 /thinkphp_hotel/index.php/Home/Index/
INFO: [ app_init ] --START--
INFO: Run Behavior\BuildLiteBehavior [ RunTime:0.000013s ]
INFO: [ app_init ] --END-- [ RunTime:0.000406s ]
INFO: [ app_begin ] --START--
INFO: Run Behavior\ReadHtmlCacheBehavior [ RunTime:0.000799s ]
INFO: [ app_begin ] --END-- [ RunTime:0.000864s ]
INFO: [ view_parse ] --START--
INFO: [ template_filter ] --START--
INFO: Run Behavior\ContentReplaceBehavior [ RunTime:0.000080s ]
INFO: [ template_filter ] --END-- [ RunTime:0.000123s ]
INFO: Run Behavior\ParseTemplateBehavior [ RunTime:0.036072s ]
INFO: [ view_parse ] --END-- [ RunTime:0.036222s ]
INFO: [ view_filter ] --START--
INFO: Run Behavior\WriteHtmlCacheBehavior [ RunTime:0.000693s ]
INFO: [ view_filter ] --END-- [ RunTime:0.000730s ]
INFO: [ app_end ] --START--
INFO: Run Behavior\ShowPageTraceBehavior [ RunTime:0.001682s ]
INFO: [ app_end ] --END-- [ RunTime:0.001754s ]

[ 2018-06-28T15:12:33+08:00 ] ::1 /thinkphp_hotel/index.php/Home/Onlinebook/
INFO: [ app_init ] --START--
INFO: Run Behavior\BuildLiteBehavior [ RunTime:0.000015s ]
INFO: [ app_init ] --END-- [ RunTime:0.000627s ]
INFO: [ app_begin ] --START--
INFO: Run Behavior\ReadHtmlCacheBehavior [ RunTime:0.000913s ]
INFO: [ app_begin ] --END-- [ RunTime:0.000964s ]
INFO: [ view_parse ] --START--
INFO: [ template_filter ] --START--
INFO: Run Behavior\ContentReplaceBehavior [ RunTime:0.000067s ]
INFO: [ template_filter ] --END-- [ RunTime:0.000116s ]
INFO: Run Behavior\ParseTemplateBehavior [ RunTime:0.010741s ]
INFO: [ view_parse ] --END-- [ RunTime:0.010849s ]
INFO: [ view_filter ] --START--
INFO: Run Behavior\WriteHtmlCacheBehavior [ RunTime:0.003779s ]
INFO: [ view_filter ] --END-- [ RunTime:0.004012s ]
INFO: [ app_end ] --START--
INFO: Run Behavior\ShowPageTraceBehavior [ RunTime:0.004418s ]
INFO: [ app_end ] --END-- [ RunTime:0.004519s ]

[ 2018-06-28T15:19:59+08:00 ] ::1 /thinkphp_hotel/index.php
INFO: [ app_init ] --START--
INFO: Run Behavior\BuildLiteBehavior [ RunTime:0.000014s ]
INFO: [ app_init ] --END-- [ RunTime:0.000503s ]
INFO: [ app_begin ] --START--
INFO: Run Behavior\ReadHtmlCacheBehavior [ RunTime:0.001279s ]
INFO: [ app_begin ] --END-- [ RunTime:0.001371s ]
INFO: [ view_parse ] --START--
INFO: [ template_filter ] --START--
INFO: Run Behavior\ContentReplaceBehavior [ RunTime:0.000082s ]
INFO: [ template_filter ] --END-- [ RunTime:0.000127s ]
INFO: Run Behavior\ParseTemplateBehavior [ RunTime:0.052674s ]
INFO: [ view_parse ] --END-- [ RunTime:0.052744s ]
INFO: [ view_filter ] --START--
INFO: Run Behavior\WriteHtmlCacheBehavior [ RunTime:0.000515s ]
INFO: [ view_filter ] --END-- [ RunTime:0.000549s ]
INFO: [ app_end ] --START--
INFO: Run Behavior\ShowPageTraceBehavior [ RunTime:0.001147s ]
INFO: [ app_end ] --END-- [ RunTime:0.001234s ]

[ 2018-06-28T15:25:31+08:00 ] ::1 /thinkphp_hotel/index.php/Home/Index/
INFO: [ app_init ] --START--
INFO: Run Behavior\BuildLiteBehavior [ RunTime:0.000013s ]
INFO: [ app_init ] --END-- [ RunTime:0.000488s ]
INFO: [ app_begin ] --START--
INFO: Run Behavior\ReadHtmlCacheBehavior [ RunTime:0.000740s ]
INFO: [ app_begin ] --END-- [ RunTime:0.000789s ]
INFO: [ view_parse ] --START--
INFO: [ template_filter ] --START--
INFO: Run Behavior\ContentReplaceBehavior [ RunTime:0.000080s ]
INFO: [ template_filter ] --END-- [ RunTime:0.000125s ]
INFO: Run Behavior\ParseTemplateBehavior [ RunTime:0.030563s ]
INFO: [ view_parse ] --END-- [ RunTime:0.030622s ]
INFO: [ view_filter ] --START--
INFO: Run Behavior\WriteHtmlCacheBehavior [ RunTime:0.000436s ]
INFO: [ view_filter ] --END-- [ RunTime:0.000470s ]
INFO: [ app_end ] --START--
INFO: Run Behavior\ShowPageTraceBehavior [ RunTime:0.001303s ]
INFO: [ app_end ] --END-- [ RunTime:0.001373s ]

[ 2018-06-28T15:25:53+08:00 ] ::1 /thinkphp_hotel/index.php/Home/Index/
INFO: [ app_init ] --START--
INFO: Run Behavior\BuildLiteBehavior [ RunTime:0.000012s ]
INFO: [ app_init ] --END-- [ RunTime:0.000404s ]
INFO: [ app_begin ] --START--
INFO: Run Behavior\ReadHtmlCacheBehavior [ RunTime:0.000980s ]
INFO: [ app_begin ] --END-- [ RunTime:0.001052s ]
INFO: [ view_parse ] --START--
INFO: [ template_filter ] --START--
INFO: Run Behavior\ContentReplaceBehavior [ RunTime:0.000082s ]
INFO: [ template_filter ] --END-- [ RunTime:0.000126s ]
INFO: Run Behavior\ParseTemplateBehavior [ RunTime:0.031175s ]
INFO: [ view_parse ] --END-- [ RunTime:0.031236s ]
INFO: [ view_filter ] --START--
INFO: Run Behavior\WriteHtmlCacheBehavior [ RunTime:0.000667s ]
INFO: [ view_filter ] --END-- [ RunTime:0.000732s ]
INFO: [ app_end ] --START--
INFO: Run Behavior\ShowPageTraceBehavior [ RunTime:0.002328s ]
INFO: [ app_end ] --END-- [ RunTime:0.002435s ]

[ 2018-06-28T15:25:56+08:00 ] ::1 /thinkphp_hotel/index.php/Home/Onlinebook/
INFO: [ app_init ] --START--
INFO: Run Behavior\BuildLiteBehavior [ RunTime:0.000014s ]
INFO: [ app_init ] --END-- [ RunTime:0.000436s ]
INFO: [ app_begin ] --START--
INFO: Run Behavior\ReadHtmlCacheBehavior [ RunTime:0.000826s ]
INFO: [ app_begin ] --END-- [ RunTime:0.000873s ]
INFO: [ view_parse ] --START--
INFO: [ template_filter ] --START--
INFO: Run Behavior\ContentReplaceBehavior [ RunTime:0.000078s ]
INFO: [ template_filter ] --END-- [ RunTime:0.000148s ]
INFO: Run Behavior\ParseTemplateBehavior [ RunTime:0.046708s ]
INFO: [ view_parse ] --END-- [ RunTime:0.046784s ]
INFO: [ view_filter ] --START--
INFO: Run Behavior\WriteHtmlCacheBehavior [ RunTime:0.000521s ]
INFO: [ view_filter ] --END-- [ RunTime:0.000555s ]
INFO: [ app_end ] --START--
INFO: Run Behavior\ShowPageTraceBehavior [ RunTime:0.000750s ]
INFO: [ app_end ] --END-- [ RunTime:0.000786s ]

[ 2018-06-28T15:26:28+08:00 ] ::1 /thinkphp_hotel/index.php/Home/Index/
INFO: [ app_init ] --START--
INFO: Run Behavior\BuildLiteBehavior [ RunTime:0.000013s ]
INFO: [ app_init ] --END-- [ RunTime:0.000447s ]
INFO: [ app_begin ] --START--
INFO: Run Behavior\ReadHtmlCacheBehavior [ RunTime:0.000750s ]
INFO: [ app_begin ] --END-- [ RunTime:0.000796s ]
INFO: [ view_parse ] --START--
INFO: [ template_filter ] --START--
INFO: Run Behavior\ContentReplaceBehavior [ RunTime:0.000085s ]
INFO: [ template_filter ] --END-- [ RunTime:0.000143s ]
INFO: Run Behavior\ParseTemplateBehavior [ RunTime:0.034940s ]
INFO: [ view_parse ] --END-- [ RunTime:0.035014s ]
INFO: [ view_filter ] --START--
INFO: Run Behavior\WriteHtmlCacheBehavior [ RunTime:0.000819s ]
INFO: [ view_filter ] --END-- [ RunTime:0.000860s ]
INFO: [ app_end ] --START--
INFO: Run Behavior\ShowPageTraceBehavior [ RunTime:0.001530s ]
INFO: [ app_end ] --END-- [ RunTime:0.001610s ]

[ 2018-06-28T15:27:54+08:00 ] ::1 /thinkphp_hotel/index.php/Home/Index/
INFO: [ app_init ] --START--
INFO: Run Behavior\BuildLiteBehavior [ RunTime:0.000013s ]
INFO: [ app_init ] --END-- [ RunTime:0.000443s ]
INFO: [ app_begin ] --START--
INFO: Run Behavior\ReadHtmlCacheBehavior [ RunTime:0.002156s ]
INFO: [ app_begin ] --END-- [ RunTime:0.002251s ]
INFO: [ view_parse ] --START--
INFO: [ template_filter ] --START--
INFO: Run Behavior\ContentReplaceBehavior [ RunTime:0.000093s ]
INFO: [ template_filter ] --END-- [ RunTime:0.000145s ]
INFO: Run Behavior\ParseTemplateBehavior [ RunTime:0.035127s ]
INFO: [ view_parse ] --END-- [ RunTime:0.035204s ]
INFO: [ view_filter ] --START--
INFO: Run Behavior\WriteHtmlCacheBehavior [ RunTime:0.000854s ]
INFO: [ view_filter ] --END-- [ RunTime:0.000899s ]
INFO: [ app_end ] --START--
INFO: Run Behavior\ShowPageTraceBehavior [ RunTime:0.001360s ]
INFO: [ app_end ] --END-- [ RunTime:0.001432s ]

[ 2018-06-28T15:32:38+08:00 ] ::1 /thinkphp_hotel/index.php/Home/Index/
INFO: [ app_init ] --START--
INFO: Run Behavior\BuildLiteBehavior [ RunTime:0.000012s ]
INFO: [ app_init ] --END-- [ RunTime:0.000480s ]
INFO: [ app_begin ] --START--
INFO: Run Behavior\ReadHtmlCacheBehavior [ RunTime:0.001816s ]
INFO: [ app_begin ] --END-- [ RunTime:0.002050s ]
INFO: [ view_parse ] --START--
INFO: [ template_filter ] --START--
INFO: Run Behavior\ContentReplaceBehavior [ RunTime:0.000118s ]
INFO: [ template_filter ] --END-- [ RunTime:0.000209s ]
INFO: Run Behavior\ParseTemplateBehavior [ RunTime:0.035953s ]
INFO: [ view_parse ] --END-- [ RunTime:0.036076s ]
INFO: [ view_filter ] --START--
INFO: Run Behavior\WriteHtmlCacheBehavior [ RunTime:0.000650s ]
INFO: [ view_filter ] --END-- [ RunTime:0.000685s ]
INFO: [ app_end ] --START--
INFO: Run Behavior\ShowPageTraceBehavior [ RunTime:0.001504s ]
INFO: [ app_end ] --END-- [ RunTime:0.001569s ]

[ 2018-06-28T15:32:40+08:00 ] ::1 /thinkphp_hotel/index.php/Home/Search/
INFO: [ app_init ] --START--
INFO: Run Behavior\BuildLiteBehavior [ RunTime:0.000012s ]
INFO: [ app_init ] --END-- [ RunTime:0.000407s ]
INFO: [ app_begin ] --START--
INFO: Run Behavior\ReadHtmlCacheBehavior [ RunTime:0.001140s ]
INFO: [ app_begin ] --END-- [ RunTime:0.001221s ]
INFO: [ view_parse ] --START--
INFO: [ template_filter ] --START--
INFO: Run Behavior\ContentReplaceBehavior [ RunTime:0.000155s ]
INFO: [ template_filter ] --END-- [ RunTime:0.000348s ]
INFO: Run Behavior\ParseTemplateBehavior [ RunTime:0.042988s ]
INFO: [ view_parse ] --END-- [ RunTime:0.043072s ]
INFO: [ view_filter ] --START--
INFO: Run Behavior\WriteHtmlCacheBehavior [ RunTime:0.004536s ]
INFO: [ view_filter ] --END-- [ RunTime:0.004699s ]
INFO: [ app_end ] --START--
INFO: Run Behavior\ShowPageTraceBehavior [ RunTime:0.002800s ]
INFO: [ app_end ] --END-- [ RunTime:0.002908s ]

[ 2018-06-28T15:32:43+08:00 ] ::1 /thinkphp_hotel/index.php/Home/Onlinebook/
INFO: [ app_init ] --START--
INFO: Run Behavior\BuildLiteBehavior [ RunTime:0.000016s ]
INFO: [ app_init ] --END-- [ RunTime:0.000484s ]
INFO: [ app_begin ] --START--
INFO: Run Behavior\ReadHtmlCacheBehavior [ RunTime:0.002353s ]
INFO: [ app_begin ] --END-- [ RunTime:0.002583s ]
INFO: [ view_parse ] --START--
INFO: [ template_filter ] --START--
INFO: Run Behavior\ContentReplaceBehavior [ RunTime:0.000065s ]
INFO: [ template_filter ] --END-- [ RunTime:0.000128s ]
INFO: Run Behavior\ParseTemplateBehavior [ RunTime:0.030255s ]
INFO: [ view_parse ] --END-- [ RunTime:0.030347s ]
INFO: [ view_filter ] --START--
INFO: Run Behavior\WriteHtmlCacheBehavior [ RunTime:0.000857s ]
INFO: [ view_filter ] --END-- [ RunTime:0.000910s ]
INFO: [ app_end ] --START--
INFO: Run Behavior\ShowPageTraceBehavior [ RunTime:0.000905s ]
INFO: [ app_end ] --END-- [ RunTime:0.000948s ]

[ 2018-06-28T15:32:46+08:00 ] ::1 /thinkphp_hotel/index.php/Home/Onlinebook/Onlinebook
INFO: [ app_init ] --START--
INFO: Run Behavior\BuildLiteBehavior [ RunTime:0.000013s ]
INFO: [ app_init ] --END-- [ RunTime:0.000384s ]
INFO: [ app_begin ] --START--
INFO: Run Behavior\ReadHtmlCacheBehavior [ RunTime:0.002236s ]
INFO: [ app_begin ] --END-- [ RunTime:0.002497s ]
SQL: SHOW COLUMNS FROM `room` [ RunTime:0.0218s ]
SQL: SHOW COLUMNS FROM `roomtype` [ RunTime:0.0170s ]
SQL: SELECT room.roomid AS roomid,room.location AS location,room.typeid AS typeid,room.status AS status,roomtype.area AS area,roomtype.typename AS typename,roomtype.bednum AS bednum,roomtype.hasFood AS hasFood,roomtype.hasNet AS hasNet,roomtype.hasTV AS hasTV,roomtype.hasWC AS hasWC,roomtype.price AS price,roomtype.leftnum AS leftnum FROM room room  JOIN roomtype roomtype ON room.typeid=roomtype.typeid WHERE ( leftnum>0 and room.roomid not in (select roomid from orders where ostatus='是') ) AND room.status = '否' AND roomtype.typename LIKE '%%'  [ RunTime:0.0014s ]
SQL: SELECT COUNT(*) AS tp_count FROM room room  JOIN roomtype roomtype ON room.typeid=roomtype.typeid WHERE ( leftnum>0 and room.roomid not in (select roomid from orders where ostatus='是') ) AND room.status = '否' AND roomtype.typename LIKE '%%' LIMIT 1   [ RunTime:0.0005s ]
SQL: SELECT room.roomid AS roomid,room.location AS location,room.typeid AS typeid,room.status AS status,roomtype.area AS area,roomtype.typename AS typename,roomtype.bednum AS bednum,roomtype.hasFood AS hasFood,roomtype.hasNet AS hasNet,roomtype.hasTV AS hasTV,roomtype.hasWC AS hasWC,roomtype.price AS price,roomtype.leftnum AS leftnum FROM room room  JOIN roomtype roomtype ON room.typeid=roomtype.typeid WHERE ( leftnum>0 and room.roomid not in (select roomid from orders where ostatus='是') ) AND room.status = '否' AND roomtype.typename LIKE '%%' LIMIT 0,10   [ RunTime:0.0008s ]
INFO: [ view_parse ] --START--
INFO: [ template_filter ] --START--
INFO: Run Behavior\ContentReplaceBehavior [ RunTime:0.000065s ]
INFO: [ template_filter ] --END-- [ RunTime:0.000107s ]
INFO: Run Behavior\ParseTemplateBehavior [ RunTime:0.031371s ]
INFO: [ view_parse ] --END-- [ RunTime:0.031435s ]
INFO: [ view_filter ] --START--
INFO: Run Behavior\WriteHtmlCacheBehavior [ RunTime:0.000468s ]
INFO: [ view_filter ] --END-- [ RunTime:0.000500s ]
INFO: [ app_end ] --START--
INFO: Run Behavior\ShowPageTraceBehavior [ RunTime:0.001182s ]
INFO: [ app_end ] --END-- [ RunTime:0.001255s ]

[ 2018-06-28T15:32:49+08:00 ] ::1 /thinkphp_hotel/index.php/Home/Onlinebook/Onlinebook/p/2.html
INFO: [ app_init ] --START--
INFO: Run Behavior\BuildLiteBehavior [ RunTime:0.000014s ]
INFO: [ app_init ] --END-- [ RunTime:0.000389s ]
INFO: [ app_begin ] --START--
INFO: Run Behavior\ReadHtmlCacheBehavior [ RunTime:0.000720s ]
INFO: [ app_begin ] --END-- [ RunTime:0.000768s ]
SQL: SHOW COLUMNS FROM `room` [ RunTime:0.0224s ]
SQL: SHOW COLUMNS FROM `roomtype` [ RunTime:0.0159s ]
SQL: SELECT room.roomid AS roomid,room.location AS location,room.typeid AS typeid,room.status AS status,roomtype.area AS area,roomtype.typename AS typename,roomtype.bednum AS bednum,roomtype.hasFood AS hasFood,roomtype.hasNet AS hasNet,roomtype.hasTV AS hasTV,roomtype.hasWC AS hasWC,roomtype.price AS price,roomtype.leftnum AS leftnum FROM room room  JOIN roomtype roomtype ON room.typeid=roomtype.typeid WHERE ( leftnum>0 and room.roomid not in (select roomid from orders where ostatus='是') ) AND room.status = '否' AND roomtype.typename LIKE '%%'  [ RunTime:0.0007s ]
SQL: SELECT COUNT(*) AS tp_count FROM room room  JOIN roomtype roomtype ON room.typeid=roomtype.typeid WHERE ( leftnum>0 and room.roomid not in (select roomid from orders where ostatus='是') ) AND room.status = '否' AND roomtype.typename LIKE '%%' LIMIT 1   [ RunTime:0.0004s ]
SQL: SELECT room.roomid AS roomid,room.location AS location,room.typeid AS typeid,room.status AS status,roomtype.area AS area,roomtype.typename AS typename,roomtype.bednum AS bednum,roomtype.hasFood AS hasFood,roomtype.hasNet AS hasNet,roomtype.hasTV AS hasTV,roomtype.hasWC AS hasWC,roomtype.price AS price,roomtype.leftnum AS leftnum FROM room room  JOIN roomtype roomtype ON room.typeid=roomtype.typeid WHERE ( leftnum>0 and room.roomid not in (select roomid from orders where ostatus='是') ) AND room.status = '否' AND roomtype.typename LIKE '%%' LIMIT 10,10   [ RunTime:0.0007s ]
INFO: [ view_parse ] --START--
INFO: [ template_filter ] --START--
INFO: Run Behavior\ContentReplaceBehavior [ RunTime:0.000064s ]
INFO: [ template_filter ] --END-- [ RunTime:0.000113s ]
INFO: Run Behavior\ParseTemplateBehavior [ RunTime:0.012038s ]
INFO: [ view_parse ] --END-- [ RunTime:0.012113s ]
INFO: [ view_filter ] --START--
INFO: Run Behavior\WriteHtmlCacheBehavior [ RunTime:0.000456s ]
INFO: [ view_filter ] --END-- [ RunTime:0.000489s ]
INFO: [ app_end ] --START--
INFO: Run Behavior\ShowPageTraceBehavior [ RunTime:0.001305s ]
INFO: [ app_end ] --END-- [ RunTime:0.001391s ]

[ 2018-06-28T15:32:52+08:00 ] ::1 /thinkphp_hotel/index.php/Home/Onlinebook/Onlinebook/p/1.html
INFO: [ app_init ] --START--
INFO: Run Behavior\BuildLiteBehavior [ RunTime:0.000013s ]
INFO: [ app_init ] --END-- [ RunTime:0.000371s ]
INFO: [ app_begin ] --START--
INFO: Run Behavior\ReadHtmlCacheBehavior [ RunTime:0.000731s ]
INFO: [ app_begin ] --END-- [ RunTime:0.000778s ]
SQL: SHOW COLUMNS FROM `room` [ RunTime:0.0209s ]
SQL: SHOW COLUMNS FROM `roomtype` [ RunTime:0.0168s ]
SQL: SELECT room.roomid AS roomid,room.location AS location,room.typeid AS typeid,room.status AS status,roomtype.area AS area,roomtype.typename AS typename,roomtype.bednum AS bednum,roomtype.hasFood AS hasFood,roomtype.hasNet AS hasNet,roomtype.hasTV AS hasTV,roomtype.hasWC AS hasWC,roomtype.price AS price,roomtype.leftnum AS leftnum FROM room room  JOIN roomtype roomtype ON room.typeid=roomtype.typeid WHERE ( leftnum>0 and room.roomid not in (select roomid from orders where ostatus='是') ) AND room.status = '否' AND roomtype.typename LIKE '%%'  [ RunTime:0.0007s ]
SQL: SELECT COUNT(*) AS tp_count FROM room room  JOIN roomtype roomtype ON room.typeid=roomtype.typeid WHERE ( leftnum>0 and room.roomid not in (select roomid from orders where ostatus='是') ) AND room.status = '否' AND roomtype.typename LIKE '%%' LIMIT 1   [ RunTime:0.0004s ]
SQL: SELECT room.roomid AS roomid,room.location AS location,room.typeid AS typeid,room.status AS status,roomtype.area AS area,roomtype.typename AS typename,roomtype.bednum AS bednum,roomtype.hasFood AS hasFood,roomtype.hasNet AS hasNet,roomtype.hasTV AS hasTV,roomtype.hasWC AS hasWC,roomtype.price AS price,roomtype.leftnum AS leftnum FROM room room  JOIN roomtype roomtype ON room.typeid=roomtype.typeid WHERE ( leftnum>0 and room.roomid not in (select roomid from orders where ostatus='是') ) AND room.status = '否' AND roomtype.typename LIKE '%%' LIMIT 0,10   [ RunTime:0.0006s ]
INFO: [ view_parse ] --START--
INFO: [ template_filter ] --START--
INFO: Run Behavior\ContentReplaceBehavior [ RunTime:0.000061s ]
INFO: [ template_filter ] --END-- [ RunTime:0.000107s ]
INFO: Run Behavior\ParseTemplateBehavior [ RunTime:0.012294s ]
INFO: [ view_parse ] --END-- [ RunTime:0.012389s ]
INFO: [ view_filter ] --START--
INFO: Run Behavior\WriteHtmlCacheBehavior [ RunTime:0.000836s ]
INFO: [ view_filter ] --END-- [ RunTime:0.000895s ]
INFO: [ app_end ] --START--
INFO: Run Behavior\ShowPageTraceBehavior [ RunTime:0.001412s ]
INFO: [ app_end ] --END-- [ RunTime:0.001495s ]

[ 2018-06-28T15:32:52+08:00 ] ::1 /thinkphp_hotel/index.php/Home/Search/
INFO: [ app_init ] --START--
INFO: Run Behavior\BuildLiteBehavior [ RunTime:0.000018s ]
INFO: [ app_init ] --END-- [ RunTime:0.000453s ]
INFO: [ app_begin ] --START--
INFO: Run Behavior\ReadHtmlCacheBehavior [ RunTime:0.000903s ]
INFO: [ app_begin ] --END-- [ RunTime:0.000975s ]
INFO: [ view_parse ] --START--
INFO: [ template_filter ] --START--
INFO: Run Behavior\ContentReplaceBehavior [ RunTime:0.000060s ]
INFO: [ template_filter ] --END-- [ RunTime:0.000107s ]
INFO: Run Behavior\ParseTemplateBehavior [ RunTime:0.011514s ]
INFO: [ view_parse ] --END-- [ RunTime:0.011567s ]
INFO: [ view_filter ] --START--
INFO: Run Behavior\WriteHtmlCacheBehavior [ RunTime:0.000531s ]
INFO: [ view_filter ] --END-- [ RunTime:0.000564s ]
INFO: [ app_end ] --START--
INFO: Run Behavior\ShowPageTraceBehavior [ RunTime:0.000690s ]
INFO: [ app_end ] --END-- [ RunTime:0.000754s ]

[ 2018-06-28T15:32:54+08:00 ] ::1 /thinkphp_hotel/index.php/Home/Search/order_query
INFO: [ app_init ] --START--
INFO: Run Behavior\BuildLiteBehavior [ RunTime:0.000012s ]
INFO: [ app_init ] --END-- [ RunTime:0.000387s ]
INFO: [ app_begin ] --START--
INFO: Run Behavior\ReadHtmlCacheBehavior [ RunTime:0.001123s ]
INFO: [ app_begin ] --END-- [ RunTime:0.001205s ]
SQL: SHOW COLUMNS FROM `orders` [ RunTime:0.0212s ]
SQL: SHOW COLUMNS FROM `roomtype` [ RunTime:0.0166s ]
SQL: SELECT COUNT(*) AS tp_count FROM orders orders  JOIN roomtype roomtype ON orders.typeid=roomtype.typeid WHERE orders.cardid LIKE '' LIMIT 1   [ RunTime:0.0005s ]
SQL: SELECT orders.roomid AS roomid,orders.cardid AS cardid,orders.entertime AS entertime,orders.leavetime AS leavetime,orders.linkman AS linkman,orders.phone AS phone,orders.ostatus AS ostatus,orders.oremarks AS oremarks,roomtype.typename AS typename FROM orders orders  JOIN roomtype roomtype ON orders.typeid=roomtype.typeid WHERE orders.cardid LIKE '' LIMIT 0,10   [ RunTime:0.0004s ]
INFO: [ view_parse ] --START--
INFO: [ template_filter ] --START--
INFO: Run Behavior\ContentReplaceBehavior [ RunTime:0.000060s ]
INFO: [ template_filter ] --END-- [ RunTime:0.000103s ]
NOTIC: [8] Undefined variable: ao C:\phpStudy\PHPTutorial\WWW\thinkphp_hotel\Application\Runtime\Cache\Home\d9e3c9010d9b765157140dce940bbca9.php 第 64 行.
INFO: Run Behavior\ParseTemplateBehavior [ RunTime:0.030947s ]
INFO: [ view_parse ] --END-- [ RunTime:0.031001s ]
INFO: [ view_filter ] --START--
INFO: Run Behavior\WriteHtmlCacheBehavior [ RunTime:0.000447s ]
INFO: [ view_filter ] --END-- [ RunTime:0.000480s ]
INFO: [ app_end ] --START--
INFO: Run Behavior\ShowPageTraceBehavior [ RunTime:0.000739s ]
INFO: [ app_end ] --END-- [ RunTime:0.000776s ]

[ 2018-06-28T15:37:19+08:00 ] ::1 /thinkphp_hotel/index.php/Home/Index/
INFO: [ app_init ] --START--
INFO: Run Behavior\BuildLiteBehavior [ RunTime:0.000012s ]
INFO: [ app_init ] --END-- [ RunTime:0.000369s ]
INFO: [ app_begin ] --START--
INFO: Run Behavior\ReadHtmlCacheBehavior [ RunTime:0.000883s ]
INFO: [ app_begin ] --END-- [ RunTime:0.000956s ]
INFO: [ view_parse ] --START--
INFO: [ template_filter ] --START--
INFO: Run Behavior\ContentReplaceBehavior [ RunTime:0.000091s ]
INFO: [ template_filter ] --END-- [ RunTime:0.000138s ]
INFO: Run Behavior\ParseTemplateBehavior [ RunTime:0.033248s ]
INFO: [ view_parse ] --END-- [ RunTime:0.033328s ]
INFO: [ view_filter ] --START--
INFO: Run Behavior\WriteHtmlCacheBehavior [ RunTime:0.001197s ]
INFO: [ view_filter ] --END-- [ RunTime:0.001311s ]
INFO: [ app_end ] --START--
INFO: Run Behavior\ShowPageTraceBehavior [ RunTime:0.002692s ]
INFO: [ app_end ] --END-- [ RunTime:0.002761s ]

[ 2018-06-28T15:45:57+08:00 ] ::1 /thinkphp_hotel/
INFO: [ app_init ] --START--
INFO: Run Behavior\BuildLiteBehavior [ RunTime:0.000018s ]
INFO: [ app_init ] --END-- [ RunTime:0.000600s ]
INFO: [ app_begin ] --START--
INFO: Run Behavior\ReadHtmlCacheBehavior [ RunTime:0.000989s ]
INFO: [ app_begin ] --END-- [ RunTime:0.001048s ]
INFO: [ view_parse ] --START--
INFO: [ template_filter ] --START--
INFO: Run Behavior\ContentReplaceBehavior [ RunTime:0.000100s ]
INFO: [ template_filter ] --END-- [ RunTime:0.000149s ]
INFO: Run Behavior\ParseTemplateBehavior [ RunTime:0.038099s ]
INFO: [ view_parse ] --END-- [ RunTime:0.038163s ]
INFO: [ view_filter ] --START--
INFO: Run Behavior\WriteHtmlCacheBehavior [ RunTime:0.001061s ]
INFO: [ view_filter ] --END-- [ RunTime:0.001114s ]
INFO: [ app_end ] --START--
INFO: Run Behavior\ShowPageTraceBehavior [ RunTime:0.001784s ]
INFO: [ app_end ] --END-- [ RunTime:0.001849s ]

[ 2018-06-28T16:15:01+08:00 ] ::1 /thinkphp_hotel/index.php/Home/Onlinebook/
INFO: [ app_init ] --START--
INFO: Run Behavior\BuildLiteBehavior [ RunTime:0.000013s ]
INFO: [ app_init ] --END-- [ RunTime:0.000419s ]
INFO: [ app_begin ] --START--
INFO: Run Behavior\ReadHtmlCacheBehavior [ RunTime:0.000744s ]
INFO: [ app_begin ] --END-- [ RunTime:0.000792s ]
INFO: [ view_parse ] --START--
INFO: [ template_filter ] --START--
INFO: Run Behavior\ContentReplaceBehavior [ RunTime:0.000067s ]
INFO: [ template_filter ] --END-- [ RunTime:0.000120s ]
INFO: Run Behavior\ParseTemplateBehavior [ RunTime:0.011986s ]
INFO: [ view_parse ] --END-- [ RunTime:0.012053s ]
INFO: [ view_filter ] --START--
INFO: Run Behavior\WriteHtmlCacheBehavior [ RunTime:0.000394s ]
INFO: [ view_filter ] --END-- [ RunTime:0.000429s ]
INFO: [ app_end ] --START--
INFO: Run Behavior\ShowPageTraceBehavior [ RunTime:0.001097s ]
INFO: [ app_end ] --END-- [ RunTime:0.001163s ]

[ 2018-06-28T16:15:03+08:00 ] ::1 /thinkphp_hotel/index.php
INFO: [ app_init ] --START--
INFO: Run Behavior\BuildLiteBehavior [ RunTime:0.000014s ]
INFO: [ app_init ] --END-- [ RunTime:0.000507s ]
INFO: [ app_begin ] --START--
INFO: Run Behavior\ReadHtmlCacheBehavior [ RunTime:0.000858s ]
INFO: [ app_begin ] --END-- [ RunTime:0.000902s ]
INFO: [ view_parse ] --START--
INFO: [ template_filter ] --START--
INFO: Run Behavior\ContentReplaceBehavior [ RunTime:0.000122s ]
INFO: [ template_filter ] --END-- [ RunTime:0.000169s ]
INFO: Run Behavior\ParseTemplateBehavior [ RunTime:0.033743s ]
INFO: [ view_parse ] --END-- [ RunTime:0.033799s ]
INFO: [ view_filter ] --START--
INFO: Run Behavior\WriteHtmlCacheBehavior [ RunTime:0.000564s ]
INFO: [ view_filter ] --END-- [ RunTime:0.000600s ]
INFO: [ app_end ] --START--
INFO: Run Behavior\ShowPageTraceBehavior [ RunTime:0.000948s ]
INFO: [ app_end ] --END-- [ RunTime:0.000991s ]

[ 2018-06-28T23:11:04+08:00 ] ::1 /thinkphp_hotel/
INFO: [ app_init ] --START--
INFO: Run Behavior\BuildLiteBehavior [ RunTime:0.000017s ]
INFO: [ app_init ] --END-- [ RunTime:0.018148s ]
INFO: [ app_begin ] --START--
INFO: Run Behavior\ReadHtmlCacheBehavior [ RunTime:0.022202s ]
INFO: [ app_begin ] --END-- [ RunTime:0.022286s ]
INFO: [ view_parse ] --START--
INFO: [ template_filter ] --START--
INFO: Run Behavior\ContentReplaceBehavior [ RunTime:0.000107s ]
INFO: [ template_filter ] --END-- [ RunTime:0.000156s ]
INFO: Run Behavior\ParseTemplateBehavior [ RunTime:0.162689s ]
INFO: [ view_parse ] --END-- [ RunTime:0.162751s ]
INFO: [ view_filter ] --START--
INFO: Run Behavior\WriteHtmlCacheBehavior [ RunTime:0.019109s ]
INFO: [ view_filter ] --END-- [ RunTime:0.019164s ]
INFO: [ app_end ] --START--
INFO: Run Behavior\ShowPageTraceBehavior [ RunTime:0.026499s ]
INFO: [ app_end ] --END-- [ RunTime:0.026635s ]

