[ 2018-06-28T10:24:28+08:00 ] ::1 /thinkphp_hotel/Application/Admin/Public/images/tab-thbg.png
INFO: [ app_init ] --START--
INFO: Run Behavior\BuildLiteBehavior [ RunTime:0.000020s ]
INFO: [ app_init ] --END-- [ RunTime:0.000617s ]
ERR: 无法加载模块:Application

[ 2018-06-28T10:24:49+08:00 ] ::1 /thinkphp_hotel/Application/Home/Public/images/tab-thbg.png
INFO: [ app_init ] --START--
INFO: Run Behavior\BuildLiteBehavior [ RunTime:0.000025s ]
INFO: [ app_init ] --END-- [ RunTime:0.000762s ]
ERR: 无法加载模块:Application

[ 2018-06-28T10:24:52+08:00 ] ::1 /thinkphp_hotel/Application/Home/Public/images/tab-thbg.png
INFO: [ app_init ] --START--
INFO: Run Behavior\BuildLiteBehavior [ RunTime:0.000015s ]
INFO: [ app_init ] --END-- [ RunTime:0.000445s ]
ERR: 无法加载模块:Application

[ 2018-06-28T10:24:57+08:00 ] ::1 /thinkphp_hotel/Application/Home/Public/images/tab-thbg.png
INFO: [ app_init ] --START--
INFO: Run Behavior\BuildLiteBehavior [ RunTime:0.000026s ]
INFO: [ app_init ] --END-- [ RunTime:0.000837s ]
ERR: 无法加载模块:Application

[ 2018-06-28T10:25:00+08:00 ] ::1 /thinkphp_hotel/Application/Home/Public/images/tab-thbg.png
INFO: [ app_init ] --START--
INFO: Run Behavior\BuildLiteBehavior [ RunTime:0.000022s ]
INFO: [ app_init ] --END-- [ RunTime:0.000608s ]
ERR: 无法加载模块:Application

[ 2018-06-28T10:25:41+08:00 ] ::1 /thinkphp_hotel/Application/Admin/Public/images/tab-thbg.png
INFO: [ app_init ] --START--
INFO: Run Behavior\BuildLiteBehavior [ RunTime:0.000028s ]
INFO: [ app_init ] --END-- [ RunTime:0.000650s ]
ERR: 无法加载模块:Application

[ 2018-06-28T10:25:44+08:00 ] ::1 /thinkphp_hotel/Application/Admin/Public/images/tab-thbg.png
INFO: [ app_init ] --START--
INFO: Run Behavior\BuildLiteBehavior [ RunTime:0.000021s ]
INFO: [ app_init ] --END-- [ RunTime:0.000457s ]
ERR: 无法加载模块:Application

[ 2018-06-28T10:25:49+08:00 ] ::1 /thinkphp_hotel/Application/Admin/Public/images/tab-thbg.png
INFO: [ app_init ] --START--
INFO: Run Behavior\BuildLiteBehavior [ RunTime:0.000014s ]
INFO: [ app_init ] --END-- [ RunTime:0.000372s ]
ERR: 无法加载模块:Application

[ 2018-06-28T10:25:52+08:00 ] ::1 /thinkphp_hotel/Application/Admin/Public/images/tab-thbg.png
INFO: [ app_init ] --START--
INFO: Run Behavior\BuildLiteBehavior [ RunTime:0.000026s ]
INFO: [ app_init ] --END-- [ RunTime:0.000668s ]
ERR: 无法加载模块:Application

[ 2018-06-28T10:26:00+08:00 ] ::1 /thinkphp_hotel/Application/Admin/Public/images/tab-thbg.png
INFO: [ app_init ] --START--
INFO: Run Behavior\BuildLiteBehavior [ RunTime:0.000034s ]
INFO: [ app_init ] --END-- [ RunTime:0.000781s ]
ERR: 无法加载模块:Application

[ 2018-06-28T10:26:08+08:00 ] ::1 /thinkphp_hotel/Application/Admin/Public/images/tab-thbg.png
INFO: [ app_init ] --START--
INFO: Run Behavior\BuildLiteBehavior [ RunTime:0.000021s ]
INFO: [ app_init ] --END-- [ RunTime:0.000571s ]
ERR: 无法加载模块:Application

[ 2018-06-28T10:26:11+08:00 ] ::1 /thinkphp_hotel/Application/Admin/Public/images/tab-thbg.png
INFO: [ app_init ] --START--
INFO: Run Behavior\BuildLiteBehavior [ RunTime:0.000014s ]
INFO: [ app_init ] --END-- [ RunTime:0.000363s ]
ERR: 无法加载模块:Application

[ 2018-06-28T10:26:34+08:00 ] ::1 /thinkphp_hotel/Application/Admin/Public/images/tab-thbg.png
INFO: [ app_init ] --START--
INFO: Run Behavior\BuildLiteBehavior [ RunTime:0.000037s ]
INFO: [ app_init ] --END-- [ RunTime:0.000716s ]
ERR: 无法加载模块:Application

[ 2018-06-28T10:26:37+08:00 ] ::1 /thinkphp_hotel/Application/Admin/Public/images/tab-thbg.png
INFO: [ app_init ] --START--
INFO: Run Behavior\BuildLiteBehavior [ RunTime:0.000051s ]
INFO: [ app_init ] --END-- [ RunTime:0.000751s ]
ERR: 无法加载模块:Application

[ 2018-06-28T10:26:48+08:00 ] ::1 /thinkphp_hotel/Application/Admin/Public/images/tab-thbg.png
INFO: [ app_init ] --START--
INFO: Run Behavior\BuildLiteBehavior [ RunTime:0.000100s ]
INFO: [ app_init ] --END-- [ RunTime:0.001513s ]
ERR: 无法加载模块:Application

[ 2018-06-28T10:27:01+08:00 ] ::1 /thinkphp_hotel/Application/Admin/Public/images/tab-thbg.png
INFO: [ app_init ] --START--
INFO: Run Behavior\BuildLiteBehavior [ RunTime:0.000022s ]
INFO: [ app_init ] --END-- [ RunTime:0.000755s ]
ERR: 无法加载模块:Application

[ 2018-06-28T10:31:09+08:00 ] ::1 /thinkphp_hotel/Application/Admin/Public/images/tab-thbg.png
INFO: [ app_init ] --START--
INFO: Run Behavior\BuildLiteBehavior [ RunTime:0.000021s ]
INFO: [ app_init ] --END-- [ RunTime:0.000750s ]
ERR: 无法加载模块:Application

[ 2018-06-28T10:33:39+08:00 ] ::1 /thinkphp_hotel/Application/Admin/Public/images/tab-thbg.png
INFO: [ app_init ] --START--
INFO: Run Behavior\BuildLiteBehavior [ RunTime:0.000024s ]
INFO: [ app_init ] --END-- [ RunTime:0.000951s ]
ERR: 无法加载模块:Application

[ 2018-06-28T10:38:46+08:00 ] ::1 /thinkphp_hotel/Application/Admin/Public/images/tab-thbg.png
INFO: [ app_init ] --START--
INFO: Run Behavior\BuildLiteBehavior [ RunTime:0.000059s ]
INFO: [ app_init ] --END-- [ RunTime:0.002371s ]
ERR: 无法加载模块:Application

[ 2018-06-28T10:39:09+08:00 ] ::1 /thinkphp_hotel/Application/Admin/Public/images/tab-thbg.png
INFO: [ app_init ] --START--
INFO: Run Behavior\BuildLiteBehavior [ RunTime:0.000038s ]
INFO: [ app_init ] --END-- [ RunTime:0.001019s ]
ERR: 无法加载模块:Application

[ 2018-06-28T10:40:47+08:00 ] ::1 /thinkphp_hotel/Application/Admin/Public/images/tab-thbg.png
INFO: [ app_init ] --START--
INFO: Run Behavior\BuildLiteBehavior [ RunTime:0.000030s ]
INFO: [ app_init ] --END-- [ RunTime:0.000795s ]
ERR: 无法加载模块:Application

[ 2018-06-28T10:40:55+08:00 ] ::1 /thinkphp_hotel/Application/Admin/Public/images/tab-thbg.png
INFO: [ app_init ] --START--
INFO: Run Behavior\BuildLiteBehavior [ RunTime:0.000023s ]
INFO: [ app_init ] --END-- [ RunTime:0.000811s ]
ERR: 无法加载模块:Application

[ 2018-06-28T10:42:08+08:00 ] ::1 /thinkphp_hotel/Application/Admin/Public/images/tab-thbg.png
INFO: [ app_init ] --START--
INFO: Run Behavior\BuildLiteBehavior [ RunTime:0.000294s ]
INFO: [ app_init ] --END-- [ RunTime:0.001172s ]
ERR: 无法加载模块:Application

[ 2018-06-28T10:43:08+08:00 ] ::1 /thinkphp_hotel/Application/Admin/Public/images/tab-thbg.png
INFO: [ app_init ] --START--
INFO: Run Behavior\BuildLiteBehavior [ RunTime:0.000024s ]
INFO: [ app_init ] --END-- [ RunTime:0.000823s ]
ERR: 无法加载模块:Application

[ 2018-06-28T10:43:49+08:00 ] ::1 /thinkphp_hotel/Application/Admin/Public/images/tab-thbg.png
INFO: [ app_init ] --START--
INFO: Run Behavior\BuildLiteBehavior [ RunTime:0.000023s ]
INFO: [ app_init ] --END-- [ RunTime:0.001003s ]
ERR: 无法加载模块:Application

[ 2018-06-28T10:53:29+08:00 ] ::1 /thinkphp_hotel/Application/Admin/Public/images/tab-thbg.png
INFO: [ app_init ] --START--
INFO: Run Behavior\BuildLiteBehavior [ RunTime:0.000014s ]
INFO: [ app_init ] --END-- [ RunTime:0.000593s ]
ERR: 无法加载模块:Application

[ 2018-06-28T10:54:22+08:00 ] ::1 /thinkphp_hotel/Application/Admin/Public/images/tab-thbg.png
INFO: [ app_init ] --START--
INFO: Run Behavior\BuildLiteBehavior [ RunTime:0.000025s ]
INFO: [ app_init ] --END-- [ RunTime:0.000588s ]
ERR: 无法加载模块:Application

[ 2018-06-28T10:54:30+08:00 ] ::1 /thinkphp_hotel/Application/Admin/Public/images/tab-thbg.png
INFO: [ app_init ] --START--
INFO: Run Behavior\BuildLiteBehavior [ RunTime:0.000027s ]
INFO: [ app_init ] --END-- [ RunTime:0.001734s ]
ERR: 无法加载模块:Application

[ 2018-06-28T10:54:58+08:00 ] ::1 /thinkphp_hotel/Application/Admin/Public/images/tab-thbg.png
INFO: [ app_init ] --START--
INFO: Run Behavior\BuildLiteBehavior [ RunTime:0.000022s ]
INFO: [ app_init ] --END-- [ RunTime:0.000731s ]
ERR: 无法加载模块:Application

[ 2018-06-28T10:57:03+08:00 ] ::1 /thinkphp_hotel/Application/Admin/Public/images/tab-thbg.png
INFO: [ app_init ] --START--
INFO: Run Behavior\BuildLiteBehavior [ RunTime:0.000023s ]
INFO: [ app_init ] --END-- [ RunTime:0.000735s ]
ERR: 无法加载模块:Application

[ 2018-06-28T10:57:06+08:00 ] ::1 /thinkphp_hotel/Application/Admin/Public/images/tab-thbg.png
INFO: [ app_init ] --START--
INFO: Run Behavior\BuildLiteBehavior [ RunTime:0.000014s ]
INFO: [ app_init ] --END-- [ RunTime:0.000481s ]
ERR: 无法加载模块:Application

[ 2018-06-28T10:57:16+08:00 ] ::1 /thinkphp_hotel/Application/Admin/Public/images/tab-thbg.png
INFO: [ app_init ] --START--
INFO: Run Behavior\BuildLiteBehavior [ RunTime:0.000022s ]
INFO: [ app_init ] --END-- [ RunTime:0.000860s ]
ERR: 无法加载模块:Application

[ 2018-06-28T10:58:30+08:00 ] ::1 /thinkphp_hotel/Application/Admin/Public/images/tab-thbg.png
INFO: [ app_init ] --START--
INFO: Run Behavior\BuildLiteBehavior [ RunTime:0.000025s ]
INFO: [ app_init ] --END-- [ RunTime:0.000796s ]
ERR: 无法加载模块:Application

[ 2018-06-28T10:58:35+08:00 ] ::1 /thinkphp_hotel/Application/Admin/Public/images/tab-thbg.png
INFO: [ app_init ] --START--
INFO: Run Behavior\BuildLiteBehavior [ RunTime:0.000116s ]
INFO: [ app_init ] --END-- [ RunTime:0.001476s ]
ERR: 无法加载模块:Application

[ 2018-06-28T11:12:29+08:00 ] ::1 /thinkphp_hotel/Application/Admin/Public/images/tab-thbg.png
INFO: [ app_init ] --START--
INFO: Run Behavior\BuildLiteBehavior [ RunTime:0.000015s ]
INFO: [ app_init ] --END-- [ RunTime:0.000805s ]
ERR: 无法加载模块:Application

[ 2018-06-28T11:13:17+08:00 ] ::1 /thinkphp_hotel/Application/Admin/Public/images/tab-thbg.png
INFO: [ app_init ] --START--
INFO: Run Behavior\BuildLiteBehavior [ RunTime:0.000022s ]
INFO: [ app_init ] --END-- [ RunTime:0.000698s ]
ERR: 无法加载模块:Application

[ 2018-06-28T11:13:29+08:00 ] ::1 /thinkphp_hotel/Application/Admin/Public/images/tab-thbg.png
INFO: [ app_init ] --START--
INFO: Run Behavior\BuildLiteBehavior [ RunTime:0.000024s ]
INFO: [ app_init ] --END-- [ RunTime:0.000832s ]
ERR: 无法加载模块:Application

[ 2018-06-28T11:14:31+08:00 ] ::1 /thinkphp_hotel/Application/Admin/Public/images/tab-thbg.png
INFO: [ app_init ] --START--
INFO: Run Behavior\BuildLiteBehavior [ RunTime:0.000013s ]
INFO: [ app_init ] --END-- [ RunTime:0.000463s ]
ERR: 无法加载模块:Application

[ 2018-06-28T11:14:36+08:00 ] ::1 /thinkphp_hotel/Application/Admin/Public/images/tab-thbg.png
INFO: [ app_init ] --START--
INFO: Run Behavior\BuildLiteBehavior [ RunTime:0.000063s ]
INFO: [ app_init ] --END-- [ RunTime:0.002351s ]
ERR: 无法加载模块:Application

[ 2018-06-28T11:16:23+08:00 ] ::1 /thinkphp_hotel/Application/Admin/Public/images/tab-thbg.png
INFO: [ app_init ] --START--
INFO: Run Behavior\BuildLiteBehavior [ RunTime:0.000018s ]
INFO: [ app_init ] --END-- [ RunTime:0.000544s ]
ERR: 无法加载模块:Application

[ 2018-06-28T11:41:24+08:00 ] ::1 /thinkphp_hotel/Application/Admin/Public/images/tab-thbg.png
INFO: [ app_init ] --START--
INFO: Run Behavior\BuildLiteBehavior [ RunTime:0.000023s ]
INFO: [ app_init ] --END-- [ RunTime:0.000710s ]
ERR: 无法加载模块:Application

[ 2018-06-28T11:41:53+08:00 ] ::1 /thinkphp_hotel/Application/Admin/Public/images/tab-thbg.png
INFO: [ app_init ] --START--
INFO: Run Behavior\BuildLiteBehavior [ RunTime:0.000021s ]
INFO: [ app_init ] --END-- [ RunTime:0.000707s ]
ERR: 无法加载模块:Application

[ 2018-06-28T11:42:39+08:00 ] ::1 /thinkphp_hotel/Application/Admin/Public/images/tab-thbg.png
INFO: [ app_init ] --START--
INFO: Run Behavior\BuildLiteBehavior [ RunTime:0.000015s ]
INFO: [ app_init ] --END-- [ RunTime:0.000516s ]
ERR: 无法加载模块:Application

[ 2018-06-28T11:45:34+08:00 ] ::1 /thinkphp_hotel/Application/Admin/Public/images/tab-thbg.png
INFO: [ app_init ] --START--
INFO: Run Behavior\BuildLiteBehavior [ RunTime:0.000022s ]
INFO: [ app_init ] --END-- [ RunTime:0.000734s ]
ERR: 无法加载模块:Application

[ 2018-06-28T11:45:55+08:00 ] ::1 /thinkphp_hotel/Application/Admin/Public/images/tab-thbg.png
INFO: [ app_init ] --START--
INFO: Run Behavior\BuildLiteBehavior [ RunTime:0.000029s ]
INFO: [ app_init ] --END-- [ RunTime:0.000928s ]
ERR: 无法加载模块:Application

[ 2018-06-28T11:46:07+08:00 ] ::1 /thinkphp_hotel/Application/Admin/Public/images/tab-thbg.png
INFO: [ app_init ] --START--
INFO: Run Behavior\BuildLiteBehavior [ RunTime:0.000178s ]
INFO: [ app_init ] --END-- [ RunTime:0.002508s ]
ERR: 无法加载模块:Application

[ 2018-06-28T11:46:19+08:00 ] ::1 /thinkphp_hotel/Application/Admin/Public/images/tab-thbg.png
INFO: [ app_init ] --START--
INFO: Run Behavior\BuildLiteBehavior [ RunTime:0.000024s ]
INFO: [ app_init ] --END-- [ RunTime:0.000942s ]
ERR: 无法加载模块:Application

[ 2018-06-28T11:46:30+08:00 ] ::1 /thinkphp_hotel/Application/Admin/Public/images/tab-thbg.png
INFO: [ app_init ] --START--
INFO: Run Behavior\BuildLiteBehavior [ RunTime:0.000023s ]
INFO: [ app_init ] --END-- [ RunTime:0.000737s ]
ERR: 无法加载模块:Application

[ 2018-06-28T11:46:52+08:00 ] ::1 /thinkphp_hotel/Application/Admin/Public/images/tab-thbg.png
INFO: [ app_init ] --START--
INFO: Run Behavior\BuildLiteBehavior [ RunTime:0.000015s ]
INFO: [ app_init ] --END-- [ RunTime:0.000509s ]
ERR: 无法加载模块:Application

[ 2018-06-28T12:18:17+08:00 ] ::1 /thinkphp_hotel/Application/Admin/Public/images/tab-thbg.png
INFO: [ app_init ] --START--
INFO: Run Behavior\BuildLiteBehavior [ RunTime:0.000021s ]
INFO: [ app_init ] --END-- [ RunTime:0.000692s ]
ERR: 无法加载模块:Application

[ 2018-06-28T12:18:59+08:00 ] ::1 /thinkphp_hotel/Application/Admin/Public/images/tab-thbg.png
INFO: [ app_init ] --START--
INFO: Run Behavior\BuildLiteBehavior [ RunTime:0.000023s ]
INFO: [ app_init ] --END-- [ RunTime:0.000765s ]
ERR: 无法加载模块:Application

[ 2018-06-28T12:19:05+08:00 ] ::1 /thinkphp_hotel/Application/Admin/Public/images/tab-thbg.png
INFO: [ app_init ] --START--
INFO: Run Behavior\BuildLiteBehavior [ RunTime:0.000037s ]
INFO: [ app_init ] --END-- [ RunTime:0.000896s ]
ERR: 无法加载模块:Application

[ 2018-06-28T12:23:09+08:00 ] ::1 /thinkphp_hotel/Application/Admin/Public/images/tab-thbg.png
INFO: [ app_init ] --START--
INFO: Run Behavior\BuildLiteBehavior [ RunTime:0.000069s ]
INFO: [ app_init ] --END-- [ RunTime:0.000978s ]
ERR: 无法加载模块:Application

[ 2018-06-28T12:37:56+08:00 ] ::1 /thinkphp_hotel/Application/Admin/Public/images/tab-thbg.png
INFO: [ app_init ] --START--
INFO: Run Behavior\BuildLiteBehavior [ RunTime:0.000014s ]
INFO: [ app_init ] --END-- [ RunTime:0.000499s ]
ERR: 无法加载模块:Application

[ 2018-06-28T13:05:45+08:00 ] ::1 /thinkphp_hotel/Application/Admin/Public/images/tab-thbg.png
INFO: [ app_init ] --START--
INFO: Run Behavior\BuildLiteBehavior [ RunTime:0.000038s ]
INFO: [ app_init ] --END-- [ RunTime:0.001247s ]
ERR: 无法加载模块:Application

[ 2018-06-28T13:05:59+08:00 ] ::1 /thinkphp_hotel/Application/Admin/Public/images/tab-thbg.png
INFO: [ app_init ] --START--
INFO: Run Behavior\BuildLiteBehavior [ RunTime:0.000026s ]
INFO: [ app_init ] --END-- [ RunTime:0.001326s ]
ERR: 无法加载模块:Application

[ 2018-06-28T13:06:02+08:00 ] ::1 /thinkphp_hotel/Application/Admin/Public/images/tab-thbg.png
INFO: [ app_init ] --START--
INFO: Run Behavior\BuildLiteBehavior [ RunTime:0.000028s ]
INFO: [ app_init ] --END-- [ RunTime:0.000909s ]
ERR: 无法加载模块:Application

[ 2018-06-28T13:06:47+08:00 ] ::1 /thinkphp_hotel/Application/Admin/Public/images/tab-thbg.png
INFO: [ app_init ] --START--
INFO: Run Behavior\BuildLiteBehavior [ RunTime:0.000022s ]
INFO: [ app_init ] --END-- [ RunTime:0.000862s ]
ERR: 无法加载模块:Application

[ 2018-06-28T13:12:22+08:00 ] ::1 /thinkphp_hotel/Application/Admin/Public/images/tab-thbg.png
INFO: [ app_init ] --START--
INFO: Run Behavior\BuildLiteBehavior [ RunTime:0.000038s ]
INFO: [ app_init ] --END-- [ RunTime:0.000792s ]
ERR: 无法加载模块:Application

[ 2018-06-28T13:12:26+08:00 ] ::1 /thinkphp_hotel/Application/Admin/Public/images/tab-thbg.png
INFO: [ app_init ] --START--
INFO: Run Behavior\BuildLiteBehavior [ RunTime:0.000026s ]
INFO: [ app_init ] --END-- [ RunTime:0.000931s ]
ERR: 无法加载模块:Application

[ 2018-06-28T13:13:16+08:00 ] ::1 /thinkphp_hotel/Application/Admin/Public/images/tab-thbg.png
INFO: [ app_init ] --START--
INFO: Run Behavior\BuildLiteBehavior [ RunTime:0.000014s ]
INFO: [ app_init ] --END-- [ RunTime:0.000459s ]
ERR: 无法加载模块:Application

[ 2018-06-28T13:20:53+08:00 ] ::1 /thinkphp_hotel/Application/Admin/Public/images/tab-thbg.png
INFO: [ app_init ] --START--
INFO: Run Behavior\BuildLiteBehavior [ RunTime:0.000013s ]
INFO: [ app_init ] --END-- [ RunTime:0.000453s ]
ERR: 无法加载模块:Application

[ 2018-06-28T13:57:04+08:00 ] ::1 /thinkphp_hotel/Application/Admin/Public/images/tab-thbg.png
INFO: [ app_init ] --START--
INFO: Run Behavior\BuildLiteBehavior [ RunTime:0.000013s ]
INFO: [ app_init ] --END-- [ RunTime:0.000481s ]
ERR: 无法加载模块:Application

[ 2018-06-28T13:58:16+08:00 ] ::1 /thinkphp_hotel/Application/Admin/Public/images/tab-thbg.png
INFO: [ app_init ] --START--
INFO: Run Behavior\BuildLiteBehavior [ RunTime:0.000021s ]
INFO: [ app_init ] --END-- [ RunTime:0.000821s ]
ERR: 无法加载模块:Application

[ 2018-06-28T14:07:16+08:00 ] ::1 /thinkphp_hotel/Application/Admin/Public/images/tab-thbg.png
INFO: [ app_init ] --START--
INFO: Run Behavior\BuildLiteBehavior [ RunTime:0.000020s ]
INFO: [ app_init ] --END-- [ RunTime:0.000505s ]
ERR: 无法加载模块:Application

[ 2018-06-28T14:07:30+08:00 ] ::1 /thinkphp_hotel/Application/Admin/Public/images/tab-thbg.png
INFO: [ app_init ] --START--
INFO: Run Behavior\BuildLiteBehavior [ RunTime:0.000014s ]
INFO: [ app_init ] --END-- [ RunTime:0.000498s ]
ERR: 无法加载模块:Application

[ 2018-06-28T14:07:32+08:00 ] ::1 /thinkphp_hotel/Application/Admin/Public/images/tab-thbg.png
INFO: [ app_init ] --START--
INFO: Run Behavior\BuildLiteBehavior [ RunTime:0.000021s ]
INFO: [ app_init ] --END-- [ RunTime:0.000660s ]
ERR: 无法加载模块:Application

[ 2018-06-28T14:07:35+08:00 ] ::1 /thinkphp_hotel/Application/Admin/Public/images/tab-thbg.png
INFO: [ app_init ] --START--
INFO: Run Behavior\BuildLiteBehavior [ RunTime:0.000023s ]
INFO: [ app_init ] --END-- [ RunTime:0.000807s ]
ERR: 无法加载模块:Application

[ 2018-06-28T14:10:16+08:00 ] ::1 /thinkphp_hotel/Application/Admin/Public/images/tab-thbg.png
INFO: [ app_init ] --START--
INFO: Run Behavior\BuildLiteBehavior [ RunTime:0.000037s ]
INFO: [ app_init ] --END-- [ RunTime:0.000853s ]
ERR: 无法加载模块:Application

[ 2018-06-28T14:10:18+08:00 ] ::1 /thinkphp_hotel/Application/Admin/Public/images/tab-thbg.png
INFO: [ app_init ] --START--
INFO: Run Behavior\BuildLiteBehavior [ RunTime:0.000016s ]
INFO: [ app_init ] --END-- [ RunTime:0.000753s ]
ERR: 无法加载模块:Application

[ 2018-06-28T14:11:05+08:00 ] ::1 /thinkphp_hotel/Application/Admin/Public/images/tab-thbg.png
INFO: [ app_init ] --START--
INFO: Run Behavior\BuildLiteBehavior [ RunTime:0.000020s ]
INFO: [ app_init ] --END-- [ RunTime:0.000642s ]
ERR: 无法加载模块:Application

[ 2018-06-28T14:11:09+08:00 ] ::1 /thinkphp_hotel/Application/Admin/Public/images/tab-thbg.png
INFO: [ app_init ] --START--
INFO: Run Behavior\BuildLiteBehavior [ RunTime:0.000021s ]
INFO: [ app_init ] --END-- [ RunTime:0.000716s ]
ERR: 无法加载模块:Application

[ 2018-06-28T14:11:13+08:00 ] ::1 /thinkphp_hotel/Application/Admin/Public/images/tab-thbg.png
INFO: [ app_init ] --START--
INFO: Run Behavior\BuildLiteBehavior [ RunTime:0.000015s ]
INFO: [ app_init ] --END-- [ RunTime:0.000477s ]
ERR: 无法加载模块:Application

[ 2018-06-28T14:11:15+08:00 ] ::1 /thinkphp_hotel/Application/Admin/Public/images/tab-thbg.png
INFO: [ app_init ] --START--
INFO: Run Behavior\BuildLiteBehavior [ RunTime:0.000038s ]
INFO: [ app_init ] --END-- [ RunTime:0.001310s ]
ERR: 无法加载模块:Application

[ 2018-06-28T14:11:56+08:00 ] ::1 /thinkphp_hotel/Application/Admin/Public/images/tab-thbg.png
INFO: [ app_init ] --START--
INFO: Run Behavior\BuildLiteBehavior [ RunTime:0.000023s ]
INFO: [ app_init ] --END-- [ RunTime:0.000628s ]
ERR: 无法加载模块:Application

[ 2018-06-28T14:15:04+08:00 ] ::1 /thinkphp_hotel/Application/Admin/Public/images/tab-thbg.png
INFO: [ app_init ] --START--
INFO: Run Behavior\BuildLiteBehavior [ RunTime:0.000023s ]
INFO: [ app_init ] --END-- [ RunTime:0.000912s ]
ERR: 无法加载模块:Application

[ 2018-06-28T14:15:06+08:00 ] ::1 /thinkphp_hotel/Application/Admin/Public/images/tab-thbg.png
INFO: [ app_init ] --START--
INFO: Run Behavior\BuildLiteBehavior [ RunTime:0.000029s ]
INFO: [ app_init ] --END-- [ RunTime:0.000758s ]
ERR: 无法加载模块:Application

[ 2018-06-28T14:15:11+08:00 ] ::1 /thinkphp_hotel/Application/Admin/Public/images/tab-thbg.png
INFO: [ app_init ] --START--
INFO: Run Behavior\BuildLiteBehavior [ RunTime:0.000022s ]
INFO: [ app_init ] --END-- [ RunTime:0.000791s ]
ERR: 无法加载模块:Application

[ 2018-06-28T14:15:22+08:00 ] ::1 /thinkphp_hotel/Application/Admin/Public/images/tab-thbg.png
INFO: [ app_init ] --START--
INFO: Run Behavior\BuildLiteBehavior [ RunTime:0.000180s ]
INFO: [ app_init ] --END-- [ RunTime:0.001793s ]
ERR: 无法加载模块:Application

[ 2018-06-28T14:15:25+08:00 ] ::1 /thinkphp_hotel/Application/Admin/Public/images/tab-thbg.png
INFO: [ app_init ] --START--
INFO: Run Behavior\BuildLiteBehavior [ RunTime:0.000025s ]
INFO: [ app_init ] --END-- [ RunTime:0.000786s ]
ERR: 无法加载模块:Application

[ 2018-06-28T14:15:56+08:00 ] ::1 /thinkphp_hotel/Application/Admin/Public/images/tab-thbg.png
INFO: [ app_init ] --START--
INFO: Run Behavior\BuildLiteBehavior [ RunTime:0.000025s ]
INFO: [ app_init ] --END-- [ RunTime:0.000476s ]
ERR: 无法加载模块:Application

[ 2018-06-28T14:16:00+08:00 ] ::1 /thinkphp_hotel/Application/Admin/Public/images/tab-thbg.png
INFO: [ app_init ] --START--
INFO: Run Behavior\BuildLiteBehavior [ RunTime:0.000047s ]
INFO: [ app_init ] --END-- [ RunTime:0.001313s ]
ERR: 无法加载模块:Application

[ 2018-06-28T14:16:05+08:00 ] ::1 /thinkphp_hotel/Application/Admin/Public/images/tab-thbg.png
INFO: [ app_init ] --START--
INFO: Run Behavior\BuildLiteBehavior [ RunTime:0.000017s ]
INFO: [ app_init ] --END-- [ RunTime:0.002052s ]
ERR: 无法加载模块:Application

[ 2018-06-28T14:16:07+08:00 ] ::1 /thinkphp_hotel/Application/Admin/Public/images/tab-thbg.png
INFO: [ app_init ] --START--
INFO: Run Behavior\BuildLiteBehavior [ RunTime:0.000018s ]
INFO: [ app_init ] --END-- [ RunTime:0.000812s ]
ERR: 无法加载模块:Application

[ 2018-06-28T14:16:08+08:00 ] ::1 /thinkphp_hotel/Application/Admin/Public/images/tab-thbg.png
INFO: [ app_init ] --START--
INFO: Run Behavior\BuildLiteBehavior [ RunTime:0.000016s ]
INFO: [ app_init ] --END-- [ RunTime:0.000491s ]
ERR: 无法加载模块:Application

[ 2018-06-28T14:16:10+08:00 ] ::1 /thinkphp_hotel/Application/Admin/Public/images/tab-thbg.png
INFO: [ app_init ] --START--
INFO: Run Behavior\BuildLiteBehavior [ RunTime:0.000014s ]
INFO: [ app_init ] --END-- [ RunTime:0.000549s ]
ERR: 无法加载模块:Application

[ 2018-06-28T14:18:16+08:00 ] ::1 /thinkphp_hotel/Application/Admin/Public/images/tab-thbg.png
INFO: [ app_init ] --START--
INFO: Run Behavior\BuildLiteBehavior [ RunTime:0.000025s ]
INFO: [ app_init ] --END-- [ RunTime:0.000806s ]
ERR: 无法加载模块:Application

[ 2018-06-28T14:19:44+08:00 ] ::1 /thinkphp_hotel/Application/Admin/Public/images/tab-thbg.png
INFO: [ app_init ] --START--
INFO: Run Behavior\BuildLiteBehavior [ RunTime:0.000026s ]
INFO: [ app_init ] --END-- [ RunTime:0.000844s ]
ERR: 无法加载模块:Application

[ 2018-06-28T14:19:53+08:00 ] ::1 /thinkphp_hotel/Application/Admin/Public/images/tab-thbg.png
INFO: [ app_init ] --START--
INFO: Run Behavior\BuildLiteBehavior [ RunTime:0.000025s ]
INFO: [ app_init ] --END-- [ RunTime:0.000793s ]
ERR: 无法加载模块:Application

[ 2018-06-28T14:27:13+08:00 ] ::1 /thinkphp_hotel/Application/Admin/Public/images/tab-thbg.png
INFO: [ app_init ] --START--
INFO: Run Behavior\BuildLiteBehavior [ RunTime:0.000026s ]
INFO: [ app_init ] --END-- [ RunTime:0.001053s ]
ERR: 无法加载模块:Application

[ 2018-06-28T14:27:47+08:00 ] ::1 /thinkphp_hotel/Application/Admin/Public/images/tab-thbg.png
INFO: [ app_init ] --START--
INFO: Run Behavior\BuildLiteBehavior [ RunTime:0.000026s ]
INFO: [ app_init ] --END-- [ RunTime:0.000840s ]
ERR: 无法加载模块:Application

[ 2018-06-28T14:32:38+08:00 ] ::1 /thinkphp_hotel/Application/Home/Public/images/tab-thbg.png
INFO: [ app_init ] --START--
INFO: Run Behavior\BuildLiteBehavior [ RunTime:0.000015s ]
INFO: [ app_init ] --END-- [ RunTime:0.000519s ]
ERR: 无法加载模块:Application

[ 2018-06-28T14:32:43+08:00 ] ::1 /thinkphp_hotel/Application/Home/Public/images/tab-thbg.png
INFO: [ app_init ] --START--
INFO: Run Behavior\BuildLiteBehavior [ RunTime:0.000023s ]
INFO: [ app_init ] --END-- [ RunTime:0.000742s ]
ERR: 无法加载模块:Application

[ 2018-06-28T14:32:54+08:00 ] ::1 /thinkphp_hotel/Application/Home/Public/images/tab-thbg.png
INFO: [ app_init ] --START--
INFO: Run Behavior\BuildLiteBehavior [ RunTime:0.000023s ]
INFO: [ app_init ] --END-- [ RunTime:0.000793s ]
ERR: 无法加载模块:Application

[ 2018-06-28T14:32:57+08:00 ] ::1 /thinkphp_hotel/Application/Home/Public/images/tab-thbg.png
INFO: [ app_init ] --START--
INFO: Run Behavior\BuildLiteBehavior [ RunTime:0.000025s ]
INFO: [ app_init ] --END-- [ RunTime:0.000998s ]
ERR: 无法加载模块:Application

[ 2018-06-28T14:33:04+08:00 ] ::1 /thinkphp_hotel/Application/Home/Public/images/tab-thbg.png
INFO: [ app_init ] --START--
INFO: Run Behavior\BuildLiteBehavior [ RunTime:0.000025s ]
INFO: [ app_init ] --END-- [ RunTime:0.000889s ]
ERR: 无法加载模块:Application

[ 2018-06-28T14:33:07+08:00 ] ::1 /thinkphp_hotel/Application/Home/Public/images/tab-thbg.png
INFO: [ app_init ] --START--
INFO: Run Behavior\BuildLiteBehavior [ RunTime:0.000022s ]
INFO: [ app_init ] --END-- [ RunTime:0.000853s ]
ERR: 无法加载模块:Application

[ 2018-06-28T14:33:27+08:00 ] ::1 /thinkphp_hotel/Application/Home/Public/images/tab-thbg.png
INFO: [ app_init ] --START--
INFO: Run Behavior\BuildLiteBehavior [ RunTime:0.000022s ]
INFO: [ app_init ] --END-- [ RunTime:0.000860s ]
ERR: 无法加载模块:Application

[ 2018-06-28T14:33:36+08:00 ] ::1 /thinkphp_hotel/Application/Admin/Public/images/tab-thbg.png
INFO: [ app_init ] --START--
INFO: Run Behavior\BuildLiteBehavior [ RunTime:0.000013s ]
INFO: [ app_init ] --END-- [ RunTime:0.000454s ]
ERR: 无法加载模块:Application

[ 2018-06-28T14:34:20+08:00 ] ::1 /thinkphp_hotel/Application/Home/Public/images/tab-thbg.png
INFO: [ app_init ] --START--
INFO: Run Behavior\BuildLiteBehavior [ RunTime:0.000034s ]
INFO: [ app_init ] --END-- [ RunTime:0.000993s ]
ERR: 无法加载模块:Application

[ 2018-06-28T14:35:44+08:00 ] ::1 /thinkphp_hotel/Application/Home/Public/images/tab-thbg.png
INFO: [ app_init ] --START--
INFO: Run Behavior\BuildLiteBehavior [ RunTime:0.000016s ]
INFO: [ app_init ] --END-- [ RunTime:0.000506s ]
ERR: 无法加载模块:Application

[ 2018-06-28T14:37:00+08:00 ] ::1 /thinkphp_hotel/Application/Home/Public/images/tab-thbg.png
INFO: [ app_init ] --START--
INFO: Run Behavior\BuildLiteBehavior [ RunTime:0.000020s ]
INFO: [ app_init ] --END-- [ RunTime:0.000591s ]
ERR: 无法加载模块:Application

[ 2018-06-28T14:37:00+08:00 ] ::1 /thinkphp_hotel/Application/Home/Public/fonts/icomoon.woff
INFO: [ app_init ] --START--
INFO: Run Behavior\BuildLiteBehavior [ RunTime:0.000036s ]
INFO: [ app_init ] --END-- [ RunTime:0.001106s ]
ERR: 无法加载模块:Application

[ 2018-06-28T14:37:00+08:00 ] ::1 /thinkphp_hotel/Application/Home/Public/fonts/icomoon.ttf
INFO: [ app_init ] --START--
INFO: Run Behavior\BuildLiteBehavior [ RunTime:0.000014s ]
INFO: [ app_init ] --END-- [ RunTime:0.000450s ]
ERR: 无法加载模块:Application

[ 2018-06-28T14:37:11+08:00 ] ::1 /thinkphp_hotel/Application/Home/Public/images/tab-thbg.png
INFO: [ app_init ] --START--
INFO: Run Behavior\BuildLiteBehavior [ RunTime:0.000021s ]
INFO: [ app_init ] --END-- [ RunTime:0.000713s ]
ERR: 无法加载模块:Application

[ 2018-06-28T14:37:11+08:00 ] ::1 /thinkphp_hotel/Application/Home/Public/fonts/icomoon.woff
INFO: [ app_init ] --START--
INFO: Run Behavior\BuildLiteBehavior [ RunTime:0.000023s ]
INFO: [ app_init ] --END-- [ RunTime:0.000879s ]
ERR: 无法加载模块:Application

[ 2018-06-28T14:37:11+08:00 ] ::1 /thinkphp_hotel/Application/Home/Public/fonts/icomoon.ttf
INFO: [ app_init ] --START--
INFO: Run Behavior\BuildLiteBehavior [ RunTime:0.000043s ]
INFO: [ app_init ] --END-- [ RunTime:0.000836s ]
ERR: 无法加载模块:Application

[ 2018-06-28T14:44:51+08:00 ] ::1 /thinkphp_hotel/Application/Admin/Public/images/tab-thbg.png
INFO: [ app_init ] --START--
INFO: Run Behavior\BuildLiteBehavior [ RunTime:0.000014s ]
INFO: [ app_init ] --END-- [ RunTime:0.000407s ]
ERR: 无法加载模块:Application

[ 2018-06-28T14:46:36+08:00 ] ::1 /thinkphp_hotel/Application/Admin/Public/images/tab-thbg.png
INFO: [ app_init ] --START--
INFO: Run Behavior\BuildLiteBehavior [ RunTime:0.000014s ]
INFO: [ app_init ] --END-- [ RunTime:0.000510s ]
ERR: 无法加载模块:Application

[ 2018-06-28T14:46:46+08:00 ] ::1 /thinkphp_hotel/Application/Admin/Public/images/tab-thbg.png
INFO: [ app_init ] --START--
INFO: Run Behavior\BuildLiteBehavior [ RunTime:0.000015s ]
INFO: [ app_init ] --END-- [ RunTime:0.000473s ]
ERR: 无法加载模块:Application

[ 2018-06-28T14:47:17+08:00 ] ::1 /thinkphp_hotel/Application/Admin/Public/images/tab-thbg.png
INFO: [ app_init ] --START--
INFO: Run Behavior\BuildLiteBehavior [ RunTime:0.000018s ]
INFO: [ app_init ] --END-- [ RunTime:0.000542s ]
ERR: 无法加载模块:Application

[ 2018-06-28T14:48:50+08:00 ] ::1 /thinkphp_hotel/Application/Admin/Public/images/tab-thbg.png
INFO: [ app_init ] --START--
INFO: Run Behavior\BuildLiteBehavior [ RunTime:0.000022s ]
INFO: [ app_init ] --END-- [ RunTime:0.000762s ]
ERR: 无法加载模块:Application

[ 2018-06-28T14:49:01+08:00 ] ::1 /thinkphp_hotel/Application/Admin/Public/images/tab-thbg.png
INFO: [ app_init ] --START--
INFO: Run Behavior\BuildLiteBehavior [ RunTime:0.000014s ]
INFO: [ app_init ] --END-- [ RunTime:0.000431s ]
ERR: 无法加载模块:Application

[ 2018-06-28T14:49:37+08:00 ] ::1 /thinkphp_hotel/Application/Admin/Public/images/tab-thbg.png
INFO: [ app_init ] --START--
INFO: Run Behavior\BuildLiteBehavior [ RunTime:0.000021s ]
INFO: [ app_init ] --END-- [ RunTime:0.000552s ]
ERR: 无法加载模块:Application

[ 2018-06-28T14:51:25+08:00 ] ::1 /thinkphp_hotel/Application/Home/Public/images/tab-thbg.png
INFO: [ app_init ] --START--
INFO: Run Behavior\BuildLiteBehavior [ RunTime:0.000029s ]
INFO: [ app_init ] --END-- [ RunTime:0.000660s ]
ERR: 无法加载模块:Application

[ 2018-06-28T14:51:43+08:00 ] ::1 /thinkphp_hotel/Application/Home/Public/images/tab-thbg.png
INFO: [ app_init ] --START--
INFO: Run Behavior\BuildLiteBehavior [ RunTime:0.000023s ]
INFO: [ app_init ] --END-- [ RunTime:0.000647s ]
ERR: 无法加载模块:Application

[ 2018-06-28T14:51:43+08:00 ] ::1 /thinkphp_hotel/Application/Home/Public/fonts/icomoon.woff
INFO: [ app_init ] --START--
INFO: Run Behavior\BuildLiteBehavior [ RunTime:0.000023s ]
INFO: [ app_init ] --END-- [ RunTime:0.000687s ]
ERR: 无法加载模块:Application

[ 2018-06-28T14:51:43+08:00 ] ::1 /thinkphp_hotel/Application/Home/Public/fonts/icomoon.ttf
INFO: [ app_init ] --START--
INFO: Run Behavior\BuildLiteBehavior [ RunTime:0.000014s ]
INFO: [ app_init ] --END-- [ RunTime:0.000445s ]
ERR: 无法加载模块:Application

[ 2018-06-28T14:52:18+08:00 ] ::1 /thinkphp_hotel/Application/Admin/Public/images/tab-thbg.png
INFO: [ app_init ] --START--
INFO: Run Behavior\BuildLiteBehavior [ RunTime:0.000022s ]
INFO: [ app_init ] --END-- [ RunTime:0.000786s ]
ERR: 无法加载模块:Application

[ 2018-06-28T14:52:20+08:00 ] ::1 /thinkphp_hotel/Application/Admin/Public/images/tab-thbg.png
INFO: [ app_init ] --START--
INFO: Run Behavior\BuildLiteBehavior [ RunTime:0.000014s ]
INFO: [ app_init ] --END-- [ RunTime:0.000511s ]
ERR: 无法加载模块:Application

[ 2018-06-28T14:52:36+08:00 ] ::1 /thinkphp_hotel/Application/Admin/Public/images/tab-thbg.png
INFO: [ app_init ] --START--
INFO: Run Behavior\BuildLiteBehavior [ RunTime:0.000023s ]
INFO: [ app_init ] --END-- [ RunTime:0.001161s ]
ERR: 无法加载模块:Application

[ 2018-06-28T15:11:30+08:00 ] ::1 /thinkphp_hotel/Application/Admin/Public/images/tab-thbg.png
INFO: [ app_init ] --START--
INFO: Run Behavior\BuildLiteBehavior [ RunTime:0.000023s ]
INFO: [ app_init ] --END-- [ RunTime:0.000750s ]
ERR: 无法加载模块:Application

[ 2018-06-28T15:11:31+08:00 ] ::1 /thinkphp_hotel/Application/Admin/Public/images/tab-thbg.png
INFO: [ app_init ] --START--
INFO: Run Behavior\BuildLiteBehavior [ RunTime:0.000023s ]
INFO: [ app_init ] --END-- [ RunTime:0.001007s ]
ERR: 无法加载模块:Application

[ 2018-06-28T15:11:32+08:00 ] ::1 /thinkphp_hotel/Application/Admin/Public/images/tab-thbg.png
INFO: [ app_init ] --START--
INFO: Run Behavior\BuildLiteBehavior [ RunTime:0.000029s ]
INFO: [ app_init ] --END-- [ RunTime:0.000680s ]
ERR: 无法加载模块:Application

[ 2018-06-28T15:11:48+08:00 ] ::1 /thinkphp_hotel/Application/Admin/Public/images/tab-thbg.png
INFO: [ app_init ] --START--
INFO: Run Behavior\BuildLiteBehavior [ RunTime:0.000026s ]
INFO: [ app_init ] --END-- [ RunTime:0.000780s ]
ERR: 无法加载模块:Application

[ 2018-06-28T15:11:50+08:00 ] ::1 /thinkphp_hotel/Application/Admin/Public/images/tab-thbg.png
INFO: [ app_init ] --START--
INFO: Run Behavior\BuildLiteBehavior [ RunTime:0.000015s ]
INFO: [ app_init ] --END-- [ RunTime:0.000498s ]
ERR: 无法加载模块:Application

[ 2018-06-28T15:11:51+08:00 ] ::1 /thinkphp_hotel/Application/Admin/Public/images/tab-thbg.png
INFO: [ app_init ] --START--
INFO: Run Behavior\BuildLiteBehavior [ RunTime:0.000030s ]
INFO: [ app_init ] --END-- [ RunTime:0.000825s ]
ERR: 无法加载模块:Application

[ 2018-06-28T15:11:54+08:00 ] ::1 /thinkphp_hotel/Application/Admin/Public/images/tab-thbg.png
INFO: [ app_init ] --START--
INFO: Run Behavior\BuildLiteBehavior [ RunTime:0.000015s ]
INFO: [ app_init ] --END-- [ RunTime:0.000491s ]
ERR: 无法加载模块:Application

[ 2018-06-28T15:12:05+08:00 ] ::1 /thinkphp_hotel/Application/Admin/Public/images/tab-thbg.png
INFO: [ app_init ] --START--
INFO: Run Behavior\BuildLiteBehavior [ RunTime:0.000025s ]
INFO: [ app_init ] --END-- [ RunTime:0.000800s ]
ERR: 无法加载模块:Application

[ 2018-06-28T15:12:33+08:00 ] ::1 /thinkphp_hotel/Application/Home/Public/images/tab-thbg.png
INFO: [ app_init ] --START--
INFO: Run Behavior\BuildLiteBehavior [ RunTime:0.000072s ]
INFO: [ app_init ] --END-- [ RunTime:0.001122s ]
ERR: 无法加载模块:Application

[ 2018-06-28T15:12:51+08:00 ] ::1 /thinkphp_hotel/Application/Admin/Public/images/tab-thbg.png
INFO: [ app_init ] --START--
INFO: Run Behavior\BuildLiteBehavior [ RunTime:0.000020s ]
INFO: [ app_init ] --END-- [ RunTime:0.000525s ]
ERR: 无法加载模块:Application

[ 2018-06-28T15:12:52+08:00 ] ::1 /thinkphp_hotel/Application/Admin/Public/images/tab-thbg.png
INFO: [ app_init ] --START--
INFO: Run Behavior\BuildLiteBehavior [ RunTime:0.000013s ]
INFO: [ app_init ] --END-- [ RunTime:0.000480s ]
ERR: 无法加载模块:Application

[ 2018-06-28T15:12:53+08:00 ] ::1 /thinkphp_hotel/Application/Admin/Public/images/tab-thbg.png
INFO: [ app_init ] --START--
INFO: Run Behavior\BuildLiteBehavior [ RunTime:0.000021s ]
INFO: [ app_init ] --END-- [ RunTime:0.000801s ]
ERR: 无法加载模块:Application

[ 2018-06-28T15:12:54+08:00 ] ::1 /thinkphp_hotel/Application/Admin/Public/images/tab-thbg.png
INFO: [ app_init ] --START--
INFO: Run Behavior\BuildLiteBehavior [ RunTime:0.000014s ]
INFO: [ app_init ] --END-- [ RunTime:0.000499s ]
ERR: 无法加载模块:Application

[ 2018-06-28T15:12:58+08:00 ] ::1 /thinkphp_hotel/Application/Admin/Public/images/tab-thbg.png
INFO: [ app_init ] --START--
INFO: Run Behavior\BuildLiteBehavior [ RunTime:0.000014s ]
INFO: [ app_init ] --END-- [ RunTime:0.000520s ]
ERR: 无法加载模块:Application

[ 2018-06-28T15:12:58+08:00 ] ::1 /thinkphp_hotel/Application/Admin/Public/images/tab-thbg.png
INFO: [ app_init ] --START--
INFO: Run Behavior\BuildLiteBehavior [ RunTime:0.000021s ]
INFO: [ app_init ] --END-- [ RunTime:0.000681s ]
ERR: 无法加载模块:Application

[ 2018-06-28T15:12:59+08:00 ] ::1 /thinkphp_hotel/Application/Admin/Public/images/tab-thbg.png
INFO: [ app_init ] --START--
INFO: Run Behavior\BuildLiteBehavior [ RunTime:0.000024s ]
INFO: [ app_init ] --END-- [ RunTime:0.001026s ]
ERR: 无法加载模块:Application

[ 2018-06-28T15:12:59+08:00 ] ::1 /thinkphp_hotel/Application/Admin/Public/images/tab-thbg.png
INFO: [ app_init ] --START--
INFO: Run Behavior\BuildLiteBehavior [ RunTime:0.000018s ]
INFO: [ app_init ] --END-- [ RunTime:0.000652s ]
ERR: 无法加载模块:Application

[ 2018-06-28T15:13:00+08:00 ] ::1 /thinkphp_hotel/Application/Admin/Public/images/tab-thbg.png
INFO: [ app_init ] --START--
INFO: Run Behavior\BuildLiteBehavior [ RunTime:0.000017s ]
INFO: [ app_init ] --END-- [ RunTime:0.002038s ]
ERR: 无法加载模块:Application

[ 2018-06-28T15:18:05+08:00 ] ::1 /thinkphp_hotel/Application/Admin/Public/images/tab-thbg.png
INFO: [ app_init ] --START--
INFO: Run Behavior\BuildLiteBehavior [ RunTime:0.000022s ]
INFO: [ app_init ] --END-- [ RunTime:0.000672s ]
ERR: 无法加载模块:Application

[ 2018-06-28T15:18:10+08:00 ] ::1 /thinkphp_hotel/Application/Admin/Public/images/tab-thbg.png
INFO: [ app_init ] --START--
INFO: Run Behavior\BuildLiteBehavior [ RunTime:0.000062s ]
INFO: [ app_init ] --END-- [ RunTime:0.000564s ]
ERR: 无法加载模块:Application

[ 2018-06-28T15:18:30+08:00 ] ::1 /thinkphp_hotel/Application/Admin/Public/images/tab-thbg.png
INFO: [ app_init ] --START--
INFO: Run Behavior\BuildLiteBehavior [ RunTime:0.000025s ]
INFO: [ app_init ] --END-- [ RunTime:0.001120s ]
ERR: 无法加载模块:Application

[ 2018-06-28T15:18:33+08:00 ] ::1 /thinkphp_hotel/Application/Admin/Public/images/tab-thbg.png
INFO: [ app_init ] --START--
INFO: Run Behavior\BuildLiteBehavior [ RunTime:0.000022s ]
INFO: [ app_init ] --END-- [ RunTime:0.000877s ]
ERR: 无法加载模块:Application

[ 2018-06-28T15:25:21+08:00 ] ::1 /thinkphp_hotel/Application/Admin/Public/images/tab-thbg.png
INFO: [ app_init ] --START--
INFO: Run Behavior\BuildLiteBehavior [ RunTime:0.000023s ]
INFO: [ app_init ] --END-- [ RunTime:0.000785s ]
ERR: 无法加载模块:Application

[ 2018-06-28T15:25:23+08:00 ] ::1 /thinkphp_hotel/Application/Admin/Public/images/tab-thbg.png
INFO: [ app_init ] --START--
INFO: Run Behavior\BuildLiteBehavior [ RunTime:0.000021s ]
INFO: [ app_init ] --END-- [ RunTime:0.000801s ]
ERR: 无法加载模块:Application

[ 2018-06-28T15:25:25+08:00 ] ::1 /thinkphp_hotel/Application/Admin/Public/images/tab-thbg.png
INFO: [ app_init ] --START--
INFO: Run Behavior\BuildLiteBehavior [ RunTime:0.000024s ]
INFO: [ app_init ] --END-- [ RunTime:0.000729s ]
ERR: 无法加载模块:Application

[ 2018-06-28T15:25:27+08:00 ] ::1 /thinkphp_hotel/Application/Admin/Public/images/tab-thbg.png
INFO: [ app_init ] --START--
INFO: Run Behavior\BuildLiteBehavior [ RunTime:0.000026s ]
INFO: [ app_init ] --END-- [ RunTime:0.001006s ]
ERR: 无法加载模块:Application

[ 2018-06-28T15:25:47+08:00 ] ::1 /thinkphp_hotel/Application/Admin/Public/images/tab-thbg.png
INFO: [ app_init ] --START--
INFO: Run Behavior\BuildLiteBehavior [ RunTime:0.000036s ]
INFO: [ app_init ] --END-- [ RunTime:0.000733s ]
ERR: 无法加载模块:Application

[ 2018-06-28T15:25:48+08:00 ] ::1 /thinkphp_hotel/Application/Admin/Public/images/tab-thbg.png
INFO: [ app_init ] --START--
INFO: Run Behavior\BuildLiteBehavior [ RunTime:0.000020s ]
INFO: [ app_init ] --END-- [ RunTime:0.000752s ]
ERR: 无法加载模块:Application

[ 2018-06-28T15:25:56+08:00 ] ::1 /thinkphp_hotel/Application/Home/Public/images/tab-thbg.png
INFO: [ app_init ] --START--
INFO: Run Behavior\BuildLiteBehavior [ RunTime:0.000016s ]
INFO: [ app_init ] --END-- [ RunTime:0.000484s ]
ERR: 无法加载模块:Application

[ 2018-06-28T15:26:03+08:00 ] ::1 /thinkphp_hotel/Application/Admin/Public/images/tab-thbg.png
INFO: [ app_init ] --START--
INFO: Run Behavior\BuildLiteBehavior [ RunTime:0.000024s ]
INFO: [ app_init ] --END-- [ RunTime:0.000912s ]
ERR: 无法加载模块:Application

[ 2018-06-28T15:26:10+08:00 ] ::1 /thinkphp_hotel/Application/Admin/Public/images/tab-thbg.png
INFO: [ app_init ] --START--
INFO: Run Behavior\BuildLiteBehavior [ RunTime:0.000050s ]
INFO: [ app_init ] --END-- [ RunTime:0.001040s ]
ERR: 无法加载模块:Application

[ 2018-06-28T15:26:14+08:00 ] ::1 /thinkphp_hotel/Application/Admin/Public/images/tab-thbg.png
INFO: [ app_init ] --START--
INFO: Run Behavior\BuildLiteBehavior [ RunTime:0.000014s ]
INFO: [ app_init ] --END-- [ RunTime:0.000438s ]
ERR: 无法加载模块:Application

[ 2018-06-28T15:26:15+08:00 ] ::1 /thinkphp_hotel/Application/Admin/Public/images/tab-thbg.png
INFO: [ app_init ] --START--
INFO: Run Behavior\BuildLiteBehavior [ RunTime:0.000023s ]
INFO: [ app_init ] --END-- [ RunTime:0.000789s ]
ERR: 无法加载模块:Application

[ 2018-06-28T15:26:16+08:00 ] ::1 /thinkphp_hotel/Application/Admin/Public/images/tab-thbg.png
INFO: [ app_init ] --START--
INFO: Run Behavior\BuildLiteBehavior [ RunTime:0.000018s ]
INFO: [ app_init ] --END-- [ RunTime:0.000464s ]
ERR: 无法加载模块:Application

[ 2018-06-28T15:26:22+08:00 ] ::1 /thinkphp_hotel/Application/Admin/Public/images/tab-thbg.png
INFO: [ app_init ] --START--
INFO: Run Behavior\BuildLiteBehavior [ RunTime:0.000024s ]
INFO: [ app_init ] --END-- [ RunTime:0.000734s ]
ERR: 无法加载模块:Application

[ 2018-06-28T15:26:49+08:00 ] ::1 /thinkphp_hotel/Application/Admin/Public/images/tab-thbg.png
INFO: [ app_init ] --START--
INFO: Run Behavior\BuildLiteBehavior [ RunTime:0.000057s ]
INFO: [ app_init ] --END-- [ RunTime:0.001171s ]
ERR: 无法加载模块:Application

[ 2018-06-28T15:27:10+08:00 ] ::1 /thinkphp_hotel/Application/Admin/Public/images/tab-thbg.png
INFO: [ app_init ] --START--
INFO: Run Behavior\BuildLiteBehavior [ RunTime:0.000038s ]
INFO: [ app_init ] --END-- [ RunTime:0.000755s ]
ERR: 无法加载模块:Application

[ 2018-06-28T15:27:13+08:00 ] ::1 /thinkphp_hotel/Application/Admin/Public/images/tab-thbg.png
INFO: [ app_init ] --START--
INFO: Run Behavior\BuildLiteBehavior [ RunTime:0.000034s ]
INFO: [ app_init ] --END-- [ RunTime:0.000779s ]
ERR: 无法加载模块:Application

[ 2018-06-28T15:28:35+08:00 ] ::1 /thinkphp_hotel/Application/Admin/Public/images/tab-thbg.png
INFO: [ app_init ] --START--
INFO: Run Behavior\BuildLiteBehavior [ RunTime:0.000027s ]
INFO: [ app_init ] --END-- [ RunTime:0.000974s ]
ERR: 无法加载模块:Application

[ 2018-06-28T15:28:36+08:00 ] ::1 /thinkphp_hotel/Application/Admin/Public/images/tab-thbg.png
INFO: [ app_init ] --START--
INFO: Run Behavior\BuildLiteBehavior [ RunTime:0.000029s ]
INFO: [ app_init ] --END-- [ RunTime:0.000831s ]
ERR: 无法加载模块:Application

[ 2018-06-28T15:28:57+08:00 ] ::1 /thinkphp_hotel/Application/Admin/Public/images/tab-thbg.png
INFO: [ app_init ] --START--
INFO: Run Behavior\BuildLiteBehavior [ RunTime:0.000031s ]
INFO: [ app_init ] --END-- [ RunTime:0.000787s ]
ERR: 无法加载模块:Application

[ 2018-06-28T15:28:58+08:00 ] ::1 /thinkphp_hotel/Application/Admin/Public/images/tab-thbg.png
INFO: [ app_init ] --START--
INFO: Run Behavior\BuildLiteBehavior [ RunTime:0.000019s ]
INFO: [ app_init ] --END-- [ RunTime:0.000884s ]
ERR: 无法加载模块:Application

[ 2018-06-28T15:28:59+08:00 ] ::1 /thinkphp_hotel/Application/Admin/Public/images/tab-thbg.png
INFO: [ app_init ] --START--
INFO: Run Behavior\BuildLiteBehavior [ RunTime:0.000020s ]
INFO: [ app_init ] --END-- [ RunTime:0.000773s ]
ERR: 无法加载模块:Application

[ 2018-06-28T15:31:34+08:00 ] ::1 /thinkphp_hotel/Application/Admin/Public/images/tab-thbg.png
INFO: [ app_init ] --START--
INFO: Run Behavior\BuildLiteBehavior [ RunTime:0.000031s ]
INFO: [ app_init ] --END-- [ RunTime:0.001255s ]
ERR: 无法加载模块:Application

[ 2018-06-28T15:32:34+08:00 ] ::1 /thinkphp_hotel/Application/Admin/Public/images/tab-thbg.png
INFO: [ app_init ] --START--
INFO: Run Behavior\BuildLiteBehavior [ RunTime:0.000023s ]
INFO: [ app_init ] --END-- [ RunTime:0.000778s ]
ERR: 无法加载模块:Application

[ 2018-06-28T15:32:35+08:00 ] ::1 /thinkphp_hotel/Application/Admin/Public/images/tab-thbg.png
INFO: [ app_init ] --START--
INFO: Run Behavior\BuildLiteBehavior [ RunTime:0.000020s ]
INFO: [ app_init ] --END-- [ RunTime:0.000984s ]
ERR: 无法加载模块:Application

[ 2018-06-28T15:32:35+08:00 ] ::1 /thinkphp_hotel/Application/Admin/Public/images/tab-thbg.png
INFO: [ app_init ] --START--
INFO: Run Behavior\BuildLiteBehavior [ RunTime:0.000015s ]
INFO: [ app_init ] --END-- [ RunTime:0.000474s ]
ERR: 无法加载模块:Application

[ 2018-06-28T15:32:40+08:00 ] ::1 /thinkphp_hotel/Application/Home/Public/fonts/icomoon.woff
INFO: [ app_init ] --START--
INFO: Run Behavior\BuildLiteBehavior [ RunTime:0.000020s ]
INFO: [ app_init ] --END-- [ RunTime:0.000599s ]
ERR: 无法加载模块:Application

[ 2018-06-28T15:32:40+08:00 ] ::1 /thinkphp_hotel/Application/Home/Public/images/tab-thbg.png
INFO: [ app_init ] --START--
INFO: Run Behavior\BuildLiteBehavior [ RunTime:0.000020s ]
INFO: [ app_init ] --END-- [ RunTime:0.000612s ]
ERR: 无法加载模块:Application

[ 2018-06-28T15:32:40+08:00 ] ::1 /thinkphp_hotel/Application/Home/Public/fonts/icomoon.ttf
INFO: [ app_init ] --START--
INFO: Run Behavior\BuildLiteBehavior [ RunTime:0.000014s ]
INFO: [ app_init ] --END-- [ RunTime:0.000413s ]
ERR: 无法加载模块:Application

[ 2018-06-28T15:32:43+08:00 ] ::1 /thinkphp_hotel/Application/Home/Public/images/tab-thbg.png
INFO: [ app_init ] --START--
INFO: Run Behavior\BuildLiteBehavior [ RunTime:0.000015s ]
INFO: [ app_init ] --END-- [ RunTime:0.000497s ]
ERR: 无法加载模块:Application

[ 2018-06-28T15:32:46+08:00 ] ::1 /thinkphp_hotel/Application/Home/Public/images/tab-thbg.png
INFO: [ app_init ] --START--
INFO: Run Behavior\BuildLiteBehavior [ RunTime:0.000027s ]
INFO: [ app_init ] --END-- [ RunTime:0.000843s ]
ERR: 无法加载模块:Application

[ 2018-06-28T15:32:49+08:00 ] ::1 /thinkphp_hotel/Application/Home/Public/images/tab-thbg.png
INFO: [ app_init ] --START--
INFO: Run Behavior\BuildLiteBehavior [ RunTime:0.000019s ]
INFO: [ app_init ] --END-- [ RunTime:0.000653s ]
ERR: 无法加载模块:Application

[ 2018-06-28T15:32:52+08:00 ] ::1 /thinkphp_hotel/Application/Home/Public/images/tab-thbg.png
INFO: [ app_init ] --START--
INFO: Run Behavior\BuildLiteBehavior [ RunTime:0.000021s ]
INFO: [ app_init ] --END-- [ RunTime:0.000564s ]
ERR: 无法加载模块:Application

[ 2018-06-28T15:32:52+08:00 ] ::1 /thinkphp_hotel/Application/Home/Public/fonts/icomoon.woff
INFO: [ app_init ] --START--
INFO: Run Behavior\BuildLiteBehavior [ RunTime:0.000015s ]
INFO: [ app_init ] --END-- [ RunTime:0.000486s ]
ERR: 无法加载模块:Application

[ 2018-06-28T15:32:52+08:00 ] ::1 /thinkphp_hotel/Application/Home/Public/fonts/icomoon.ttf
INFO: [ app_init ] --START--
INFO: Run Behavior\BuildLiteBehavior [ RunTime:0.000014s ]
INFO: [ app_init ] --END-- [ RunTime:0.000450s ]
ERR: 无法加载模块:Application

[ 2018-06-28T15:32:54+08:00 ] ::1 /thinkphp_hotel/Application/Home/Public/fonts/icomoon.woff
INFO: [ app_init ] --START--
INFO: Run Behavior\BuildLiteBehavior [ RunTime:0.000015s ]
INFO: [ app_init ] --END-- [ RunTime:0.000476s ]
ERR: 无法加载模块:Application

[ 2018-06-28T15:32:54+08:00 ] ::1 /thinkphp_hotel/Application/Home/Public/fonts/icomoon.ttf
INFO: [ app_init ] --START--
INFO: Run Behavior\BuildLiteBehavior [ RunTime:0.000013s ]
INFO: [ app_init ] --END-- [ RunTime:0.000448s ]
ERR: 无法加载模块:Application

[ 2018-06-28T15:34:28+08:00 ] ::1 /thinkphp_hotel/Application/Admin/Public/images/tab-thbg.png
INFO: [ app_init ] --START--
INFO: Run Behavior\BuildLiteBehavior [ RunTime:0.000023s ]
INFO: [ app_init ] --END-- [ RunTime:0.000847s ]
ERR: 无法加载模块:Application

[ 2018-06-28T15:34:34+08:00 ] ::1 /thinkphp_hotel/Application/Admin/Public/images/tab-thbg.png
INFO: [ app_init ] --START--
INFO: Run Behavior\BuildLiteBehavior [ RunTime:0.000024s ]
INFO: [ app_init ] --END-- [ RunTime:0.000759s ]
ERR: 无法加载模块:Application

[ 2018-06-28T15:34:39+08:00 ] ::1 /thinkphp_hotel/Application/Admin/Public/images/tab-thbg.png
INFO: [ app_init ] --START--
INFO: Run Behavior\BuildLiteBehavior [ RunTime:0.000022s ]
INFO: [ app_init ] --END-- [ RunTime:0.001005s ]
ERR: 无法加载模块:Application

[ 2018-06-28T15:34:41+08:00 ] ::1 /thinkphp_hotel/Application/Admin/Public/images/tab-thbg.png
INFO: [ app_init ] --START--
INFO: Run Behavior\BuildLiteBehavior [ RunTime:0.000025s ]
INFO: [ app_init ] --END-- [ RunTime:0.000866s ]
ERR: 无法加载模块:Application

[ 2018-06-28T15:34:42+08:00 ] ::1 /thinkphp_hotel/Application/Admin/Public/images/tab-thbg.png
INFO: [ app_init ] --START--
INFO: Run Behavior\BuildLiteBehavior [ RunTime:0.000043s ]
INFO: [ app_init ] --END-- [ RunTime:0.000993s ]
ERR: 无法加载模块:Application

[ 2018-06-28T15:34:46+08:00 ] ::1 /thinkphp_hotel/Application/Admin/Public/images/tab-thbg.png
INFO: [ app_init ] --START--
INFO: Run Behavior\BuildLiteBehavior [ RunTime:0.000025s ]
INFO: [ app_init ] --END-- [ RunTime:0.001071s ]
ERR: 无法加载模块:Application

[ 2018-06-28T15:37:03+08:00 ] ::1 /thinkphp_hotel/Application/Admin/Public/images/tab-thbg.png
INFO: [ app_init ] --START--
INFO: Run Behavior\BuildLiteBehavior [ RunTime:0.000034s ]
INFO: [ app_init ] --END-- [ RunTime:0.000832s ]
ERR: 无法加载模块:Application

[ 2018-06-28T15:37:04+08:00 ] ::1 /thinkphp_hotel/Application/Admin/Public/images/tab-thbg.png
INFO: [ app_init ] --START--
INFO: Run Behavior\BuildLiteBehavior [ RunTime:0.000028s ]
INFO: [ app_init ] --END-- [ RunTime:0.000887s ]
ERR: 无法加载模块:Application

[ 2018-06-28T15:37:05+08:00 ] ::1 /thinkphp_hotel/Application/Admin/Public/images/tab-thbg.png
INFO: [ app_init ] --START--
INFO: Run Behavior\BuildLiteBehavior [ RunTime:0.000021s ]
INFO: [ app_init ] --END-- [ RunTime:0.000674s ]
ERR: 无法加载模块:Application

[ 2018-06-28T15:37:05+08:00 ] ::1 /thinkphp_hotel/Application/Admin/Public/images/tab-thbg.png
INFO: [ app_init ] --START--
INFO: Run Behavior\BuildLiteBehavior [ RunTime:0.000024s ]
INFO: [ app_init ] --END-- [ RunTime:0.000852s ]
ERR: 无法加载模块:Application

[ 2018-06-28T15:37:07+08:00 ] ::1 /thinkphp_hotel/Application/Admin/Public/images/tab-thbg.png
INFO: [ app_init ] --START--
INFO: Run Behavior\BuildLiteBehavior [ RunTime:0.000043s ]
INFO: [ app_init ] --END-- [ RunTime:0.000940s ]
ERR: 无法加载模块:Application

[ 2018-06-28T15:37:10+08:00 ] ::1 /thinkphp_hotel/Application/Admin/Public/images/tab-thbg.png
INFO: [ app_init ] --START--
INFO: Run Behavior\BuildLiteBehavior [ RunTime:0.000020s ]
INFO: [ app_init ] --END-- [ RunTime:0.000640s ]
ERR: 无法加载模块:Application

[ 2018-06-28T16:15:01+08:00 ] ::1 /thinkphp_hotel/Application/Home/Public/images/tab-thbg.png
INFO: [ app_init ] --START--
INFO: Run Behavior\BuildLiteBehavior [ RunTime:0.000014s ]
INFO: [ app_init ] --END-- [ RunTime:0.000385s ]
ERR: 无法加载模块:Application

