[ 2018-06-27T00:32:15+08:00 ] ::1 /thinkphp_hotel/Application/Admin/Public/images/tab-thbg.png
INFO: [ app_init ] --START--
INFO: Run Behavior\BuildLiteBehavior [ RunTime:0.000027s ]
INFO: [ app_init ] --END-- [ RunTime:0.000666s ]
ERR: 无法加载模块:Application

[ 2018-06-27T00:33:41+08:00 ] ::1 /thinkphp_hotel/Application/Admin/Public/images/tab-thbg.png
INFO: [ app_init ] --START--
INFO: Run Behavior\BuildLiteBehavior [ RunTime:0.000322s ]
INFO: [ app_init ] --END-- [ RunTime:0.001019s ]
ERR: 无法加载模块:Application

[ 2018-06-27T00:33:42+08:00 ] ::1 /thinkphp_hotel/Application/Admin/Public/images/tab-thbg.png
INFO: [ app_init ] --START--
INFO: Run Behavior\BuildLiteBehavior [ RunTime:0.000028s ]
INFO: [ app_init ] --END-- [ RunTime:0.000856s ]
ERR: 无法加载模块:Application

[ 2018-06-27T00:33:43+08:00 ] ::1 /thinkphp_hotel/Application/Admin/Public/images/tab-thbg.png
INFO: [ app_init ] --START--
INFO: Run Behavior\BuildLiteBehavior [ RunTime:0.000018s ]
INFO: [ app_init ] --END-- [ RunTime:0.000474s ]
ERR: 无法加载模块:Application

[ 2018-06-27T00:34:15+08:00 ] ::1 /thinkphp_hotel/Application/Admin/Public/images/tab-thbg.png
INFO: [ app_init ] --START--
INFO: Run Behavior\BuildLiteBehavior [ RunTime:0.000024s ]
INFO: [ app_init ] --END-- [ RunTime:0.000657s ]
ERR: 无法加载模块:Application

[ 2018-06-27T09:44:50+08:00 ] ::1 /thinkphp_hotel/Application/Admin/Public/images/tab-thbg.png
INFO: [ app_init ] --START--
INFO: Run Behavior\BuildLiteBehavior [ RunTime:0.000025s ]
INFO: [ app_init ] --END-- [ RunTime:0.000603s ]
ERR: 无法加载模块:Application

[ 2018-06-27T09:46:04+08:00 ] ::1 /thinkphp_hotel/Application/Admin/Public/images/tab-thbg.png
INFO: [ app_init ] --START--
INFO: Run Behavior\BuildLiteBehavior [ RunTime:0.000024s ]
INFO: [ app_init ] --END-- [ RunTime:0.000680s ]
ERR: 无法加载模块:Application

[ 2018-06-27T09:50:22+08:00 ] ::1 /thinkphp_hotel/Application/Admin/Public/images/tab-thbg.png
INFO: [ app_init ] --START--
INFO: Run Behavior\BuildLiteBehavior [ RunTime:0.000023s ]
INFO: [ app_init ] --END-- [ RunTime:0.000791s ]
ERR: 无法加载模块:Application

[ 2018-06-27T09:50:26+08:00 ] ::1 /thinkphp_hotel/Application/Admin/Public/images/tab-thbg.png
INFO: [ app_init ] --START--
INFO: Run Behavior\BuildLiteBehavior [ RunTime:0.000015s ]
INFO: [ app_init ] --END-- [ RunTime:0.000475s ]
ERR: 无法加载模块:Application

[ 2018-06-27T09:50:27+08:00 ] ::1 /thinkphp_hotel/Application/Admin/Public/images/tab-thbg.png
INFO: [ app_init ] --START--
INFO: Run Behavior\BuildLiteBehavior [ RunTime:0.000028s ]
INFO: [ app_init ] --END-- [ RunTime:0.000714s ]
ERR: 无法加载模块:Application

[ 2018-06-27T09:50:28+08:00 ] ::1 /thinkphp_hotel/Application/Admin/Public/images/tab-thbg.png
INFO: [ app_init ] --START--
INFO: Run Behavior\BuildLiteBehavior [ RunTime:0.000016s ]
INFO: [ app_init ] --END-- [ RunTime:0.000532s ]
ERR: 无法加载模块:Application

[ 2018-06-27T09:50:29+08:00 ] ::1 /thinkphp_hotel/Application/Admin/Public/images/tab-thbg.png
INFO: [ app_init ] --START--
INFO: Run Behavior\BuildLiteBehavior [ RunTime:0.000015s ]
INFO: [ app_init ] --END-- [ RunTime:0.000466s ]
ERR: 无法加载模块:Application

[ 2018-06-27T10:05:33+08:00 ] ::1 /thinkphp_hotel/Application/Admin/Public/images/tab-thbg.png
INFO: [ app_init ] --START--
INFO: Run Behavior\BuildLiteBehavior [ RunTime:0.000019s ]
INFO: [ app_init ] --END-- [ RunTime:0.000671s ]
ERR: 无法加载模块:Application

[ 2018-06-27T10:06:05+08:00 ] ::1 /thinkphp_hotel/Application/Admin/Public/images/tab-thbg.png
INFO: [ app_init ] --START--
INFO: Run Behavior\BuildLiteBehavior [ RunTime:0.000023s ]
INFO: [ app_init ] --END-- [ RunTime:0.000477s ]
ERR: 无法加载模块:Application

[ 2018-06-27T10:06:15+08:00 ] ::1 /thinkphp_hotel/Application/Admin/Public/images/tab-thbg.png
INFO: [ app_init ] --START--
INFO: Run Behavior\BuildLiteBehavior [ RunTime:0.000027s ]
INFO: [ app_init ] --END-- [ RunTime:0.000830s ]
ERR: 无法加载模块:Application

[ 2018-06-27T10:06:50+08:00 ] ::1 /thinkphp_hotel/Application/Admin/Public/images/tab-thbg.png
INFO: [ app_init ] --START--
INFO: Run Behavior\BuildLiteBehavior [ RunTime:0.000024s ]
INFO: [ app_init ] --END-- [ RunTime:0.000689s ]
ERR: 无法加载模块:Application

[ 2018-06-27T10:06:54+08:00 ] ::1 /thinkphp_hotel/Application/Admin/Public/images/tab-thbg.png
INFO: [ app_init ] --START--
INFO: Run Behavior\BuildLiteBehavior [ RunTime:0.000024s ]
INFO: [ app_init ] --END-- [ RunTime:0.000829s ]
ERR: 无法加载模块:Application

[ 2018-06-27T10:07:07+08:00 ] ::1 /thinkphp_hotel/Application/Admin/Public/images/tab-thbg.png
INFO: [ app_init ] --START--
INFO: Run Behavior\BuildLiteBehavior [ RunTime:0.000024s ]
INFO: [ app_init ] --END-- [ RunTime:0.000929s ]
ERR: 无法加载模块:Application

[ 2018-06-27T10:07:15+08:00 ] ::1 /thinkphp_hotel/Application/Admin/Public/images/tab-thbg.png
INFO: [ app_init ] --START--
INFO: Run Behavior\BuildLiteBehavior [ RunTime:0.000053s ]
INFO: [ app_init ] --END-- [ RunTime:0.001107s ]
ERR: 无法加载模块:Application

[ 2018-06-27T10:07:22+08:00 ] ::1 /thinkphp_hotel/Application/Admin/Public/images/tab-thbg.png
INFO: [ app_init ] --START--
INFO: Run Behavior\BuildLiteBehavior [ RunTime:0.000017s ]
INFO: [ app_init ] --END-- [ RunTime:0.000675s ]
ERR: 无法加载模块:Application

[ 2018-06-27T10:07:29+08:00 ] ::1 /thinkphp_hotel/Application/Admin/Public/images/tab-thbg.png
INFO: [ app_init ] --START--
INFO: Run Behavior\BuildLiteBehavior [ RunTime:0.000021s ]
INFO: [ app_init ] --END-- [ RunTime:0.000765s ]
ERR: 无法加载模块:Application

[ 2018-06-27T10:07:44+08:00 ] ::1 /thinkphp_hotel/Application/Admin/Public/images/tab-thbg.png
INFO: [ app_init ] --START--
INFO: Run Behavior\BuildLiteBehavior [ RunTime:0.000046s ]
INFO: [ app_init ] --END-- [ RunTime:0.000885s ]
ERR: 无法加载模块:Application

[ 2018-06-27T10:11:47+08:00 ] ::1 /thinkphp_hotel/Application/Admin/Public/images/tab-thbg.png
INFO: [ app_init ] --START--
INFO: Run Behavior\BuildLiteBehavior [ RunTime:0.000028s ]
INFO: [ app_init ] --END-- [ RunTime:0.000863s ]
ERR: 无法加载模块:Application

[ 2018-06-27T10:11:50+08:00 ] ::1 /thinkphp_hotel/Application/Admin/Public/images/tab-thbg.png
INFO: [ app_init ] --START--
INFO: Run Behavior\BuildLiteBehavior [ RunTime:0.000016s ]
INFO: [ app_init ] --END-- [ RunTime:0.000529s ]
ERR: 无法加载模块:Application

[ 2018-06-27T10:12:20+08:00 ] ::1 /thinkphp_hotel/Application/Admin/Public/images/tab-thbg.png
INFO: [ app_init ] --START--
INFO: Run Behavior\BuildLiteBehavior [ RunTime:0.000016s ]
INFO: [ app_init ] --END-- [ RunTime:0.000476s ]
ERR: 无法加载模块:Application

[ 2018-06-27T10:12:23+08:00 ] ::1 /thinkphp_hotel/Application/Admin/Public/images/tab-thbg.png
INFO: [ app_init ] --START--
INFO: Run Behavior\BuildLiteBehavior [ RunTime:0.000020s ]
INFO: [ app_init ] --END-- [ RunTime:0.000665s ]
ERR: 无法加载模块:Application

[ 2018-06-27T10:12:26+08:00 ] ::1 /thinkphp_hotel/Application/Admin/Public/images/tab-thbg.png
INFO: [ app_init ] --START--
INFO: Run Behavior\BuildLiteBehavior [ RunTime:0.000024s ]
INFO: [ app_init ] --END-- [ RunTime:0.000842s ]
ERR: 无法加载模块:Application

[ 2018-06-27T10:12:36+08:00 ] ::1 /thinkphp_hotel/Application/Admin/Public/images/tab-thbg.png
INFO: [ app_init ] --START--
INFO: Run Behavior\BuildLiteBehavior [ RunTime:0.000044s ]
INFO: [ app_init ] --END-- [ RunTime:0.000738s ]
ERR: 无法加载模块:Application

[ 2018-06-27T10:12:40+08:00 ] ::1 /thinkphp_hotel/Application/Admin/Public/images/tab-thbg.png
INFO: [ app_init ] --START--
INFO: Run Behavior\BuildLiteBehavior [ RunTime:0.000033s ]
INFO: [ app_init ] --END-- [ RunTime:0.000981s ]
ERR: 无法加载模块:Application

[ 2018-06-27T10:12:43+08:00 ] ::1 /thinkphp_hotel/Application/Admin/Public/images/tab-thbg.png
INFO: [ app_init ] --START--
INFO: Run Behavior\BuildLiteBehavior [ RunTime:0.000032s ]
INFO: [ app_init ] --END-- [ RunTime:0.000865s ]
ERR: 无法加载模块:Application

[ 2018-06-27T10:15:38+08:00 ] ::1 /thinkphp_hotel/Application/Admin/Public/images/tab-thbg.png
INFO: [ app_init ] --START--
INFO: Run Behavior\BuildLiteBehavior [ RunTime:0.000024s ]
INFO: [ app_init ] --END-- [ RunTime:0.000829s ]
ERR: 无法加载模块:Application

[ 2018-06-27T10:15:40+08:00 ] ::1 /thinkphp_hotel/Application/Admin/Public/images/tab-thbg.png
INFO: [ app_init ] --START--
INFO: Run Behavior\BuildLiteBehavior [ RunTime:0.000026s ]
INFO: [ app_init ] --END-- [ RunTime:0.001111s ]
ERR: 无法加载模块:Application

[ 2018-06-27T10:21:59+08:00 ] ::1 /thinkphp_hotel/Application/Admin/Public/images/tab-thbg.png
INFO: [ app_init ] --START--
INFO: Run Behavior\BuildLiteBehavior [ RunTime:0.000033s ]
INFO: [ app_init ] --END-- [ RunTime:0.000782s ]
ERR: 无法加载模块:Application

[ 2018-06-27T11:20:51+08:00 ] ::1 /thinkphp_hotel/Application/Admin/Public/images/tab-thbg.png
INFO: [ app_init ] --START--
INFO: Run Behavior\BuildLiteBehavior [ RunTime:0.000106s ]
INFO: [ app_init ] --END-- [ RunTime:0.001572s ]
ERR: 无法加载模块:Application

[ 2018-06-27T11:20:53+08:00 ] ::1 /thinkphp_hotel/Application/Admin/Public/images/tab-thbg.png
INFO: [ app_init ] --START--
INFO: Run Behavior\BuildLiteBehavior [ RunTime:0.000029s ]
INFO: [ app_init ] --END-- [ RunTime:0.000498s ]
ERR: 无法加载模块:Application

[ 2018-06-27T11:20:55+08:00 ] ::1 /thinkphp_hotel/Application/Admin/Public/images/tab-thbg.png
INFO: [ app_init ] --START--
INFO: Run Behavior\BuildLiteBehavior [ RunTime:0.000032s ]
INFO: [ app_init ] --END-- [ RunTime:0.000955s ]
ERR: 无法加载模块:Application

[ 2018-06-27T11:21:01+08:00 ] ::1 /thinkphp_hotel/Application/Admin/Public/images/tab-thbg.png
INFO: [ app_init ] --START--
INFO: Run Behavior\BuildLiteBehavior [ RunTime:0.000019s ]
INFO: [ app_init ] --END-- [ RunTime:0.000587s ]
ERR: 无法加载模块:Application

[ 2018-06-27T11:21:02+08:00 ] ::1 /thinkphp_hotel/Application/Admin/Public/images/tab-thbg.png
INFO: [ app_init ] --START--
INFO: Run Behavior\BuildLiteBehavior [ RunTime:0.000072s ]
INFO: [ app_init ] --END-- [ RunTime:0.001597s ]
ERR: 无法加载模块:Application

[ 2018-06-27T11:21:03+08:00 ] ::1 /thinkphp_hotel/Application/Admin/Public/images/tab-thbg.png
INFO: [ app_init ] --START--
INFO: Run Behavior\BuildLiteBehavior [ RunTime:0.000015s ]
INFO: [ app_init ] --END-- [ RunTime:0.000561s ]
ERR: 无法加载模块:Application

[ 2018-06-27T11:21:31+08:00 ] ::1 /thinkphp_hotel/Application/Admin/Public/images/tab-thbg.png
INFO: [ app_init ] --START--
INFO: Run Behavior\BuildLiteBehavior [ RunTime:0.000022s ]
INFO: [ app_init ] --END-- [ RunTime:0.000827s ]
ERR: 无法加载模块:Application

[ 2018-06-27T11:27:07+08:00 ] ::1 /thinkphp_hotel/Application/Admin/Public/images/tab-thbg.png
INFO: [ app_init ] --START--
INFO: Run Behavior\BuildLiteBehavior [ RunTime:0.000022s ]
INFO: [ app_init ] --END-- [ RunTime:0.000724s ]
ERR: 无法加载模块:Application

[ 2018-06-27T11:27:14+08:00 ] ::1 /thinkphp_hotel/Application/Admin/Public/images/tab-thbg.png
INFO: [ app_init ] --START--
INFO: Run Behavior\BuildLiteBehavior [ RunTime:0.000015s ]
INFO: [ app_init ] --END-- [ RunTime:0.000478s ]
ERR: 无法加载模块:Application

[ 2018-06-27T11:27:16+08:00 ] ::1 /thinkphp_hotel/Application/Admin/Public/images/tab-thbg.png
INFO: [ app_init ] --START--
INFO: Run Behavior\BuildLiteBehavior [ RunTime:0.000014s ]
INFO: [ app_init ] --END-- [ RunTime:0.000476s ]
ERR: 无法加载模块:Application

[ 2018-06-27T11:28:47+08:00 ] ::1 /thinkphp_hotel/Application/Admin/Public/images/tab-thbg.png
INFO: [ app_init ] --START--
INFO: Run Behavior\BuildLiteBehavior [ RunTime:0.000084s ]
INFO: [ app_init ] --END-- [ RunTime:0.000827s ]
ERR: 无法加载模块:Application

[ 2018-06-27T11:28:50+08:00 ] ::1 /thinkphp_hotel/Application/Admin/Public/images/tab-thbg.png
INFO: [ app_init ] --START--
INFO: Run Behavior\BuildLiteBehavior [ RunTime:0.000017s ]
INFO: [ app_init ] --END-- [ RunTime:0.000537s ]
ERR: 无法加载模块:Application

[ 2018-06-27T11:41:54+08:00 ] ::1 /thinkphp_hotel/Application/Admin/Public/images/tab-thbg.png
INFO: [ app_init ] --START--
INFO: Run Behavior\BuildLiteBehavior [ RunTime:0.000022s ]
INFO: [ app_init ] --END-- [ RunTime:0.000613s ]
ERR: 无法加载模块:Application

[ 2018-06-27T11:52:34+08:00 ] ::1 /thinkphp_hotel/Application/Admin/Public/images/tab-thbg.png
INFO: [ app_init ] --START--
INFO: Run Behavior\BuildLiteBehavior [ RunTime:0.000047s ]
INFO: [ app_init ] --END-- [ RunTime:0.000965s ]
ERR: 无法加载模块:Application

[ 2018-06-27T11:53:02+08:00 ] ::1 /thinkphp_hotel/Application/Admin/Public/images/tab-thbg.png
INFO: [ app_init ] --START--
INFO: Run Behavior\BuildLiteBehavior [ RunTime:0.000053s ]
INFO: [ app_init ] --END-- [ RunTime:0.001457s ]
ERR: 无法加载模块:Application

[ 2018-06-27T11:53:05+08:00 ] ::1 /thinkphp_hotel/Application/Admin/Public/images/tab-thbg.png
INFO: [ app_init ] --START--
INFO: Run Behavior\BuildLiteBehavior [ RunTime:0.000017s ]
INFO: [ app_init ] --END-- [ RunTime:0.000673s ]
ERR: 无法加载模块:Application

[ 2018-06-27T12:50:35+08:00 ] ::1 /thinkphp_hotel/Application/Admin/Public/images/tab-thbg.png
INFO: [ app_init ] --START--
INFO: Run Behavior\BuildLiteBehavior [ RunTime:0.000028s ]
INFO: [ app_init ] --END-- [ RunTime:0.000942s ]
ERR: 无法加载模块:Application

[ 2018-06-27T12:50:51+08:00 ] ::1 /thinkphp_hotel/Application/Admin/Public/images/tab-thbg.png
INFO: [ app_init ] --START--
INFO: Run Behavior\BuildLiteBehavior [ RunTime:0.000017s ]
INFO: [ app_init ] --END-- [ RunTime:0.000728s ]
ERR: 无法加载模块:Application

[ 2018-06-27T12:50:53+08:00 ] ::1 /thinkphp_hotel/Application/Admin/Public/images/tab-thbg.png
INFO: [ app_init ] --START--
INFO: Run Behavior\BuildLiteBehavior [ RunTime:0.000029s ]
INFO: [ app_init ] --END-- [ RunTime:0.000839s ]
ERR: 无法加载模块:Application

[ 2018-06-27T12:51:46+08:00 ] ::1 /thinkphp_hotel/Application/Admin/Public/images/tab-thbg.png
INFO: [ app_init ] --START--
INFO: Run Behavior\BuildLiteBehavior [ RunTime:0.000025s ]
INFO: [ app_init ] --END-- [ RunTime:0.000650s ]
ERR: 无法加载模块:Application

[ 2018-06-27T12:58:42+08:00 ] ::1 /thinkphp_hotel/Application/Admin/Public/images/tab-thbg.png
INFO: [ app_init ] --START--
INFO: Run Behavior\BuildLiteBehavior [ RunTime:0.000022s ]
INFO: [ app_init ] --END-- [ RunTime:0.000588s ]
ERR: 无法加载模块:Application

[ 2018-06-27T12:58:45+08:00 ] ::1 /thinkphp_hotel/Application/Admin/Public/images/tab-thbg.png
INFO: [ app_init ] --START--
INFO: Run Behavior\BuildLiteBehavior [ RunTime:0.000017s ]
INFO: [ app_init ] --END-- [ RunTime:0.000693s ]
ERR: 无法加载模块:Application

[ 2018-06-27T12:58:51+08:00 ] ::1 /thinkphp_hotel/Application/Admin/Public/images/tab-thbg.png
INFO: [ app_init ] --START--
INFO: Run Behavior\BuildLiteBehavior [ RunTime:0.000027s ]
INFO: [ app_init ] --END-- [ RunTime:0.001782s ]
ERR: 无法加载模块:Application

[ 2018-06-27T12:59:47+08:00 ] ::1 /thinkphp_hotel/Application/Admin/Public/images/tab-thbg.png
INFO: [ app_init ] --START--
INFO: Run Behavior\BuildLiteBehavior [ RunTime:0.000034s ]
INFO: [ app_init ] --END-- [ RunTime:0.000868s ]
ERR: 无法加载模块:Application

[ 2018-06-27T13:00:53+08:00 ] ::1 /thinkphp_hotel/Application/Admin/Public/images/tab-thbg.png
INFO: [ app_init ] --START--
INFO: Run Behavior\BuildLiteBehavior [ RunTime:0.000022s ]
INFO: [ app_init ] --END-- [ RunTime:0.000800s ]
ERR: 无法加载模块:Application

[ 2018-06-27T13:00:55+08:00 ] ::1 /thinkphp_hotel/Application/Admin/Public/images/tab-thbg.png
INFO: [ app_init ] --START--
INFO: Run Behavior\BuildLiteBehavior [ RunTime:0.000015s ]
INFO: [ app_init ] --END-- [ RunTime:0.000503s ]
ERR: 无法加载模块:Application

[ 2018-06-27T13:02:29+08:00 ] ::1 /thinkphp_hotel/Application/Admin/Public/images/tab-thbg.png
INFO: [ app_init ] --START--
INFO: Run Behavior\BuildLiteBehavior [ RunTime:0.000021s ]
INFO: [ app_init ] --END-- [ RunTime:0.000789s ]
ERR: 无法加载模块:Application

[ 2018-06-27T13:04:27+08:00 ] ::1 /thinkphp_hotel/Application/Admin/Public/images/tab-thbg.png
INFO: [ app_init ] --START--
INFO: Run Behavior\BuildLiteBehavior [ RunTime:0.000020s ]
INFO: [ app_init ] --END-- [ RunTime:0.000670s ]
ERR: 无法加载模块:Application

[ 2018-06-27T13:04:51+08:00 ] ::1 /thinkphp_hotel/Application/Admin/Public/images/tab-thbg.png
INFO: [ app_init ] --START--
INFO: Run Behavior\BuildLiteBehavior [ RunTime:0.000022s ]
INFO: [ app_init ] --END-- [ RunTime:0.000687s ]
ERR: 无法加载模块:Application

[ 2018-06-27T13:04:54+08:00 ] ::1 /thinkphp_hotel/Application/Admin/Public/images/tab-thbg.png
INFO: [ app_init ] --START--
INFO: Run Behavior\BuildLiteBehavior [ RunTime:0.000015s ]
INFO: [ app_init ] --END-- [ RunTime:0.000520s ]
ERR: 无法加载模块:Application

[ 2018-06-27T13:05:00+08:00 ] ::1 /thinkphp_hotel/Application/Admin/Public/images/tab-thbg.png
INFO: [ app_init ] --START--
INFO: Run Behavior\BuildLiteBehavior [ RunTime:0.000015s ]
INFO: [ app_init ] --END-- [ RunTime:0.000553s ]
ERR: 无法加载模块:Application

[ 2018-06-27T13:05:26+08:00 ] ::1 /thinkphp_hotel/Application/Admin/Public/images/tab-thbg.png
INFO: [ app_init ] --START--
INFO: Run Behavior\BuildLiteBehavior [ RunTime:0.000026s ]
INFO: [ app_init ] --END-- [ RunTime:0.000790s ]
ERR: 无法加载模块:Application

[ 2018-06-27T13:05:30+08:00 ] ::1 /thinkphp_hotel/Application/Admin/Public/images/tab-thbg.png
INFO: [ app_init ] --START--
INFO: Run Behavior\BuildLiteBehavior [ RunTime:0.000015s ]
INFO: [ app_init ] --END-- [ RunTime:0.000527s ]
ERR: 无法加载模块:Application

[ 2018-06-27T13:05:37+08:00 ] ::1 /thinkphp_hotel/Application/Admin/Public/images/tab-thbg.png
INFO: [ app_init ] --START--
INFO: Run Behavior\BuildLiteBehavior [ RunTime:0.000055s ]
INFO: [ app_init ] --END-- [ RunTime:0.000969s ]
ERR: 无法加载模块:Application

[ 2018-06-27T13:05:44+08:00 ] ::1 /thinkphp_hotel/Application/Admin/Public/images/tab-thbg.png
INFO: [ app_init ] --START--
INFO: Run Behavior\BuildLiteBehavior [ RunTime:0.000024s ]
INFO: [ app_init ] --END-- [ RunTime:0.001049s ]
ERR: 无法加载模块:Application

[ 2018-06-27T13:06:05+08:00 ] ::1 /thinkphp_hotel/Application/Admin/Public/images/tab-thbg.png
INFO: [ app_init ] --START--
INFO: Run Behavior\BuildLiteBehavior [ RunTime:0.000032s ]
INFO: [ app_init ] --END-- [ RunTime:0.000504s ]
ERR: 无法加载模块:Application

[ 2018-06-27T13:06:10+08:00 ] ::1 /thinkphp_hotel/Application/Admin/Public/images/tab-thbg.png
INFO: [ app_init ] --START--
INFO: Run Behavior\BuildLiteBehavior [ RunTime:0.000024s ]
INFO: [ app_init ] --END-- [ RunTime:0.001034s ]
ERR: 无法加载模块:Application

[ 2018-06-27T13:08:42+08:00 ] ::1 /thinkphp_hotel/Application/Admin/Public/images/tab-thbg.png
INFO: [ app_init ] --START--
INFO: Run Behavior\BuildLiteBehavior [ RunTime:0.000014s ]
INFO: [ app_init ] --END-- [ RunTime:0.000440s ]
ERR: 无法加载模块:Application

[ 2018-06-27T13:08:45+08:00 ] ::1 /thinkphp_hotel/Application/Admin/Public/images/tab-thbg.png
INFO: [ app_init ] --START--
INFO: Run Behavior\BuildLiteBehavior [ RunTime:0.000024s ]
INFO: [ app_init ] --END-- [ RunTime:0.000964s ]
ERR: 无法加载模块:Application

[ 2018-06-27T13:08:47+08:00 ] ::1 /thinkphp_hotel/Application/Admin/Public/images/tab-thbg.png
INFO: [ app_init ] --START--
INFO: Run Behavior\BuildLiteBehavior [ RunTime:0.000015s ]
INFO: [ app_init ] --END-- [ RunTime:0.000433s ]
ERR: 无法加载模块:Application

[ 2018-06-27T13:08:48+08:00 ] ::1 /thinkphp_hotel/Application/Admin/Public/images/tab-thbg.png
INFO: [ app_init ] --START--
INFO: Run Behavior\BuildLiteBehavior [ RunTime:0.000029s ]
INFO: [ app_init ] --END-- [ RunTime:0.000476s ]
ERR: 无法加载模块:Application

[ 2018-06-27T13:08:50+08:00 ] ::1 /thinkphp_hotel/Application/Admin/Public/images/tab-thbg.png
INFO: [ app_init ] --START--
INFO: Run Behavior\BuildLiteBehavior [ RunTime:0.000015s ]
INFO: [ app_init ] --END-- [ RunTime:0.000425s ]
ERR: 无法加载模块:Application

[ 2018-06-27T13:08:59+08:00 ] ::1 /thinkphp_hotel/Application/Admin/Public/images/tab-thbg.png
INFO: [ app_init ] --START--
INFO: Run Behavior\BuildLiteBehavior [ RunTime:0.000018s ]
INFO: [ app_init ] --END-- [ RunTime:0.000645s ]
ERR: 无法加载模块:Application

[ 2018-06-27T13:09:01+08:00 ] ::1 /thinkphp_hotel/Application/Admin/Public/images/tab-thbg.png
INFO: [ app_init ] --START--
INFO: Run Behavior\BuildLiteBehavior [ RunTime:0.000020s ]
INFO: [ app_init ] --END-- [ RunTime:0.000636s ]
ERR: 无法加载模块:Application

[ 2018-06-27T13:09:03+08:00 ] ::1 /thinkphp_hotel/Application/Admin/Public/images/tab-thbg.png
INFO: [ app_init ] --START--
INFO: Run Behavior\BuildLiteBehavior [ RunTime:0.000026s ]
INFO: [ app_init ] --END-- [ RunTime:0.000678s ]
ERR: 无法加载模块:Application

[ 2018-06-27T13:09:21+08:00 ] ::1 /thinkphp_hotel/Application/Admin/Public/images/tab-thbg.png
INFO: [ app_init ] --START--
INFO: Run Behavior\BuildLiteBehavior [ RunTime:0.000022s ]
INFO: [ app_init ] --END-- [ RunTime:0.000651s ]
ERR: 无法加载模块:Application

[ 2018-06-27T13:09:23+08:00 ] ::1 /thinkphp_hotel/Application/Admin/Public/images/tab-thbg.png
INFO: [ app_init ] --START--
INFO: Run Behavior\BuildLiteBehavior [ RunTime:0.000025s ]
INFO: [ app_init ] --END-- [ RunTime:0.000826s ]
ERR: 无法加载模块:Application

[ 2018-06-27T13:09:26+08:00 ] ::1 /thinkphp_hotel/Application/Admin/Public/images/tab-thbg.png
INFO: [ app_init ] --START--
INFO: Run Behavior\BuildLiteBehavior [ RunTime:0.000025s ]
INFO: [ app_init ] --END-- [ RunTime:0.000638s ]
ERR: 无法加载模块:Application

[ 2018-06-27T13:09:30+08:00 ] ::1 /thinkphp_hotel/Application/Admin/Public/images/tab-thbg.png
INFO: [ app_init ] --START--
INFO: Run Behavior\BuildLiteBehavior [ RunTime:0.000030s ]
INFO: [ app_init ] --END-- [ RunTime:0.000880s ]
ERR: 无法加载模块:Application

[ 2018-06-27T13:09:36+08:00 ] ::1 /thinkphp_hotel/Application/Admin/Public/images/tab-thbg.png
INFO: [ app_init ] --START--
INFO: Run Behavior\BuildLiteBehavior [ RunTime:0.000026s ]
INFO: [ app_init ] --END-- [ RunTime:0.002059s ]
ERR: 无法加载模块:Application

[ 2018-06-27T13:10:10+08:00 ] ::1 /thinkphp_hotel/Application/Admin/Public/images/tab-thbg.png
INFO: [ app_init ] --START--
INFO: Run Behavior\BuildLiteBehavior [ RunTime:0.000019s ]
INFO: [ app_init ] --END-- [ RunTime:0.000589s ]
ERR: 无法加载模块:Application

[ 2018-06-27T13:11:10+08:00 ] ::1 /thinkphp_hotel/Application/Admin/Public/images/tab-thbg.png
INFO: [ app_init ] --START--
INFO: Run Behavior\BuildLiteBehavior [ RunTime:0.000023s ]
INFO: [ app_init ] --END-- [ RunTime:0.000730s ]
ERR: 无法加载模块:Application

[ 2018-06-27T13:11:12+08:00 ] ::1 /thinkphp_hotel/Application/Admin/Public/images/tab-thbg.png
INFO: [ app_init ] --START--
INFO: Run Behavior\BuildLiteBehavior [ RunTime:0.000018s ]
INFO: [ app_init ] --END-- [ RunTime:0.000683s ]
ERR: 无法加载模块:Application

[ 2018-06-27T13:11:13+08:00 ] ::1 /thinkphp_hotel/Application/Admin/Public/images/tab-thbg.png
INFO: [ app_init ] --START--
INFO: Run Behavior\BuildLiteBehavior [ RunTime:0.000015s ]
INFO: [ app_init ] --END-- [ RunTime:0.000440s ]
ERR: 无法加载模块:Application

[ 2018-06-27T13:11:14+08:00 ] ::1 /thinkphp_hotel/Application/Admin/Public/images/tab-thbg.png
INFO: [ app_init ] --START--
INFO: Run Behavior\BuildLiteBehavior [ RunTime:0.000040s ]
INFO: [ app_init ] --END-- [ RunTime:0.001004s ]
ERR: 无法加载模块:Application

[ 2018-06-27T13:11:15+08:00 ] ::1 /thinkphp_hotel/Application/Admin/Public/images/tab-thbg.png
INFO: [ app_init ] --START--
INFO: Run Behavior\BuildLiteBehavior [ RunTime:0.000022s ]
INFO: [ app_init ] --END-- [ RunTime:0.000543s ]
ERR: 无法加载模块:Application

[ 2018-06-27T13:11:18+08:00 ] ::1 /thinkphp_hotel/Application/Admin/Public/images/tab-thbg.png
INFO: [ app_init ] --START--
INFO: Run Behavior\BuildLiteBehavior [ RunTime:0.000027s ]
INFO: [ app_init ] --END-- [ RunTime:0.000896s ]
ERR: 无法加载模块:Application

[ 2018-06-27T13:11:22+08:00 ] ::1 /thinkphp_hotel/Application/Admin/Public/images/tab-thbg.png
INFO: [ app_init ] --START--
INFO: Run Behavior\BuildLiteBehavior [ RunTime:0.000023s ]
INFO: [ app_init ] --END-- [ RunTime:0.000773s ]
ERR: 无法加载模块:Application

[ 2018-06-27T13:11:24+08:00 ] ::1 /thinkphp_hotel/Application/Admin/Public/images/tab-thbg.png
INFO: [ app_init ] --START--
INFO: Run Behavior\BuildLiteBehavior [ RunTime:0.000036s ]
INFO: [ app_init ] --END-- [ RunTime:0.000762s ]
ERR: 无法加载模块:Application

[ 2018-06-27T13:11:33+08:00 ] ::1 /thinkphp_hotel/Application/Admin/Public/images/tab-thbg.png
INFO: [ app_init ] --START--
INFO: Run Behavior\BuildLiteBehavior [ RunTime:0.000056s ]
INFO: [ app_init ] --END-- [ RunTime:0.000891s ]
ERR: 无法加载模块:Application

[ 2018-06-27T13:11:46+08:00 ] ::1 /thinkphp_hotel/Application/Admin/Public/images/tab-thbg.png
INFO: [ app_init ] --START--
INFO: Run Behavior\BuildLiteBehavior [ RunTime:0.000028s ]
INFO: [ app_init ] --END-- [ RunTime:0.000773s ]
ERR: 无法加载模块:Application

[ 2018-06-27T13:11:49+08:00 ] ::1 /thinkphp_hotel/Application/Admin/Public/images/tab-thbg.png
INFO: [ app_init ] --START--
INFO: Run Behavior\BuildLiteBehavior [ RunTime:0.000022s ]
INFO: [ app_init ] --END-- [ RunTime:0.000643s ]
ERR: 无法加载模块:Application

[ 2018-06-27T13:12:45+08:00 ] ::1 /thinkphp_hotel/Application/Admin/Public/images/tab-thbg.png
INFO: [ app_init ] --START--
INFO: Run Behavior\BuildLiteBehavior [ RunTime:0.000015s ]
INFO: [ app_init ] --END-- [ RunTime:0.000471s ]
ERR: 无法加载模块:Application

[ 2018-06-27T13:12:47+08:00 ] ::1 /thinkphp_hotel/Application/Admin/Public/images/tab-thbg.png
INFO: [ app_init ] --START--
INFO: Run Behavior\BuildLiteBehavior [ RunTime:0.000014s ]
INFO: [ app_init ] --END-- [ RunTime:0.000464s ]
ERR: 无法加载模块:Application

[ 2018-06-27T13:12:48+08:00 ] ::1 /thinkphp_hotel/Application/Admin/Public/images/tab-thbg.png
INFO: [ app_init ] --START--
INFO: Run Behavior\BuildLiteBehavior [ RunTime:0.000016s ]
INFO: [ app_init ] --END-- [ RunTime:0.000608s ]
ERR: 无法加载模块:Application

[ 2018-06-27T13:13:43+08:00 ] ::1 /thinkphp_hotel/Application/Admin/Public/images/tab-thbg.png
INFO: [ app_init ] --START--
INFO: Run Behavior\BuildLiteBehavior [ RunTime:0.000020s ]
INFO: [ app_init ] --END-- [ RunTime:0.000590s ]
ERR: 无法加载模块:Application

[ 2018-06-27T13:14:34+08:00 ] ::1 /thinkphp_hotel/Application/Admin/Public/images/tab-thbg.png
INFO: [ app_init ] --START--
INFO: Run Behavior\BuildLiteBehavior [ RunTime:0.000014s ]
INFO: [ app_init ] --END-- [ RunTime:0.000417s ]
ERR: 无法加载模块:Application

[ 2018-06-27T13:14:36+08:00 ] ::1 /thinkphp_hotel/Application/Admin/Public/images/tab-thbg.png
INFO: [ app_init ] --START--
INFO: Run Behavior\BuildLiteBehavior [ RunTime:0.000023s ]
INFO: [ app_init ] --END-- [ RunTime:0.000749s ]
ERR: 无法加载模块:Application

[ 2018-06-27T13:14:40+08:00 ] ::1 /thinkphp_hotel/Application/Admin/Public/images/tab-thbg.png
INFO: [ app_init ] --START--
INFO: Run Behavior\BuildLiteBehavior [ RunTime:0.000031s ]
INFO: [ app_init ] --END-- [ RunTime:0.001144s ]
ERR: 无法加载模块:Application

[ 2018-06-27T13:21:07+08:00 ] ::1 /thinkphp_hotel/Application/Admin/Public/images/tab-thbg.png
INFO: [ app_init ] --START--
INFO: Run Behavior\BuildLiteBehavior [ RunTime:0.000025s ]
INFO: [ app_init ] --END-- [ RunTime:0.000755s ]
ERR: 无法加载模块:Application

[ 2018-06-27T13:21:09+08:00 ] ::1 /thinkphp_hotel/Application/Admin/Public/images/tab-thbg.png
INFO: [ app_init ] --START--
INFO: Run Behavior\BuildLiteBehavior [ RunTime:0.000039s ]
INFO: [ app_init ] --END-- [ RunTime:0.001205s ]
ERR: 无法加载模块:Application

[ 2018-06-27T13:21:11+08:00 ] ::1 /thinkphp_hotel/Application/Admin/Public/images/tab-thbg.png
INFO: [ app_init ] --START--
INFO: Run Behavior\BuildLiteBehavior [ RunTime:0.000027s ]
INFO: [ app_init ] --END-- [ RunTime:0.000849s ]
ERR: 无法加载模块:Application

[ 2018-06-27T13:22:50+08:00 ] ::1 /thinkphp_hotel/Application/Admin/Public/images/tab-thbg.png
INFO: [ app_init ] --START--
INFO: Run Behavior\BuildLiteBehavior [ RunTime:0.000018s ]
INFO: [ app_init ] --END-- [ RunTime:0.000546s ]
ERR: 无法加载模块:Application

[ 2018-06-27T13:22:53+08:00 ] ::1 /thinkphp_hotel/Application/Admin/Public/images/tab-thbg.png
INFO: [ app_init ] --START--
INFO: Run Behavior\BuildLiteBehavior [ RunTime:0.000016s ]
INFO: [ app_init ] --END-- [ RunTime:0.000508s ]
ERR: 无法加载模块:Application

[ 2018-06-27T13:22:55+08:00 ] ::1 /thinkphp_hotel/Application/Admin/Public/images/tab-thbg.png
INFO: [ app_init ] --START--
INFO: Run Behavior\BuildLiteBehavior [ RunTime:0.000014s ]
INFO: [ app_init ] --END-- [ RunTime:0.000481s ]
ERR: 无法加载模块:Application

[ 2018-06-27T13:23:12+08:00 ] ::1 /thinkphp_hotel/Application/Admin/Public/images/tab-thbg.png
INFO: [ app_init ] --START--
INFO: Run Behavior\BuildLiteBehavior [ RunTime:0.000015s ]
INFO: [ app_init ] --END-- [ RunTime:0.000492s ]
ERR: 无法加载模块:Application

[ 2018-06-27T13:23:21+08:00 ] ::1 /thinkphp_hotel/Application/Admin/Public/images/tab-thbg.png
INFO: [ app_init ] --START--
INFO: Run Behavior\BuildLiteBehavior [ RunTime:0.000029s ]
INFO: [ app_init ] --END-- [ RunTime:0.001168s ]
ERR: 无法加载模块:Application

[ 2018-06-27T13:23:23+08:00 ] ::1 /thinkphp_hotel/Application/Admin/Public/images/tab-thbg.png
INFO: [ app_init ] --START--
INFO: Run Behavior\BuildLiteBehavior [ RunTime:0.000015s ]
INFO: [ app_init ] --END-- [ RunTime:0.000487s ]
ERR: 无法加载模块:Application

[ 2018-06-27T13:23:26+08:00 ] ::1 /thinkphp_hotel/Application/Admin/Public/images/tab-thbg.png
INFO: [ app_init ] --START--
INFO: Run Behavior\BuildLiteBehavior [ RunTime:0.000023s ]
INFO: [ app_init ] --END-- [ RunTime:0.000756s ]
ERR: 无法加载模块:Application

[ 2018-06-27T13:23:48+08:00 ] ::1 /thinkphp_hotel/Application/Admin/Public/images/tab-thbg.png
INFO: [ app_init ] --START--
INFO: Run Behavior\BuildLiteBehavior [ RunTime:0.000014s ]
INFO: [ app_init ] --END-- [ RunTime:0.000446s ]
ERR: 无法加载模块:Application

[ 2018-06-27T13:24:52+08:00 ] ::1 /thinkphp_hotel/Application/Admin/Public/images/tab-thbg.png
INFO: [ app_init ] --START--
INFO: Run Behavior\BuildLiteBehavior [ RunTime:0.000031s ]
INFO: [ app_init ] --END-- [ RunTime:0.000589s ]
ERR: 无法加载模块:Application

[ 2018-06-27T13:24:54+08:00 ] ::1 /thinkphp_hotel/Application/Admin/Public/images/tab-thbg.png
INFO: [ app_init ] --START--
INFO: Run Behavior\BuildLiteBehavior [ RunTime:0.000021s ]
INFO: [ app_init ] --END-- [ RunTime:0.000825s ]
ERR: 无法加载模块:Application

[ 2018-06-27T13:24:56+08:00 ] ::1 /thinkphp_hotel/Application/Admin/Public/images/tab-thbg.png
INFO: [ app_init ] --START--
INFO: Run Behavior\BuildLiteBehavior [ RunTime:0.000277s ]
INFO: [ app_init ] --END-- [ RunTime:0.002797s ]
ERR: 无法加载模块:Application

[ 2018-06-27T13:24:58+08:00 ] ::1 /thinkphp_hotel/Application/Admin/Public/images/tab-thbg.png
INFO: [ app_init ] --START--
INFO: Run Behavior\BuildLiteBehavior [ RunTime:0.000015s ]
INFO: [ app_init ] --END-- [ RunTime:0.000489s ]
ERR: 无法加载模块:Application

[ 2018-06-27T13:25:00+08:00 ] ::1 /thinkphp_hotel/Application/Admin/Public/images/tab-thbg.png
INFO: [ app_init ] --START--
INFO: Run Behavior\BuildLiteBehavior [ RunTime:0.000016s ]
INFO: [ app_init ] --END-- [ RunTime:0.000624s ]
ERR: 无法加载模块:Application

[ 2018-06-27T13:25:01+08:00 ] ::1 /thinkphp_hotel/Application/Admin/Public/images/tab-thbg.png
INFO: [ app_init ] --START--
INFO: Run Behavior\BuildLiteBehavior [ RunTime:0.000014s ]
INFO: [ app_init ] --END-- [ RunTime:0.000482s ]
ERR: 无法加载模块:Application

[ 2018-06-27T13:25:02+08:00 ] ::1 /thinkphp_hotel/Application/Admin/Public/images/tab-thbg.png
INFO: [ app_init ] --START--
INFO: Run Behavior\BuildLiteBehavior [ RunTime:0.000023s ]
INFO: [ app_init ] --END-- [ RunTime:0.000854s ]
ERR: 无法加载模块:Application

[ 2018-06-27T13:25:02+08:00 ] ::1 /thinkphp_hotel/Application/Admin/Public/images/tab-thbg.png
INFO: [ app_init ] --START--
INFO: Run Behavior\BuildLiteBehavior [ RunTime:0.000085s ]
INFO: [ app_init ] --END-- [ RunTime:0.003003s ]
ERR: 无法加载模块:Application

[ 2018-06-27T13:25:18+08:00 ] ::1 /thinkphp_hotel/Application/Admin/Public/images/tab-thbg.png
INFO: [ app_init ] --START--
INFO: Run Behavior\BuildLiteBehavior [ RunTime:0.000026s ]
INFO: [ app_init ] --END-- [ RunTime:0.000830s ]
ERR: 无法加载模块:Application

[ 2018-06-27T13:25:19+08:00 ] ::1 /thinkphp_hotel/Application/Admin/Public/images/tab-thbg.png
INFO: [ app_init ] --START--
INFO: Run Behavior\BuildLiteBehavior [ RunTime:0.000026s ]
INFO: [ app_init ] --END-- [ RunTime:0.000908s ]
ERR: 无法加载模块:Application

[ 2018-06-27T13:25:22+08:00 ] ::1 /thinkphp_hotel/Application/Admin/Public/images/tab-thbg.png
INFO: [ app_init ] --START--
INFO: Run Behavior\BuildLiteBehavior [ RunTime:0.000029s ]
INFO: [ app_init ] --END-- [ RunTime:0.001402s ]
ERR: 无法加载模块:Application

[ 2018-06-27T13:25:24+08:00 ] ::1 /thinkphp_hotel/Application/Admin/Public/images/tab-thbg.png
INFO: [ app_init ] --START--
INFO: Run Behavior\BuildLiteBehavior [ RunTime:0.000022s ]
INFO: [ app_init ] --END-- [ RunTime:0.000727s ]
ERR: 无法加载模块:Application

[ 2018-06-27T13:25:49+08:00 ] ::1 /thinkphp_hotel/Application/Admin/Public/images/tab-thbg.png
INFO: [ app_init ] --START--
INFO: Run Behavior\BuildLiteBehavior [ RunTime:0.000024s ]
INFO: [ app_init ] --END-- [ RunTime:0.000862s ]
ERR: 无法加载模块:Application

[ 2018-06-27T13:25:51+08:00 ] ::1 /thinkphp_hotel/Application/Admin/Public/images/tab-thbg.png
INFO: [ app_init ] --START--
INFO: Run Behavior\BuildLiteBehavior [ RunTime:0.000032s ]
INFO: [ app_init ] --END-- [ RunTime:0.001088s ]
ERR: 无法加载模块:Application

[ 2018-06-27T13:25:53+08:00 ] ::1 /thinkphp_hotel/Application/Admin/Public/images/tab-thbg.png
INFO: [ app_init ] --START--
INFO: Run Behavior\BuildLiteBehavior [ RunTime:0.000016s ]
INFO: [ app_init ] --END-- [ RunTime:0.000597s ]
ERR: 无法加载模块:Application

[ 2018-06-27T13:26:23+08:00 ] ::1 /thinkphp_hotel/Application/Admin/Public/images/tab-thbg.png
INFO: [ app_init ] --START--
INFO: Run Behavior\BuildLiteBehavior [ RunTime:0.000015s ]
INFO: [ app_init ] --END-- [ RunTime:0.000482s ]
ERR: 无法加载模块:Application

[ 2018-06-27T13:26:25+08:00 ] ::1 /thinkphp_hotel/Application/Admin/Public/images/tab-thbg.png
INFO: [ app_init ] --START--
INFO: Run Behavior\BuildLiteBehavior [ RunTime:0.000038s ]
INFO: [ app_init ] --END-- [ RunTime:0.000867s ]
ERR: 无法加载模块:Application

[ 2018-06-27T13:27:22+08:00 ] ::1 /thinkphp_hotel/Application/Admin/Public/images/tab-thbg.png
INFO: [ app_init ] --START--
INFO: Run Behavior\BuildLiteBehavior [ RunTime:0.000018s ]
INFO: [ app_init ] --END-- [ RunTime:0.000780s ]
ERR: 无法加载模块:Application

[ 2018-06-27T13:27:24+08:00 ] ::1 /thinkphp_hotel/Application/Admin/Public/images/tab-thbg.png
INFO: [ app_init ] --START--
INFO: Run Behavior\BuildLiteBehavior [ RunTime:0.000024s ]
INFO: [ app_init ] --END-- [ RunTime:0.001142s ]
ERR: 无法加载模块:Application

[ 2018-06-27T13:27:24+08:00 ] ::1 /thinkphp_hotel/Application/Admin/Public/images/tab-thbg.png
INFO: [ app_init ] --START--
INFO: Run Behavior\BuildLiteBehavior [ RunTime:0.000015s ]
INFO: [ app_init ] --END-- [ RunTime:0.000701s ]
ERR: 无法加载模块:Application

[ 2018-06-27T13:27:25+08:00 ] ::1 /thinkphp_hotel/Application/Admin/Public/images/tab-thbg.png
INFO: [ app_init ] --START--
INFO: Run Behavior\BuildLiteBehavior [ RunTime:0.000193s ]
INFO: [ app_init ] --END-- [ RunTime:0.002492s ]
ERR: 无法加载模块:Application

[ 2018-06-27T13:27:26+08:00 ] ::1 /thinkphp_hotel/Application/Admin/Public/images/tab-thbg.png
INFO: [ app_init ] --START--
INFO: Run Behavior\BuildLiteBehavior [ RunTime:0.000015s ]
INFO: [ app_init ] --END-- [ RunTime:0.000487s ]
ERR: 无法加载模块:Application

[ 2018-06-27T13:33:28+08:00 ] ::1 /thinkphp_hotel/Application/Admin/Public/images/tab-thbg.png
INFO: [ app_init ] --START--
INFO: Run Behavior\BuildLiteBehavior [ RunTime:0.000024s ]
INFO: [ app_init ] --END-- [ RunTime:0.000981s ]
ERR: 无法加载模块:Application

[ 2018-06-27T13:36:35+08:00 ] ::1 /thinkphp_hotel/Application/Admin/Public/images/tab-thbg.png
INFO: [ app_init ] --START--
INFO: Run Behavior\BuildLiteBehavior [ RunTime:0.000021s ]
INFO: [ app_init ] --END-- [ RunTime:0.000735s ]
ERR: 无法加载模块:Application

[ 2018-06-27T13:42:35+08:00 ] ::1 /thinkphp_hotel/Application/Admin/Public/images/tab-thbg.png
INFO: [ app_init ] --START--
INFO: Run Behavior\BuildLiteBehavior [ RunTime:0.000026s ]
INFO: [ app_init ] --END-- [ RunTime:0.001007s ]
ERR: 无法加载模块:Application

[ 2018-06-27T13:51:27+08:00 ] ::1 /thinkphp_hotel/Application/Admin/Public/images/tab-thbg.png
INFO: [ app_init ] --START--
INFO: Run Behavior\BuildLiteBehavior [ RunTime:0.000039s ]
INFO: [ app_init ] --END-- [ RunTime:0.001030s ]
ERR: 无法加载模块:Application

[ 2018-06-27T13:51:42+08:00 ] ::1 /thinkphp_hotel/Application/Admin/Public/images/tab-thbg.png
INFO: [ app_init ] --START--
INFO: Run Behavior\BuildLiteBehavior [ RunTime:0.000023s ]
INFO: [ app_init ] --END-- [ RunTime:0.000884s ]
ERR: 无法加载模块:Application

[ 2018-06-27T13:52:50+08:00 ] ::1 /thinkphp_hotel/Application/Admin/Public/images/tab-thbg.png
INFO: [ app_init ] --START--
INFO: Run Behavior\BuildLiteBehavior [ RunTime:0.000022s ]
INFO: [ app_init ] --END-- [ RunTime:0.000640s ]
ERR: 无法加载模块:Application

[ 2018-06-27T13:59:32+08:00 ] ::1 /thinkphp_hotel/Application/Admin/Public/images/tab-thbg.png
INFO: [ app_init ] --START--
INFO: Run Behavior\BuildLiteBehavior [ RunTime:0.000022s ]
INFO: [ app_init ] --END-- [ RunTime:0.000715s ]
ERR: 无法加载模块:Application

[ 2018-06-27T14:16:31+08:00 ] ::1 /thinkphp_hotel/Application/Admin/Public/images/tab-thbg.png
INFO: [ app_init ] --START--
INFO: Run Behavior\BuildLiteBehavior [ RunTime:0.000025s ]
INFO: [ app_init ] --END-- [ RunTime:0.000884s ]
ERR: 无法加载模块:Application

[ 2018-06-27T14:26:40+08:00 ] ::1 /thinkphp_hotel/Application/Admin/Public/images/tab-thbg.png
INFO: [ app_init ] --START--
INFO: Run Behavior\BuildLiteBehavior [ RunTime:0.000016s ]
INFO: [ app_init ] --END-- [ RunTime:0.000516s ]
ERR: 无法加载模块:Application

[ 2018-06-27T14:26:41+08:00 ] ::1 /thinkphp_hotel/Application/Admin/Public/images/tab-thbg.png
INFO: [ app_init ] --START--
INFO: Run Behavior\BuildLiteBehavior [ RunTime:0.000022s ]
INFO: [ app_init ] --END-- [ RunTime:0.000811s ]
ERR: 无法加载模块:Application

[ 2018-06-27T14:26:42+08:00 ] ::1 /thinkphp_hotel/Application/Admin/Public/images/tab-thbg.png
INFO: [ app_init ] --START--
INFO: Run Behavior\BuildLiteBehavior [ RunTime:0.000239s ]
INFO: [ app_init ] --END-- [ RunTime:0.004900s ]
ERR: 无法加载模块:Application

[ 2018-06-27T14:27:42+08:00 ] ::1 /thinkphp_hotel/Application/Admin/Public/images/tab-thbg.png
INFO: [ app_init ] --START--
INFO: Run Behavior\BuildLiteBehavior [ RunTime:0.000027s ]
INFO: [ app_init ] --END-- [ RunTime:0.001069s ]
ERR: 无法加载模块:Application

[ 2018-06-27T14:27:44+08:00 ] ::1 /thinkphp_hotel/Application/Admin/Public/images/tab-thbg.png
INFO: [ app_init ] --START--
INFO: Run Behavior\BuildLiteBehavior [ RunTime:0.000027s ]
INFO: [ app_init ] --END-- [ RunTime:0.001018s ]
ERR: 无法加载模块:Application

[ 2018-06-27T14:33:53+08:00 ] ::1 /thinkphp_hotel/Application/Admin/Public/images/tab-thbg.png
INFO: [ app_init ] --START--
INFO: Run Behavior\BuildLiteBehavior [ RunTime:0.000015s ]
INFO: [ app_init ] --END-- [ RunTime:0.000493s ]
ERR: 无法加载模块:Application

[ 2018-06-27T14:33:54+08:00 ] ::1 /thinkphp_hotel/Application/Admin/Public/images/tab-thbg.png
INFO: [ app_init ] --START--
INFO: Run Behavior\BuildLiteBehavior [ RunTime:0.000024s ]
INFO: [ app_init ] --END-- [ RunTime:0.000562s ]
ERR: 无法加载模块:Application

[ 2018-06-27T14:33:57+08:00 ] ::1 /thinkphp_hotel/Application/Admin/Public/images/tab-thbg.png
INFO: [ app_init ] --START--
INFO: Run Behavior\BuildLiteBehavior [ RunTime:0.000015s ]
INFO: [ app_init ] --END-- [ RunTime:0.000498s ]
ERR: 无法加载模块:Application

[ 2018-06-27T14:33:57+08:00 ] ::1 /thinkphp_hotel/Application/Admin/Public/images/tab-thbg.png
INFO: [ app_init ] --START--
INFO: Run Behavior\BuildLiteBehavior [ RunTime:0.000015s ]
INFO: [ app_init ] --END-- [ RunTime:0.000513s ]
ERR: 无法加载模块:Application

[ 2018-06-27T14:34:06+08:00 ] ::1 /thinkphp_hotel/Application/Admin/Public/images/tab-thbg.png
INFO: [ app_init ] --START--
INFO: Run Behavior\BuildLiteBehavior [ RunTime:0.000015s ]
INFO: [ app_init ] --END-- [ RunTime:0.000471s ]
ERR: 无法加载模块:Application

[ 2018-06-27T14:38:35+08:00 ] ::1 /thinkphp_hotel/Application/Admin/Public/images/tab-thbg.png
INFO: [ app_init ] --START--
INFO: Run Behavior\BuildLiteBehavior [ RunTime:0.000014s ]
INFO: [ app_init ] --END-- [ RunTime:0.000490s ]
ERR: 无法加载模块:Application

[ 2018-06-27T14:39:02+08:00 ] ::1 /thinkphp_hotel/Application/Admin/Public/images/tab-thbg.png
INFO: [ app_init ] --START--
INFO: Run Behavior\BuildLiteBehavior [ RunTime:0.000022s ]
INFO: [ app_init ] --END-- [ RunTime:0.000871s ]
ERR: 无法加载模块:Application

[ 2018-06-27T14:41:18+08:00 ] ::1 /thinkphp_hotel/Application/Admin/Public/images/tab-thbg.png
INFO: [ app_init ] --START--
INFO: Run Behavior\BuildLiteBehavior [ RunTime:0.000014s ]
INFO: [ app_init ] --END-- [ RunTime:0.000443s ]
ERR: 无法加载模块:Application

[ 2018-06-27T14:41:22+08:00 ] ::1 /thinkphp_hotel/Application/Admin/Public/images/tab-thbg.png
INFO: [ app_init ] --START--
INFO: Run Behavior\BuildLiteBehavior [ RunTime:0.000016s ]
INFO: [ app_init ] --END-- [ RunTime:0.002386s ]
ERR: 无法加载模块:Application

[ 2018-06-27T14:41:26+08:00 ] ::1 /thinkphp_hotel/Application/Admin/Public/images/tab-thbg.png
INFO: [ app_init ] --START--
INFO: Run Behavior\BuildLiteBehavior [ RunTime:0.000059s ]
INFO: [ app_init ] --END-- [ RunTime:0.001050s ]
ERR: 无法加载模块:Application

[ 2018-06-27T14:41:58+08:00 ] ::1 /thinkphp_hotel/Application/Admin/Public/images/tab-thbg.png
INFO: [ app_init ] --START--
INFO: Run Behavior\BuildLiteBehavior [ RunTime:0.000027s ]
INFO: [ app_init ] --END-- [ RunTime:0.000980s ]
ERR: 无法加载模块:Application

[ 2018-06-27T14:42:15+08:00 ] ::1 /thinkphp_hotel/Application/Home/Public/images/tab-thbg.png
INFO: [ app_init ] --START--
INFO: Run Behavior\BuildLiteBehavior [ RunTime:0.000020s ]
INFO: [ app_init ] --END-- [ RunTime:0.000719s ]
ERR: 无法加载模块:Application

[ 2018-06-27T14:42:15+08:00 ] ::1 /thinkphp_hotel/Application/Home/Public/fonts/icomoon.woff
INFO: [ app_init ] --START--
INFO: Run Behavior\BuildLiteBehavior [ RunTime:0.000038s ]
INFO: [ app_init ] --END-- [ RunTime:0.000999s ]
ERR: 无法加载模块:Application

[ 2018-06-27T14:42:15+08:00 ] ::1 /thinkphp_hotel/Application/Home/Public/fonts/icomoon.ttf
INFO: [ app_init ] --START--
INFO: Run Behavior\BuildLiteBehavior [ RunTime:0.000013s ]
INFO: [ app_init ] --END-- [ RunTime:0.000396s ]
ERR: 无法加载模块:Application

[ 2018-06-27T14:42:18+08:00 ] ::1 /thinkphp_hotel/Application/Home/Public/fonts/icomoon.woff
INFO: [ app_init ] --START--
INFO: Run Behavior\BuildLiteBehavior [ RunTime:0.000025s ]
INFO: [ app_init ] --END-- [ RunTime:0.000789s ]
ERR: 无法加载模块:Application

[ 2018-06-27T14:42:18+08:00 ] ::1 /thinkphp_hotel/Application/Home/Public/images/tab-thbg.png
INFO: [ app_init ] --START--
INFO: Run Behavior\BuildLiteBehavior [ RunTime:0.000023s ]
INFO: [ app_init ] --END-- [ RunTime:0.000719s ]
ERR: 无法加载模块:Application

[ 2018-06-27T14:42:18+08:00 ] ::1 /thinkphp_hotel/Application/Home/Public/fonts/icomoon.ttf
INFO: [ app_init ] --START--
INFO: Run Behavior\BuildLiteBehavior [ RunTime:0.000029s ]
INFO: [ app_init ] --END-- [ RunTime:0.000803s ]
ERR: 无法加载模块:Application

[ 2018-06-27T14:42:44+08:00 ] ::1 /thinkphp_hotel/Application/Home/Public/images/tab-thbg.png
INFO: [ app_init ] --START--
INFO: Run Behavior\BuildLiteBehavior [ RunTime:0.000021s ]
INFO: [ app_init ] --END-- [ RunTime:0.000546s ]
ERR: 无法加载模块:Application

[ 2018-06-27T14:42:47+08:00 ] ::1 /thinkphp_hotel/Application/Home/Public/images/tab-thbg.png
INFO: [ app_init ] --START--
INFO: Run Behavior\BuildLiteBehavior [ RunTime:0.000022s ]
INFO: [ app_init ] --END-- [ RunTime:0.000624s ]
ERR: 无法加载模块:Application

[ 2018-06-27T14:47:53+08:00 ] ::1 /thinkphp_hotel/Application/Home/Public/images/tab-thbg.png
INFO: [ app_init ] --START--
INFO: Run Behavior\BuildLiteBehavior [ RunTime:0.000031s ]
INFO: [ app_init ] --END-- [ RunTime:0.000648s ]
ERR: 无法加载模块:Application

[ 2018-06-27T14:52:29+08:00 ] ::1 /thinkphp_hotel/Application/Admin/Public/images/tab-thbg.png
INFO: [ app_init ] --START--
INFO: Run Behavior\BuildLiteBehavior [ RunTime:0.000015s ]
INFO: [ app_init ] --END-- [ RunTime:0.000483s ]
ERR: 无法加载模块:Application

[ 2018-06-27T14:52:39+08:00 ] ::1 /thinkphp_hotel/Application/Admin/Public/images/tab-thbg.png
INFO: [ app_init ] --START--
INFO: Run Behavior\BuildLiteBehavior [ RunTime:0.000023s ]
INFO: [ app_init ] --END-- [ RunTime:0.000909s ]
ERR: 无法加载模块:Application

[ 2018-06-27T14:53:30+08:00 ] ::1 /thinkphp_hotel/Application/Admin/Public/images/tab-thbg.png
INFO: [ app_init ] --START--
INFO: Run Behavior\BuildLiteBehavior [ RunTime:0.000023s ]
INFO: [ app_init ] --END-- [ RunTime:0.000668s ]
ERR: 无法加载模块:Application

[ 2018-06-27T14:54:16+08:00 ] ::1 /thinkphp_hotel/Application/Admin/Public/images/tab-thbg.png
INFO: [ app_init ] --START--
INFO: Run Behavior\BuildLiteBehavior [ RunTime:0.000014s ]
INFO: [ app_init ] --END-- [ RunTime:0.000455s ]
ERR: 无法加载模块:Application

[ 2018-06-27T14:54:19+08:00 ] ::1 /thinkphp_hotel/Application/Admin/Public/images/tab-thbg.png
INFO: [ app_init ] --START--
INFO: Run Behavior\BuildLiteBehavior [ RunTime:0.000025s ]
INFO: [ app_init ] --END-- [ RunTime:0.000734s ]
ERR: 无法加载模块:Application

[ 2018-06-27T14:54:46+08:00 ] ::1 /thinkphp_hotel/Application/Admin/Public/images/tab-thbg.png
INFO: [ app_init ] --START--
INFO: Run Behavior\BuildLiteBehavior [ RunTime:0.000019s ]
INFO: [ app_init ] --END-- [ RunTime:0.000672s ]
ERR: 无法加载模块:Application

[ 2018-06-27T14:54:49+08:00 ] ::1 /thinkphp_hotel/Application/Admin/Public/images/tab-thbg.png
INFO: [ app_init ] --START--
INFO: Run Behavior\BuildLiteBehavior [ RunTime:0.000022s ]
INFO: [ app_init ] --END-- [ RunTime:0.000731s ]
ERR: 无法加载模块:Application

[ 2018-06-27T14:54:59+08:00 ] ::1 /thinkphp_hotel/Application/Admin/Public/images/tab-thbg.png
INFO: [ app_init ] --START--
INFO: Run Behavior\BuildLiteBehavior [ RunTime:0.000021s ]
INFO: [ app_init ] --END-- [ RunTime:0.000848s ]
ERR: 无法加载模块:Application

[ 2018-06-27T14:55:09+08:00 ] ::1 /thinkphp_hotel/Application/Admin/Public/images/tab-thbg.png
INFO: [ app_init ] --START--
INFO: Run Behavior\BuildLiteBehavior [ RunTime:0.000027s ]
INFO: [ app_init ] --END-- [ RunTime:0.000949s ]
ERR: 无法加载模块:Application

[ 2018-06-27T14:55:16+08:00 ] ::1 /thinkphp_hotel/Application/Admin/Public/images/tab-thbg.png
INFO: [ app_init ] --START--
INFO: Run Behavior\BuildLiteBehavior [ RunTime:0.000038s ]
INFO: [ app_init ] --END-- [ RunTime:0.001028s ]
ERR: 无法加载模块:Application

[ 2018-06-27T14:55:50+08:00 ] ::1 /thinkphp_hotel/Application/Admin/Public/images/tab-thbg.png
INFO: [ app_init ] --START--
INFO: Run Behavior\BuildLiteBehavior [ RunTime:0.000041s ]
INFO: [ app_init ] --END-- [ RunTime:0.002301s ]
ERR: 无法加载模块:Application

[ 2018-06-27T14:56:01+08:00 ] ::1 /thinkphp_hotel/Application/Admin/Public/images/tab-thbg.png
INFO: [ app_init ] --START--
INFO: Run Behavior\BuildLiteBehavior [ RunTime:0.000014s ]
INFO: [ app_init ] --END-- [ RunTime:0.000448s ]
ERR: 无法加载模块:Application

[ 2018-06-27T14:56:18+08:00 ] ::1 /thinkphp_hotel/Application/Admin/Public/images/tab-thbg.png
INFO: [ app_init ] --START--
INFO: Run Behavior\BuildLiteBehavior [ RunTime:0.000037s ]
INFO: [ app_init ] --END-- [ RunTime:0.000972s ]
ERR: 无法加载模块:Application

[ 2018-06-27T14:56:30+08:00 ] ::1 /thinkphp_hotel/Application/Admin/Public/images/tab-thbg.png
INFO: [ app_init ] --START--
INFO: Run Behavior\BuildLiteBehavior [ RunTime:0.000029s ]
INFO: [ app_init ] --END-- [ RunTime:0.000970s ]
ERR: 无法加载模块:Application

[ 2018-06-27T14:59:18+08:00 ] ::1 /thinkphp_hotel/Application/Admin/Public/images/tab-thbg.png
INFO: [ app_init ] --START--
INFO: Run Behavior\BuildLiteBehavior [ RunTime:0.000018s ]
INFO: [ app_init ] --END-- [ RunTime:0.000801s ]
ERR: 无法加载模块:Application

[ 2018-06-27T14:59:30+08:00 ] ::1 /thinkphp_hotel/Application/Admin/Public/images/tab-thbg.png
INFO: [ app_init ] --START--
INFO: Run Behavior\BuildLiteBehavior [ RunTime:0.000025s ]
INFO: [ app_init ] --END-- [ RunTime:0.000862s ]
ERR: 无法加载模块:Application

[ 2018-06-27T14:59:49+08:00 ] ::1 /thinkphp_hotel/Application/Admin/Public/images/tab-thbg.png
INFO: [ app_init ] --START--
INFO: Run Behavior\BuildLiteBehavior [ RunTime:0.000026s ]
INFO: [ app_init ] --END-- [ RunTime:0.000764s ]
ERR: 无法加载模块:Application

[ 2018-06-27T15:01:33+08:00 ] ::1 /thinkphp_hotel/Application/Admin/Public/images/tab-thbg.png
INFO: [ app_init ] --START--
INFO: Run Behavior\BuildLiteBehavior [ RunTime:0.000031s ]
INFO: [ app_init ] --END-- [ RunTime:0.001156s ]
ERR: 无法加载模块:Application

[ 2018-06-27T15:01:39+08:00 ] ::1 /thinkphp_hotel/Application/Admin/Public/images/tab-thbg.png
INFO: [ app_init ] --START--
INFO: Run Behavior\BuildLiteBehavior [ RunTime:0.000027s ]
INFO: [ app_init ] --END-- [ RunTime:0.000655s ]
ERR: 无法加载模块:Application

[ 2018-06-27T15:01:46+08:00 ] ::1 /thinkphp_hotel/Application/Admin/Public/images/tab-thbg.png
INFO: [ app_init ] --START--
INFO: Run Behavior\BuildLiteBehavior [ RunTime:0.000025s ]
INFO: [ app_init ] --END-- [ RunTime:0.001230s ]
ERR: 无法加载模块:Application

[ 2018-06-27T15:01:55+08:00 ] ::1 /thinkphp_hotel/Application/Admin/Public/images/tab-thbg.png
INFO: [ app_init ] --START--
INFO: Run Behavior\BuildLiteBehavior [ RunTime:0.000023s ]
INFO: [ app_init ] --END-- [ RunTime:0.000686s ]
ERR: 无法加载模块:Application

[ 2018-06-27T15:02:15+08:00 ] ::1 /thinkphp_hotel/Application/Admin/Public/images/tab-thbg.png
INFO: [ app_init ] --START--
INFO: Run Behavior\BuildLiteBehavior [ RunTime:0.000055s ]
INFO: [ app_init ] --END-- [ RunTime:0.001284s ]
ERR: 无法加载模块:Application

[ 2018-06-27T15:02:39+08:00 ] ::1 /thinkphp_hotel/Application/Admin/Public/images/tab-thbg.png
INFO: [ app_init ] --START--
INFO: Run Behavior\BuildLiteBehavior [ RunTime:0.000035s ]
INFO: [ app_init ] --END-- [ RunTime:0.000842s ]
ERR: 无法加载模块:Application

[ 2018-06-27T15:02:45+08:00 ] ::1 /thinkphp_hotel/Application/Admin/Public/images/tab-thbg.png
INFO: [ app_init ] --START--
INFO: Run Behavior\BuildLiteBehavior [ RunTime:0.000027s ]
INFO: [ app_init ] --END-- [ RunTime:0.000964s ]
ERR: 无法加载模块:Application

[ 2018-06-27T15:03:23+08:00 ] ::1 /thinkphp_hotel/Application/Admin/Public/images/tab-thbg.png
INFO: [ app_init ] --START--
INFO: Run Behavior\BuildLiteBehavior [ RunTime:0.000026s ]
INFO: [ app_init ] --END-- [ RunTime:0.000788s ]
ERR: 无法加载模块:Application

[ 2018-06-27T15:04:09+08:00 ] ::1 /thinkphp_hotel/Application/Admin/Public/images/tab-thbg.png
INFO: [ app_init ] --START--
INFO: Run Behavior\BuildLiteBehavior [ RunTime:0.000026s ]
INFO: [ app_init ] --END-- [ RunTime:0.000917s ]
ERR: 无法加载模块:Application

[ 2018-06-27T15:04:11+08:00 ] ::1 /thinkphp_hotel/Application/Admin/Public/images/tab-thbg.png
INFO: [ app_init ] --START--
INFO: Run Behavior\BuildLiteBehavior [ RunTime:0.000015s ]
INFO: [ app_init ] --END-- [ RunTime:0.000459s ]
ERR: 无法加载模块:Application

[ 2018-06-27T15:04:12+08:00 ] ::1 /thinkphp_hotel/Application/Admin/Public/images/tab-thbg.png
INFO: [ app_init ] --START--
INFO: Run Behavior\BuildLiteBehavior [ RunTime:0.000023s ]
INFO: [ app_init ] --END-- [ RunTime:0.000995s ]
ERR: 无法加载模块:Application

[ 2018-06-27T15:04:14+08:00 ] ::1 /thinkphp_hotel/Application/Admin/Public/images/tab-thbg.png
INFO: [ app_init ] --START--
INFO: Run Behavior\BuildLiteBehavior [ RunTime:0.000142s ]
INFO: [ app_init ] --END-- [ RunTime:0.003429s ]
ERR: 无法加载模块:Application

[ 2018-06-27T15:12:34+08:00 ] ::1 /thinkphp_hotel/Application/Admin/Public/images/tab-thbg.png
INFO: [ app_init ] --START--
INFO: Run Behavior\BuildLiteBehavior [ RunTime:0.000023s ]
INFO: [ app_init ] --END-- [ RunTime:0.000629s ]
ERR: 无法加载模块:Application

[ 2018-06-27T15:12:37+08:00 ] ::1 /thinkphp_hotel/Application/Admin/Public/images/tab-thbg.png
INFO: [ app_init ] --START--
INFO: Run Behavior\BuildLiteBehavior [ RunTime:0.000017s ]
INFO: [ app_init ] --END-- [ RunTime:0.000689s ]
ERR: 无法加载模块:Application

[ 2018-06-27T15:14:25+08:00 ] ::1 /thinkphp_hotel/Application/Admin/Public/images/tab-thbg.png
INFO: [ app_init ] --START--
INFO: Run Behavior\BuildLiteBehavior [ RunTime:0.000015s ]
INFO: [ app_init ] --END-- [ RunTime:0.000452s ]
ERR: 无法加载模块:Application

[ 2018-06-27T15:14:28+08:00 ] ::1 /thinkphp_hotel/Application/Admin/Public/images/tab-thbg.png
INFO: [ app_init ] --START--
INFO: Run Behavior\BuildLiteBehavior [ RunTime:0.000023s ]
INFO: [ app_init ] --END-- [ RunTime:0.000702s ]
ERR: 无法加载模块:Application

[ 2018-06-27T15:15:30+08:00 ] ::1 /thinkphp_hotel/Application/Admin/Public/images/tab-thbg.png
INFO: [ app_init ] --START--
INFO: Run Behavior\BuildLiteBehavior [ RunTime:0.000039s ]
INFO: [ app_init ] --END-- [ RunTime:0.000788s ]
ERR: 无法加载模块:Application

[ 2018-06-27T15:16:58+08:00 ] ::1 /thinkphp_hotel/Application/Admin/Public/images/tab-thbg.png
INFO: [ app_init ] --START--
INFO: Run Behavior\BuildLiteBehavior [ RunTime:0.000111s ]
INFO: [ app_init ] --END-- [ RunTime:0.001307s ]
ERR: 无法加载模块:Application

[ 2018-06-27T15:17:04+08:00 ] ::1 /thinkphp_hotel/Application/Admin/Public/images/tab-thbg.png
INFO: [ app_init ] --START--
INFO: Run Behavior\BuildLiteBehavior [ RunTime:0.000038s ]
INFO: [ app_init ] --END-- [ RunTime:0.000813s ]
ERR: 无法加载模块:Application

[ 2018-06-27T15:17:14+08:00 ] ::1 /thinkphp_hotel/Application/Admin/Public/images/tab-thbg.png
INFO: [ app_init ] --START--
INFO: Run Behavior\BuildLiteBehavior [ RunTime:0.000017s ]
INFO: [ app_init ] --END-- [ RunTime:0.000691s ]
ERR: 无法加载模块:Application

[ 2018-06-27T15:22:51+08:00 ] ::1 /thinkphp_hotel/Application/Admin/Public/images/tab-thbg.png
INFO: [ app_init ] --START--
INFO: Run Behavior\BuildLiteBehavior [ RunTime:0.000014s ]
INFO: [ app_init ] --END-- [ RunTime:0.000514s ]
ERR: 无法加载模块:Application

[ 2018-06-27T15:22:54+08:00 ] ::1 /thinkphp_hotel/Application/Admin/Public/images/tab-thbg.png
INFO: [ app_init ] --START--
INFO: Run Behavior\BuildLiteBehavior [ RunTime:0.000023s ]
INFO: [ app_init ] --END-- [ RunTime:0.000788s ]
ERR: 无法加载模块:Application

[ 2018-06-27T15:34:21+08:00 ] ::1 /thinkphp_hotel/Application/Admin/Public/images/tab-thbg.png
INFO: [ app_init ] --START--
INFO: Run Behavior\BuildLiteBehavior [ RunTime:0.000024s ]
INFO: [ app_init ] --END-- [ RunTime:0.001074s ]
ERR: 无法加载模块:Application

[ 2018-06-27T15:34:24+08:00 ] ::1 /thinkphp_hotel/Application/Admin/Public/images/tab-thbg.png
INFO: [ app_init ] --START--
INFO: Run Behavior\BuildLiteBehavior [ RunTime:0.000023s ]
INFO: [ app_init ] --END-- [ RunTime:0.000752s ]
ERR: 无法加载模块:Application

[ 2018-06-27T16:13:58+08:00 ] ::1 /thinkphp_hotel/Application/Admin/Public/images/tab-thbg.png
INFO: [ app_init ] --START--
INFO: Run Behavior\BuildLiteBehavior [ RunTime:0.000025s ]
INFO: [ app_init ] --END-- [ RunTime:0.000931s ]
ERR: 无法加载模块:Application

[ 2018-06-27T16:14:02+08:00 ] ::1 /thinkphp_hotel/Application/Admin/Public/images/tab-thbg.png
INFO: [ app_init ] --START--
INFO: Run Behavior\BuildLiteBehavior [ RunTime:0.000021s ]
INFO: [ app_init ] --END-- [ RunTime:0.000659s ]
ERR: 无法加载模块:Application

[ 2018-06-27T16:58:06+08:00 ] ::1 /thinkphp_hotel/Application/Admin/Public/images/tab-thbg.png
INFO: [ app_init ] --START--
INFO: Run Behavior\BuildLiteBehavior [ RunTime:0.000025s ]
INFO: [ app_init ] --END-- [ RunTime:0.000797s ]
ERR: 无法加载模块:Application

[ 2018-06-27T16:58:17+08:00 ] ::1 /thinkphp_hotel/Application/Admin/Public/images/tab-thbg.png
INFO: [ app_init ] --START--
INFO: Run Behavior\BuildLiteBehavior [ RunTime:0.000015s ]
INFO: [ app_init ] --END-- [ RunTime:0.000463s ]
ERR: 无法加载模块:Application

[ 2018-06-27T16:59:42+08:00 ] ::1 /thinkphp_hotel/Application/Admin/Public/images/tab-thbg.png
INFO: [ app_init ] --START--
INFO: Run Behavior\BuildLiteBehavior [ RunTime:0.000022s ]
INFO: [ app_init ] --END-- [ RunTime:0.000730s ]
ERR: 无法加载模块:Application

[ 2018-06-27T16:59:45+08:00 ] ::1 /thinkphp_hotel/Application/Admin/Public/images/tab-thbg.png
INFO: [ app_init ] --START--
INFO: Run Behavior\BuildLiteBehavior [ RunTime:0.000025s ]
INFO: [ app_init ] --END-- [ RunTime:0.000787s ]
ERR: 无法加载模块:Application

[ 2018-06-27T17:00:13+08:00 ] ::1 /thinkphp_hotel/Application/Admin/Public/images/tab-thbg.png
INFO: [ app_init ] --START--
INFO: Run Behavior\BuildLiteBehavior [ RunTime:0.000022s ]
INFO: [ app_init ] --END-- [ RunTime:0.000613s ]
ERR: 无法加载模块:Application

[ 2018-06-27T17:00:49+08:00 ] ::1 /thinkphp_hotel/Application/Admin/Public/images/tab-thbg.png
INFO: [ app_init ] --START--
INFO: Run Behavior\BuildLiteBehavior [ RunTime:0.000021s ]
INFO: [ app_init ] --END-- [ RunTime:0.000633s ]
ERR: 无法加载模块:Application

[ 2018-06-27T17:00:54+08:00 ] ::1 /thinkphp_hotel/Application/Admin/Public/images/tab-thbg.png
INFO: [ app_init ] --START--
INFO: Run Behavior\BuildLiteBehavior [ RunTime:0.000022s ]
INFO: [ app_init ] --END-- [ RunTime:0.000713s ]
ERR: 无法加载模块:Application

[ 2018-06-27T17:01:12+08:00 ] ::1 /thinkphp_hotel/Application/Admin/Public/images/tab-thbg.png
INFO: [ app_init ] --START--
INFO: Run Behavior\BuildLiteBehavior [ RunTime:0.000015s ]
INFO: [ app_init ] --END-- [ RunTime:0.000466s ]
ERR: 无法加载模块:Application

[ 2018-06-27T17:01:16+08:00 ] ::1 /thinkphp_hotel/Application/Admin/Public/images/tab-thbg.png
INFO: [ app_init ] --START--
INFO: Run Behavior\BuildLiteBehavior [ RunTime:0.000021s ]
INFO: [ app_init ] --END-- [ RunTime:0.000750s ]
ERR: 无法加载模块:Application

[ 2018-06-27T17:01:52+08:00 ] ::1 /thinkphp_hotel/Application/Admin/Public/images/tab-thbg.png
INFO: [ app_init ] --START--
INFO: Run Behavior\BuildLiteBehavior [ RunTime:0.000024s ]
INFO: [ app_init ] --END-- [ RunTime:0.000678s ]
ERR: 无法加载模块:Application

[ 2018-06-27T17:01:54+08:00 ] ::1 /thinkphp_hotel/Application/Admin/Public/images/tab-thbg.png
INFO: [ app_init ] --START--
INFO: Run Behavior\BuildLiteBehavior [ RunTime:0.000015s ]
INFO: [ app_init ] --END-- [ RunTime:0.000428s ]
ERR: 无法加载模块:Application

[ 2018-06-27T17:03:03+08:00 ] ::1 /thinkphp_hotel/Application/Admin/Public/images/tab-thbg.png
INFO: [ app_init ] --START--
INFO: Run Behavior\BuildLiteBehavior [ RunTime:0.000019s ]
INFO: [ app_init ] --END-- [ RunTime:0.000658s ]
ERR: 无法加载模块:Application

[ 2018-06-27T17:04:05+08:00 ] ::1 /thinkphp_hotel/Application/Admin/Public/images/tab-thbg.png
INFO: [ app_init ] --START--
INFO: Run Behavior\BuildLiteBehavior [ RunTime:0.000024s ]
INFO: [ app_init ] --END-- [ RunTime:0.000725s ]
ERR: 无法加载模块:Application

[ 2018-06-27T17:04:29+08:00 ] ::1 /thinkphp_hotel/Application/Admin/Public/images/tab-thbg.png
INFO: [ app_init ] --START--
INFO: Run Behavior\BuildLiteBehavior [ RunTime:0.000023s ]
INFO: [ app_init ] --END-- [ RunTime:0.000748s ]
ERR: 无法加载模块:Application

[ 2018-06-27T17:05:10+08:00 ] ::1 /thinkphp_hotel/Application/Admin/Public/images/tab-thbg.png
INFO: [ app_init ] --START--
INFO: Run Behavior\BuildLiteBehavior [ RunTime:0.000026s ]
INFO: [ app_init ] --END-- [ RunTime:0.000851s ]
ERR: 无法加载模块:Application

[ 2018-06-27T17:05:23+08:00 ] ::1 /thinkphp_hotel/Application/Admin/Public/images/tab-thbg.png
INFO: [ app_init ] --START--
INFO: Run Behavior\BuildLiteBehavior [ RunTime:0.000023s ]
INFO: [ app_init ] --END-- [ RunTime:0.000919s ]
ERR: 无法加载模块:Application

[ 2018-06-27T17:05:28+08:00 ] ::1 /thinkphp_hotel/Application/Admin/Public/images/tab-thbg.png
INFO: [ app_init ] --START--
INFO: Run Behavior\BuildLiteBehavior [ RunTime:0.000022s ]
INFO: [ app_init ] --END-- [ RunTime:0.000713s ]
ERR: 无法加载模块:Application

[ 2018-06-27T17:07:02+08:00 ] ::1 /thinkphp_hotel/Application/Admin/Public/images/tab-thbg.png
INFO: [ app_init ] --START--
INFO: Run Behavior\BuildLiteBehavior [ RunTime:0.000024s ]
INFO: [ app_init ] --END-- [ RunTime:0.001711s ]
ERR: 无法加载模块:Application

[ 2018-06-27T17:07:03+08:00 ] ::1 /thinkphp_hotel/Application/Admin/Public/images/tab-thbg.png
INFO: [ app_init ] --START--
INFO: Run Behavior\BuildLiteBehavior [ RunTime:0.000025s ]
INFO: [ app_init ] --END-- [ RunTime:0.002384s ]
ERR: 无法加载模块:Application

[ 2018-06-27T17:07:03+08:00 ] ::1 /thinkphp_hotel/Application/Admin/Public/images/tab-thbg.png
INFO: [ app_init ] --START--
INFO: Run Behavior\BuildLiteBehavior [ RunTime:0.000018s ]
INFO: [ app_init ] --END-- [ RunTime:0.000505s ]
ERR: 无法加载模块:Application

[ 2018-06-27T17:07:04+08:00 ] ::1 /thinkphp_hotel/Application/Admin/Public/images/tab-thbg.png
INFO: [ app_init ] --START--
INFO: Run Behavior\BuildLiteBehavior [ RunTime:0.000029s ]
INFO: [ app_init ] --END-- [ RunTime:0.000758s ]
ERR: 无法加载模块:Application

[ 2018-06-27T17:08:03+08:00 ] ::1 /thinkphp_hotel/Application/Admin/Public/images/tab-thbg.png
INFO: [ app_init ] --START--
INFO: Run Behavior\BuildLiteBehavior [ RunTime:0.000030s ]
INFO: [ app_init ] --END-- [ RunTime:0.000656s ]
ERR: 无法加载模块:Application

[ 2018-06-27T17:08:06+08:00 ] ::1 /thinkphp_hotel/Application/Admin/Public/images/tab-thbg.png
INFO: [ app_init ] --START--
INFO: Run Behavior\BuildLiteBehavior [ RunTime:0.000024s ]
INFO: [ app_init ] --END-- [ RunTime:0.000802s ]
ERR: 无法加载模块:Application

[ 2018-06-27T17:09:29+08:00 ] ::1 /thinkphp_hotel/Application/Admin/Public/images/tab-thbg.png
INFO: [ app_init ] --START--
INFO: Run Behavior\BuildLiteBehavior [ RunTime:0.000026s ]
INFO: [ app_init ] --END-- [ RunTime:0.001178s ]
ERR: 无法加载模块:Application

[ 2018-06-27T17:17:51+08:00 ] ::1 /thinkphp_hotel/Application/Admin/Public/images/tab-thbg.png
INFO: [ app_init ] --START--
INFO: Run Behavior\BuildLiteBehavior [ RunTime:0.000038s ]
INFO: [ app_init ] --END-- [ RunTime:0.000739s ]
ERR: 无法加载模块:Application

[ 2018-06-27T17:18:12+08:00 ] ::1 /thinkphp_hotel/Application/Admin/Public/images/tab-thbg.png
INFO: [ app_init ] --START--
INFO: Run Behavior\BuildLiteBehavior [ RunTime:0.000025s ]
INFO: [ app_init ] --END-- [ RunTime:0.000691s ]
ERR: 无法加载模块:Application

[ 2018-06-27T17:33:43+08:00 ] ::1 /thinkphp_hotel/Application/Admin/Public/images/tab-thbg.png
INFO: [ app_init ] --START--
INFO: Run Behavior\BuildLiteBehavior [ RunTime:0.000054s ]
INFO: [ app_init ] --END-- [ RunTime:0.000764s ]
ERR: 无法加载模块:Application

[ 2018-06-27T17:33:48+08:00 ] ::1 /thinkphp_hotel/Application/Admin/Public/images/tab-thbg.png
INFO: [ app_init ] --START--
INFO: Run Behavior\BuildLiteBehavior [ RunTime:0.000049s ]
INFO: [ app_init ] --END-- [ RunTime:0.000807s ]
ERR: 无法加载模块:Application

[ 2018-06-27T17:45:10+08:00 ] ::1 /thinkphp_hotel/Application/Admin/Public/images/tab-thbg.png
INFO: [ app_init ] --START--
INFO: Run Behavior\BuildLiteBehavior [ RunTime:0.000059s ]
INFO: [ app_init ] --END-- [ RunTime:0.001230s ]
ERR: 无法加载模块:Application

[ 2018-06-27T17:45:14+08:00 ] ::1 /thinkphp_hotel/Application/Admin/Public/images/tab-thbg.png
INFO: [ app_init ] --START--
INFO: Run Behavior\BuildLiteBehavior [ RunTime:0.000025s ]
INFO: [ app_init ] --END-- [ RunTime:0.000970s ]
ERR: 无法加载模块:Application

[ 2018-06-27T17:52:45+08:00 ] ::1 /thinkphp_hotel/Application/Admin/Public/images/tab-thbg.png
INFO: [ app_init ] --START--
INFO: Run Behavior\BuildLiteBehavior [ RunTime:0.000023s ]
INFO: [ app_init ] --END-- [ RunTime:0.000692s ]
ERR: 无法加载模块:Application

[ 2018-06-27T17:52:48+08:00 ] ::1 /thinkphp_hotel/Application/Admin/Public/images/tab-thbg.png
INFO: [ app_init ] --START--
INFO: Run Behavior\BuildLiteBehavior [ RunTime:0.000034s ]
INFO: [ app_init ] --END-- [ RunTime:0.001336s ]
ERR: 无法加载模块:Application

[ 2018-06-27T17:52:51+08:00 ] ::1 /thinkphp_hotel/Application/Admin/Public/images/tab-thbg.png
INFO: [ app_init ] --START--
INFO: Run Behavior\BuildLiteBehavior [ RunTime:0.000037s ]
INFO: [ app_init ] --END-- [ RunTime:0.000731s ]
ERR: 无法加载模块:Application

[ 2018-06-27T17:52:54+08:00 ] ::1 /thinkphp_hotel/Application/Admin/Public/images/tab-thbg.png
INFO: [ app_init ] --START--
INFO: Run Behavior\BuildLiteBehavior [ RunTime:0.000034s ]
INFO: [ app_init ] --END-- [ RunTime:0.002131s ]
ERR: 无法加载模块:Application

[ 2018-06-27T17:53:38+08:00 ] ::1 /thinkphp_hotel/Application/Admin/Public/images/tab-thbg.png
INFO: [ app_init ] --START--
INFO: Run Behavior\BuildLiteBehavior [ RunTime:0.000017s ]
INFO: [ app_init ] --END-- [ RunTime:0.000560s ]
ERR: 无法加载模块:Application

[ 2018-06-27T17:53:41+08:00 ] ::1 /thinkphp_hotel/Application/Admin/Public/images/tab-thbg.png
INFO: [ app_init ] --START--
INFO: Run Behavior\BuildLiteBehavior [ RunTime:0.000025s ]
INFO: [ app_init ] --END-- [ RunTime:0.000728s ]
ERR: 无法加载模块:Application

[ 2018-06-27T17:54:25+08:00 ] ::1 /thinkphp_hotel/Application/Admin/Public/images/tab-thbg.png
INFO: [ app_init ] --START--
INFO: Run Behavior\BuildLiteBehavior [ RunTime:0.000021s ]
INFO: [ app_init ] --END-- [ RunTime:0.000483s ]
ERR: 无法加载模块:Application

[ 2018-06-27T17:54:28+08:00 ] ::1 /thinkphp_hotel/Application/Admin/Public/images/tab-thbg.png
INFO: [ app_init ] --START--
INFO: Run Behavior\BuildLiteBehavior [ RunTime:0.000020s ]
INFO: [ app_init ] --END-- [ RunTime:0.000588s ]
ERR: 无法加载模块:Application

[ 2018-06-27T17:54:38+08:00 ] ::1 /thinkphp_hotel/Application/Admin/Public/images/tab-thbg.png
INFO: [ app_init ] --START--
INFO: Run Behavior\BuildLiteBehavior [ RunTime:0.000020s ]
INFO: [ app_init ] --END-- [ RunTime:0.000589s ]
ERR: 无法加载模块:Application

[ 2018-06-27T17:54:43+08:00 ] ::1 /thinkphp_hotel/Application/Admin/Public/images/tab-thbg.png
INFO: [ app_init ] --START--
INFO: Run Behavior\BuildLiteBehavior [ RunTime:0.000018s ]
INFO: [ app_init ] --END-- [ RunTime:0.002588s ]
ERR: 无法加载模块:Application

[ 2018-06-27T17:55:11+08:00 ] ::1 /thinkphp_hotel/Application/Admin/Public/images/tab-thbg.png
INFO: [ app_init ] --START--
INFO: Run Behavior\BuildLiteBehavior [ RunTime:0.000024s ]
INFO: [ app_init ] --END-- [ RunTime:0.000733s ]
ERR: 无法加载模块:Application

[ 2018-06-27T17:55:13+08:00 ] ::1 /thinkphp_hotel/Application/Admin/Public/images/tab-thbg.png
INFO: [ app_init ] --START--
INFO: Run Behavior\BuildLiteBehavior [ RunTime:0.000015s ]
INFO: [ app_init ] --END-- [ RunTime:0.000452s ]
ERR: 无法加载模块:Application

[ 2018-06-27T17:56:29+08:00 ] ::1 /thinkphp_hotel/Application/Admin/Public/images/tab-thbg.png
INFO: [ app_init ] --START--
INFO: Run Behavior\BuildLiteBehavior [ RunTime:0.000028s ]
INFO: [ app_init ] --END-- [ RunTime:0.000930s ]
ERR: 无法加载模块:Application

[ 2018-06-27T17:56:32+08:00 ] ::1 /thinkphp_hotel/Application/Admin/Public/images/tab-thbg.png
INFO: [ app_init ] --START--
INFO: Run Behavior\BuildLiteBehavior [ RunTime:0.000023s ]
INFO: [ app_init ] --END-- [ RunTime:0.000477s ]
ERR: 无法加载模块:Application

[ 2018-06-27T17:59:07+08:00 ] ::1 /thinkphp_hotel/Application/Home/Public/images/tab-thbg.png
INFO: [ app_init ] --START--
INFO: Run Behavior\BuildLiteBehavior [ RunTime:0.000026s ]
INFO: [ app_init ] --END-- [ RunTime:0.000884s ]
ERR: 无法加载模块:Application

[ 2018-06-27T17:59:09+08:00 ] ::1 /thinkphp_hotel/Application/Home/Public/images/tab-thbg.png
INFO: [ app_init ] --START--
INFO: Run Behavior\BuildLiteBehavior [ RunTime:0.000028s ]
INFO: [ app_init ] --END-- [ RunTime:0.000778s ]
ERR: 无法加载模块:Application

[ 2018-06-27T17:59:13+08:00 ] ::1 /thinkphp_hotel/Application/Home/Public/fonts/icomoon.woff
INFO: [ app_init ] --START--
INFO: Run Behavior\BuildLiteBehavior [ RunTime:0.000133s ]
INFO: [ app_init ] --END-- [ RunTime:0.002661s ]
ERR: 无法加载模块:Application

[ 2018-06-27T17:59:13+08:00 ] ::1 /thinkphp_hotel/Application/Home/Public/fonts/icomoon.ttf
INFO: [ app_init ] --START--
INFO: Run Behavior\BuildLiteBehavior [ RunTime:0.000057s ]
INFO: [ app_init ] --END-- [ RunTime:0.001359s ]
ERR: 无法加载模块:Application

[ 2018-06-27T18:25:22+08:00 ] ::1 /thinkphp_hotel/Application/Admin/Public/images/tab-thbg.png
INFO: [ app_init ] --START--
INFO: Run Behavior\BuildLiteBehavior [ RunTime:0.000026s ]
INFO: [ app_init ] --END-- [ RunTime:0.000836s ]
ERR: 无法加载模块:Application

[ 2018-06-27T18:25:43+08:00 ] ::1 /thinkphp_hotel/Application/Admin/Public/images/tab-thbg.png
INFO: [ app_init ] --START--
INFO: Run Behavior\BuildLiteBehavior [ RunTime:0.000027s ]
INFO: [ app_init ] --END-- [ RunTime:0.000842s ]
ERR: 无法加载模块:Application

[ 2018-06-27T18:26:03+08:00 ] ::1 /thinkphp_hotel/Application/Admin/Public/images/tab-thbg.png
INFO: [ app_init ] --START--
INFO: Run Behavior\BuildLiteBehavior [ RunTime:0.000020s ]
INFO: [ app_init ] --END-- [ RunTime:0.000688s ]
ERR: 无法加载模块:Application

[ 2018-06-27T19:26:15+08:00 ] ::1 /thinkphp_hotel/Application/Admin/Public/images/tab-thbg.png
INFO: [ app_init ] --START--
INFO: Run Behavior\BuildLiteBehavior [ RunTime:0.000018s ]
INFO: [ app_init ] --END-- [ RunTime:0.000590s ]
ERR: 无法加载模块:Application

[ 2018-06-27T19:26:20+08:00 ] ::1 /thinkphp_hotel/Application/Admin/Public/images/tab-thbg.png
INFO: [ app_init ] --START--
INFO: Run Behavior\BuildLiteBehavior [ RunTime:0.000031s ]
INFO: [ app_init ] --END-- [ RunTime:0.000889s ]
ERR: 无法加载模块:Application

[ 2018-06-27T19:26:42+08:00 ] ::1 /thinkphp_hotel/Application/Admin/Public/images/tab-thbg.png
INFO: [ app_init ] --START--
INFO: Run Behavior\BuildLiteBehavior [ RunTime:0.000021s ]
INFO: [ app_init ] --END-- [ RunTime:0.000687s ]
ERR: 无法加载模块:Application

[ 2018-06-27T19:26:44+08:00 ] ::1 /thinkphp_hotel/Application/Admin/Public/images/tab-thbg.png
INFO: [ app_init ] --START--
INFO: Run Behavior\BuildLiteBehavior [ RunTime:0.000016s ]
INFO: [ app_init ] --END-- [ RunTime:0.000466s ]
ERR: 无法加载模块:Application

[ 2018-06-27T19:26:51+08:00 ] ::1 /thinkphp_hotel/Application/Admin/Public/images/tab-thbg.png
INFO: [ app_init ] --START--
INFO: Run Behavior\BuildLiteBehavior [ RunTime:0.000033s ]
INFO: [ app_init ] --END-- [ RunTime:0.001579s ]
ERR: 无法加载模块:Application

[ 2018-06-27T19:37:05+08:00 ] ::1 /thinkphp_hotel/Application/Admin/Public/images/tab-thbg.png
INFO: [ app_init ] --START--
INFO: Run Behavior\BuildLiteBehavior [ RunTime:0.000021s ]
INFO: [ app_init ] --END-- [ RunTime:0.000698s ]
ERR: 无法加载模块:Application

[ 2018-06-27T19:42:07+08:00 ] ::1 /thinkphp_hotel/Application/Admin/Public/images/tab-thbg.png
INFO: [ app_init ] --START--
INFO: Run Behavior\BuildLiteBehavior [ RunTime:0.000074s ]
INFO: [ app_init ] --END-- [ RunTime:0.002297s ]
ERR: 无法加载模块:Application

[ 2018-06-27T19:44:57+08:00 ] ::1 /thinkphp_hotel/Application/Admin/Public/images/tab-thbg.png
INFO: [ app_init ] --START--
INFO: Run Behavior\BuildLiteBehavior [ RunTime:0.000024s ]
INFO: [ app_init ] --END-- [ RunTime:0.000740s ]
ERR: 无法加载模块:Application

[ 2018-06-27T19:45:25+08:00 ] ::1 /thinkphp_hotel/Application/Admin/Public/images/tab-thbg.png
INFO: [ app_init ] --START--
INFO: Run Behavior\BuildLiteBehavior [ RunTime:0.000026s ]
INFO: [ app_init ] --END-- [ RunTime:0.000878s ]
ERR: 无法加载模块:Application

[ 2018-06-27T19:45:53+08:00 ] ::1 /thinkphp_hotel/Application/Admin/Public/images/tab-thbg.png
INFO: [ app_init ] --START--
INFO: Run Behavior\BuildLiteBehavior [ RunTime:0.000015s ]
INFO: [ app_init ] --END-- [ RunTime:0.000494s ]
ERR: 无法加载模块:Application

[ 2018-06-27T19:46:42+08:00 ] ::1 /thinkphp_hotel/Application/Admin/Public/images/tab-thbg.png
INFO: [ app_init ] --START--
INFO: Run Behavior\BuildLiteBehavior [ RunTime:0.000025s ]
INFO: [ app_init ] --END-- [ RunTime:0.000794s ]
ERR: 无法加载模块:Application

[ 2018-06-27T19:47:15+08:00 ] ::1 /thinkphp_hotel/Application/Admin/Public/images/tab-thbg.png
INFO: [ app_init ] --START--
INFO: Run Behavior\BuildLiteBehavior [ RunTime:0.000028s ]
INFO: [ app_init ] --END-- [ RunTime:0.000974s ]
ERR: 无法加载模块:Application

[ 2018-06-27T19:48:46+08:00 ] ::1 /thinkphp_hotel/Application/Admin/Public/images/tab-thbg.png
INFO: [ app_init ] --START--
INFO: Run Behavior\BuildLiteBehavior [ RunTime:0.000023s ]
INFO: [ app_init ] --END-- [ RunTime:0.000649s ]
ERR: 无法加载模块:Application

